# JRE version: Java(TM) SE Runtime Environment (18.0.1.1+2) (build 18.0.1.1+2-6)
# Java VM: Java HotSpot(TM) 64-Bit Server VM (18.0.1.1+2-6, mixed mode, sharing, tiered, compressed oops, compressed class ptrs, g1 gc, windows-amd64)
GC Precious Log:
 CardTable entry size: 512
 Card Set container configuration: InlinePtr #cards 5 size 8 Array Of Cards #cards 12 size 40 Howl #buckets 4 coarsen threshold 1843 Howl Bitmap #cards 512 size 80 coarsen threshold 460 Card regions per heap region 1 cards per card region 2048
 CPUs: 8 total, 8 available
 Memory: 8023M
 Large Page Support: Disabled
 NUMA Support: Disabled
 Compressed Oops: Enabled (32-bit)
 Heap Region Size: 1M
 Heap Min Capacity: 8M
 Heap Initial Capacity: 126M
 Heap Max Capacity: 2G
 Pre-touch: Disabled
 Parallel Workers: 8
 Concurrent Workers: 2
 Concurrent Refinement Workers: 8
 Periodic GC: Disabled
Heap:
 garbage-first heap   total 322560K, used 185775K [0x0000000080000000, 0x0000000100000000)
  region size 1024K, 2 young (2048K), 2 survivors (2048K)
 Metaspace       used 96034K, committed 97920K, reserved 1179648K
  class space    used 13189K, committed 14144K, reserved 1048576K
GC Heap History (20 events):
Event: 8.334 GC heap after
{Heap after GC invocations=27 (full 0):
 garbage-first heap   total 148480K, used 81833K [0x0000000080000000, 0x0000000100000000)
  region size 1024K, 3 young (3072K), 3 survivors (3072K)
 Metaspace       used 79147K, committed 80896K, reserved 1179648K
  class space    used 10802K, committed 11712K, reserved 1048576K
}
Event: 8.347 GC heap before
{Heap before GC invocations=27 (full 0):
 garbage-first heap   total 148480K, used 85929K [0x0000000080000000, 0x0000000100000000)
  region size 1024K, 7 young (7168K), 3 survivors (3072K)
 Metaspace       used 79151K, committed 80896K, reserved 1179648K
  class space    used 10802K, committed 11712K, reserved 1048576K
}
Event: 8.349 GC heap after
{Heap after GC invocations=28 (full 0):
 garbage-first heap   total 148480K, used 82272K [0x0000000080000000, 0x0000000100000000)
  region size 1024K, 1 young (1024K), 1 survivors (1024K)
 Metaspace       used 79151K, committed 80896K, reserved 1179648K
  class space    used 10802K, committed 11712K, reserved 1048576K
}
Event: 8.660 GC heap before
{Heap before GC invocations=28 (full 0):
 garbage-first heap   total 148480K, used 119136K [0x0000000080000000, 0x0000000100000000)
  region size 1024K, 38 young (38912K), 1 survivors (1024K)
 Metaspace       used 79705K, committed 81472K, reserved 1179648K
  class space    used 10847K, committed 11776K, reserved 1048576K
}
Event: 8.664 GC heap after
{Heap after GC invocations=29 (full 0):
 garbage-first heap   total 148480K, used 84756K [0x0000000080000000, 0x0000000100000000)
  region size 1024K, 4 young (4096K), 4 survivors (4096K)
 Metaspace       used 79705K, committed 81472K, reserved 1179648K
  class space    used 10847K, committed 11776K, reserved 1048576K
}
Event: 8.948 GC heap before
{Heap before GC invocations=30 (full 0):
 garbage-first heap   total 158720K, used 120596K [0x0000000080000000, 0x0000000100000000)
  region size 1024K, 40 young (40960K), 4 survivors (4096K)
 Metaspace       used 80046K, committed 81856K, reserved 1179648K
  class space    used 10869K, committed 11840K, reserved 1048576K
}
Event: 8.954 GC heap after
{Heap after GC invocations=31 (full 0):
 garbage-first heap   total 158720K, used 87457K [0x0000000080000000, 0x0000000100000000)
  region size 1024K, 3 young (3072K), 3 survivors (3072K)
 Metaspace       used 80046K, committed 81856K, reserved 1179648K
  class space    used 10869K, committed 11840K, reserved 1048576K
}
Event: 8.993 GC heap before
{Heap before GC invocations=31 (full 0):
 garbage-first heap   total 158720K, used 91553K [0x0000000080000000, 0x0000000100000000)
  region size 1024K, 7 young (7168K), 3 survivors (3072K)
 Metaspace       used 80305K, committed 82112K, reserved 1179648K
  class space    used 10909K, committed 11840K, reserved 1048576K
}
Event: 8.997 GC heap after
{Heap after GC invocations=32 (full 0):
 garbage-first heap   total 243712K, used 87605K [0x0000000080000000, 0x0000000100000000)
  region size 1024K, 1 young (1024K), 1 survivors (1024K)
 Metaspace       used 80305K, committed 82112K, reserved 1179648K
  class space    used 10909K, committed 11840K, reserved 1048576K
}
Event: 10.373 GC heap before
{Heap before GC invocations=32 (full 0):
 garbage-first heap   total 243712K, used 192053K [0x0000000080000000, 0x0000000100000000)
  region size 1024K, 104 young (106496K), 1 survivors (1024K)
 Metaspace       used 87604K, committed 89408K, reserved 1179648K
  class space    used 11846K, committed 12800K, reserved 1048576K
}
Event: 10.382 GC heap after
{Heap after GC invocations=33 (full 0):
 garbage-first heap   total 243712K, used 94770K [0x0000000080000000, 0x0000000100000000)
  region size 1024K, 8 young (8192K), 8 survivors (8192K)
 Metaspace       used 87604K, committed 89408K, reserved 1179648K
  class space    used 11846K, committed 12800K, reserved 1048576K
}
Event: 10.673 GC heap before
{Heap before GC invocations=33 (full 0):
 garbage-first heap   total 243712K, used 152114K [0x0000000080000000, 0x0000000100000000)
  region size 1024K, 40 young (40960K), 8 survivors (8192K)
 Metaspace       used 90426K, committed 92288K, reserved 1179648K
  class space    used 12238K, committed 13248K, reserved 1048576K
}
Event: 10.680 GC heap after
{Heap after GC invocations=34 (full 0):
 garbage-first heap   total 243712K, used 121514K [0x0000000080000000, 0x0000000100000000)
  region size 1024K, 9 young (9216K), 9 survivors (9216K)
 Metaspace       used 90426K, committed 92288K, reserved 1179648K
  class space    used 12238K, committed 13248K, reserved 1048576K
}
Event: 11.105 GC heap before
{Heap before GC invocations=34 (full 0):
 garbage-first heap   total 243712K, used 202410K [0x0000000080000000, 0x0000000100000000)
  region size 1024K, 81 young (82944K), 9 survivors (9216K)
 Metaspace       used 93589K, committed 95488K, reserved 1179648K
  class space    used 12832K, committed 13824K, reserved 1048576K
}
Event: 11.132 GC heap after
{Heap after GC invocations=35 (full 0):
 garbage-first heap   total 243712K, used 150084K [0x0000000080000000, 0x0000000100000000)
  region size 1024K, 11 young (11264K), 11 survivors (11264K)
 Metaspace       used 93589K, committed 95488K, reserved 1179648K
  class space    used 12832K, committed 13824K, reserved 1048576K
}
Event: 11.268 GC heap before
{Heap before GC invocations=35 (full 0):
 garbage-first heap   total 243712K, used 191044K [0x0000000080000000, 0x0000000100000000)
  region size 1024K, 52 young (53248K), 11 survivors (11264K)
 Metaspace       used 94043K, committed 95936K, reserved 1179648K
  class space    used 12896K, committed 13888K, reserved 1048576K
}
Event: 11.296 GC heap after
{Heap after GC invocations=36 (full 0):
 garbage-first heap   total 243712K, used 170677K [0x0000000080000000, 0x0000000100000000)
  region size 1024K, 7 young (7168K), 7 survivors (7168K)
 Metaspace       used 94043K, committed 95936K, reserved 1179648K
  class space    used 12896K, committed 13888K, reserved 1048576K
}
Event: 11.503 GC heap before
{Heap before GC invocations=37 (full 0):
 garbage-first heap   total 322560K, used 195253K [0x0000000080000000, 0x0000000100000000)
  region size 1024K, 31 young (31744K), 7 survivors (7168K)
 Metaspace       used 94448K, committed 96384K, reserved 1179648K
  class space    used 12968K, committed 13952K, reserved 1048576K
}
Event: 11.517 GC heap after
{Heap after GC invocations=38 (full 0):
 garbage-first heap   total 322560K, used 183296K [0x0000000080000000, 0x0000000100000000)
  region size 1024K, 4 young (4096K), 4 survivors (4096K)
 Metaspace       used 94448K, committed 96384K, reserved 1179648K
  class space    used 12968K, committed 13952K, reserved 1048576K
}
Event: 11.638 GC heap before
{Heap before GC invocations=38 (full 0):
 garbage-first heap   total 322560K, used 193536K [0x0000000080000000, 0x0000000100000000)
  region size 1024K, 15 young (15360K), 4 survivors (4096K)
 Metaspace       used 96034K, committed 97920K, reserved 1179648K
  class space    used 13189K, committed 14144K, reserved 1048576K
}

