# JRE version: Java(TM) SE Runtime Environment (18.0.1.1+2) (build 18.0.1.1+2-6)
# Java VM: Java HotSpot(TM) 64-Bit Server VM (18.0.1.1+2-6, mixed mode, sharing, tiered, compressed oops, compressed class ptrs, g1 gc, windows-amd64)
GC Precious Log:
 CardTable entry size: 512
 Card Set container configuration: InlinePtr #cards 5 size 8 Array Of Cards #cards 12 size 40 Howl #buckets 4 coarsen threshold 1843 Howl Bitmap #cards 512 size 80 coarsen threshold 460 Card regions per heap region 1 cards per card region 2048
 CPUs: 8 total, 8 available
 Memory: 8023M
 Large Page Support: Disabled
 NUMA Support: Disabled
 Compressed Oops: Enabled (32-bit)
 Heap Region Size: 1M
 Heap Min Capacity: 8M
 Heap Initial Capacity: 126M
 Heap Max Capacity: 2G
 Pre-touch: Disabled
 Parallel Workers: 8
 Concurrent Workers: 2
 Concurrent Refinement Workers: 8
 Periodic GC: Disabled
Heap:
 garbage-first heap   total 292864K, used 154712K [0x0000000080000000, 0x0000000100000000)
  region size 1024K, 6 young (6144K), 6 survivors (6144K)
 Metaspace       used 94909K, committed 96832K, reserved 1179648K
  class space    used 13274K, committed 14272K, reserved 1048576K
GC Heap History (20 events):
Event: 6.387 GC heap after
{Heap after GC invocations=25 (full 0):
 garbage-first heap   total 141312K, used 77168K [0x0000000080000000, 0x0000000100000000)
  region size 1024K, 5 young (5120K), 5 survivors (5120K)
 Metaspace       used 75824K, committed 77568K, reserved 1179648K
  class space    used 10477K, committed 11392K, reserved 1048576K
}
Event: 6.607 GC heap before
{Heap before GC invocations=26 (full 0):
 garbage-first heap   total 153600K, used 115056K [0x0000000080000000, 0x0000000100000000)
  region size 1024K, 43 young (44032K), 5 survivors (5120K)
 Metaspace       used 76507K, committed 78272K, reserved 1179648K
  class space    used 10604K, committed 11520K, reserved 1048576K
}
Event: 6.613 GC heap after
{Heap after GC invocations=27 (full 0):
 garbage-first heap   total 153600K, used 79556K [0x0000000080000000, 0x0000000100000000)
  region size 1024K, 3 young (3072K), 3 survivors (3072K)
 Metaspace       used 76507K, committed 78272K, reserved 1179648K
  class space    used 10604K, committed 11520K, reserved 1048576K
}
Event: 6.948 GC heap before
{Heap before GC invocations=27 (full 0):
 garbage-first heap   total 153600K, used 125636K [0x0000000080000000, 0x0000000100000000)
  region size 1024K, 49 young (50176K), 3 survivors (3072K)
 Metaspace       used 77139K, committed 78912K, reserved 1179648K
  class space    used 10653K, committed 11584K, reserved 1048576K
}
Event: 6.953 GC heap after
{Heap after GC invocations=28 (full 0):
 garbage-first heap   total 153600K, used 83002K [0x0000000080000000, 0x0000000100000000)
  region size 1024K, 7 young (7168K), 7 survivors (7168K)
 Metaspace       used 77139K, committed 78912K, reserved 1179648K
  class space    used 10653K, committed 11584K, reserved 1048576K
}
Event: 7.355 GC heap before
{Heap before GC invocations=29 (full 0):
 garbage-first heap   total 153600K, used 124986K [0x0000000080000000, 0x0000000100000000)
  region size 1024K, 49 young (50176K), 7 survivors (7168K)
 Metaspace       used 81964K, committed 83712K, reserved 1179648K
  class space    used 11232K, committed 12160K, reserved 1048576K
}
Event: 7.363 GC heap after
{Heap after GC invocations=30 (full 0):
 garbage-first heap   total 153600K, used 86926K [0x0000000080000000, 0x0000000100000000)
  region size 1024K, 5 young (5120K), 5 survivors (5120K)
 Metaspace       used 81964K, committed 83712K, reserved 1179648K
  class space    used 11232K, committed 12160K, reserved 1048576K
}
Event: 7.373 GC heap before
{Heap before GC invocations=30 (full 0):
 garbage-first heap   total 153600K, used 88974K [0x0000000080000000, 0x0000000100000000)
  region size 1024K, 7 young (7168K), 5 survivors (5120K)
 Metaspace       used 81979K, committed 83712K, reserved 1179648K
  class space    used 11233K, committed 12160K, reserved 1048576K
}
Event: 7.376 GC heap after
{Heap after GC invocations=31 (full 0):
 garbage-first heap   total 153600K, used 87290K [0x0000000080000000, 0x0000000100000000)
  region size 1024K, 1 young (1024K), 1 survivors (1024K)
 Metaspace       used 81979K, committed 83712K, reserved 1179648K
  class space    used 11233K, committed 12160K, reserved 1048576K
}
Event: 7.536 GC heap before
{Heap before GC invocations=31 (full 0):
 garbage-first heap   total 153600K, used 126202K [0x0000000080000000, 0x0000000100000000)
  region size 1024K, 40 young (40960K), 1 survivors (1024K)
 Metaspace       used 82968K, committed 84736K, reserved 1179648K
  class space    used 11384K, committed 12288K, reserved 1048576K
}
Event: 7.540 GC heap after
{Heap after GC invocations=32 (full 0):
 garbage-first heap   total 292864K, used 92789K [0x0000000080000000, 0x0000000100000000)
  region size 1024K, 5 young (5120K), 5 survivors (5120K)
 Metaspace       used 82968K, committed 84736K, reserved 1179648K
  class space    used 11384K, committed 12288K, reserved 1048576K
}
Event: 8.031 GC heap before
{Heap before GC invocations=33 (full 0):
 garbage-first heap   total 292864K, used 238197K [0x0000000080000000, 0x0000000100000000)
  region size 1024K, 148 young (151552K), 5 survivors (5120K)
 Metaspace       used 89138K, committed 90880K, reserved 1179648K
  class space    used 12331K, committed 13248K, reserved 1048576K
}
Event: 8.049 GC heap after
{Heap after GC invocations=34 (full 0):
 garbage-first heap   total 292864K, used 119268K [0x0000000080000000, 0x0000000100000000)
  region size 1024K, 19 young (19456K), 19 survivors (19456K)
 Metaspace       used 89138K, committed 90880K, reserved 1179648K
  class space    used 12331K, committed 13248K, reserved 1048576K
}
Event: 8.051 GC heap before
{Heap before GC invocations=34 (full 0):
 garbage-first heap   total 292864K, used 120292K [0x0000000080000000, 0x0000000100000000)
  region size 1024K, 20 young (20480K), 19 survivors (19456K)
 Metaspace       used 89138K, committed 90880K, reserved 1179648K
  class space    used 12331K, committed 13248K, reserved 1048576K
}
Event: 8.060 GC heap after
{Heap after GC invocations=35 (full 0):
 garbage-first heap   total 292864K, used 122354K [0x0000000080000000, 0x0000000100000000)
  region size 1024K, 3 young (3072K), 3 survivors (3072K)
 Metaspace       used 89138K, committed 90880K, reserved 1179648K
  class space    used 12331K, committed 13248K, reserved 1048576K
}
Event: 8.193 GC heap before
{Heap before GC invocations=35 (full 0):
 garbage-first heap   total 292864K, used 217586K [0x0000000080000000, 0x0000000100000000)
  region size 1024K, 97 young (99328K), 3 survivors (3072K)
 Metaspace       used 91201K, committed 93056K, reserved 1179648K
  class space    used 12691K, committed 13696K, reserved 1048576K
}
Event: 8.204 GC heap after
{Heap after GC invocations=36 (full 0):
 garbage-first heap   total 292864K, used 137019K [0x0000000080000000, 0x0000000100000000)
  region size 1024K, 13 young (13312K), 13 survivors (13312K)
 Metaspace       used 91201K, committed 93056K, reserved 1179648K
  class space    used 12691K, committed 13696K, reserved 1048576K
}
Event: 8.368 GC heap before
{Heap before GC invocations=36 (full 0):
 garbage-first heap   total 292864K, used 224059K [0x0000000080000000, 0x0000000100000000)
  region size 1024K, 98 young (100352K), 13 survivors (13312K)
 Metaspace       used 93592K, committed 95488K, reserved 1179648K
  class space    used 13089K, committed 14080K, reserved 1048576K
}
Event: 8.382 GC heap after
{Heap after GC invocations=37 (full 0):
 garbage-first heap   total 292864K, used 149605K [0x0000000080000000, 0x0000000100000000)
  region size 1024K, 12 young (12288K), 12 survivors (12288K)
 Metaspace       used 93592K, committed 95488K, reserved 1179648K
  class space    used 13089K, committed 14080K, reserved 1048576K
}
Event: 8.554 GC heap before
{Heap before GC invocations=37 (full 0):
 garbage-first heap   total 292864K, used 230501K [0x0000000080000000, 0x0000000100000000)
  region size 1024K, 91 young (93184K), 12 survivors (12288K)
 Metaspace       used 94909K, committed 96832K, reserved 1179648K
  class space    used 13274K, committed 14272K, reserved 1048576K
}

