# JRE version: Java(TM) SE Runtime Environment (18.0.1.1+2) (build 18.0.1.1+2-6)
# Java VM: Java HotSpot(TM) 64-Bit Server VM (18.0.1.1+2-6, mixed mode, sharing, tiered, compressed oops, compressed class ptrs, g1 gc, windows-amd64)
GC Precious Log:
 CardTable entry size: 512
 Card Set container configuration: InlinePtr #cards 5 size 8 Array Of Cards #cards 12 size 40 Howl #buckets 4 coarsen threshold 1843 Howl Bitmap #cards 512 size 80 coarsen threshold 460 Card regions per heap region 1 cards per card region 2048
 CPUs: 8 total, 8 available
 Memory: 8023M
 Large Page Support: Disabled
 NUMA Support: Disabled
 Compressed Oops: Enabled (32-bit)
 Heap Region Size: 1M
 Heap Min Capacity: 8M
 Heap Initial Capacity: 126M
 Heap Max Capacity: 2G
 Pre-touch: Disabled
 Parallel Workers: 8
 Concurrent Workers: 2
 Concurrent Refinement Workers: 8
 Periodic GC: Disabled
Heap:
 garbage-first heap   total 129024K, used 62951K [0x0000000080000000, 0x0000000100000000)
  region size 1024K, 3 young (3072K), 3 survivors (3072K)
 Metaspace       used 44039K, committed 45568K, reserved 1114112K
  class space    used 6117K, committed 6912K, reserved 1048576K
GC Heap History (19 events):
Event: 0.427 GC heap before
{Heap before GC invocations=0 (full 0):
 garbage-first heap   total 129024K, used 28672K [0x0000000080000000, 0x0000000100000000)
  region size 1024K, 23 young (23552K), 0 survivors (0K)
 Metaspace       used 3009K, committed 3200K, reserved 1114112K
  class space    used 373K, committed 448K, reserved 1048576K
}
Event: 0.432 GC heap after
{Heap after GC invocations=1 (full 0):
 garbage-first heap   total 129024K, used 8789K [0x0000000080000000, 0x0000000100000000)
  region size 1024K, 3 young (3072K), 3 survivors (3072K)
 Metaspace       used 3009K, committed 3200K, reserved 1114112K
  class space    used 373K, committed 448K, reserved 1048576K
}
Event: 0.671 GC heap before
{Heap before GC invocations=1 (full 0):
 garbage-first heap   total 129024K, used 38485K [0x0000000080000000, 0x0000000100000000)
  region size 1024K, 32 young (32768K), 3 survivors (3072K)
 Metaspace       used 3956K, committed 4160K, reserved 1114112K
  class space    used 474K, committed 576K, reserved 1048576K
}
Event: 0.675 GC heap after
{Heap after GC invocations=2 (full 0):
 garbage-first heap   total 129024K, used 13061K [0x0000000080000000, 0x0000000100000000)
  region size 1024K, 4 young (4096K), 4 survivors (4096K)
 Metaspace       used 3956K, committed 4160K, reserved 1114112K
  class space    used 474K, committed 576K, reserved 1048576K
}
Event: 1.904 GC heap before
{Heap before GC invocations=2 (full 0):
 garbage-first heap   total 129024K, used 81669K [0x0000000080000000, 0x0000000100000000)
  region size 1024K, 71 young (72704K), 4 survivors (4096K)
 Metaspace       used 17237K, committed 17792K, reserved 1114112K
  class space    used 2449K, committed 2688K, reserved 1048576K
}
Event: 1.910 GC heap after
{Heap after GC invocations=3 (full 0):
 garbage-first heap   total 129024K, used 19217K [0x0000000080000000, 0x0000000100000000)
  region size 1024K, 9 young (9216K), 9 survivors (9216K)
 Metaspace       used 17237K, committed 17792K, reserved 1114112K
  class space    used 2449K, committed 2688K, reserved 1048576K
}
Event: 2.309 GC heap before
{Heap before GC invocations=3 (full 0):
 garbage-first heap   total 129024K, used 55057K [0x0000000080000000, 0x0000000100000000)
  region size 1024K, 36 young (36864K), 9 survivors (9216K)
 Metaspace       used 20756K, committed 21504K, reserved 1114112K
  class space    used 3042K, committed 3456K, reserved 1048576K
}
Event: 2.315 GC heap after
{Heap after GC invocations=4 (full 0):
 garbage-first heap   total 129024K, used 33988K [0x0000000080000000, 0x0000000100000000)
  region size 1024K, 5 young (5120K), 5 survivors (5120K)
 Metaspace       used 20756K, committed 21504K, reserved 1114112K
  class space    used 3042K, committed 3456K, reserved 1048576K
}
Event: 3.017 GC heap before
{Heap before GC invocations=5 (full 0):
 garbage-first heap   total 119808K, used 92356K [0x0000000080000000, 0x0000000100000000)
  region size 1024K, 63 young (64512K), 5 survivors (5120K)
 Metaspace       used 31406K, committed 32512K, reserved 1114112K
  class space    used 4478K, committed 5056K, reserved 1048576K
}
Event: 3.022 GC heap after
{Heap after GC invocations=6 (full 0):
 garbage-first heap   total 119808K, used 38845K [0x0000000080000000, 0x0000000100000000)
  region size 1024K, 5 young (5120K), 5 survivors (5120K)
 Metaspace       used 31406K, committed 32512K, reserved 1114112K
  class space    used 4478K, committed 5056K, reserved 1048576K
}
Event: 3.026 GC heap before
{Heap before GC invocations=6 (full 0):
 garbage-first heap   total 119808K, used 39869K [0x0000000080000000, 0x0000000100000000)
  region size 1024K, 6 young (6144K), 5 survivors (5120K)
 Metaspace       used 31415K, committed 32512K, reserved 1114112K
  class space    used 4478K, committed 5056K, reserved 1048576K
}
Event: 3.030 GC heap after
{Heap after GC invocations=7 (full 0):
 garbage-first heap   total 119808K, used 39790K [0x0000000080000000, 0x0000000100000000)
  region size 1024K, 1 young (1024K), 1 survivors (1024K)
 Metaspace       used 31415K, committed 32512K, reserved 1114112K
  class space    used 4478K, committed 5056K, reserved 1048576K
}
Event: 3.415 GC heap before
{Heap before GC invocations=7 (full 0):
 garbage-first heap   total 119808K, used 80750K [0x0000000080000000, 0x0000000100000000)
  region size 1024K, 40 young (40960K), 1 survivors (1024K)
 Metaspace       used 34722K, committed 35968K, reserved 1114112K
  class space    used 4823K, committed 5440K, reserved 1048576K
}
Event: 3.418 GC heap after
{Heap after GC invocations=8 (full 0):
 garbage-first heap   total 119808K, used 43648K [0x0000000080000000, 0x0000000100000000)
  region size 1024K, 5 young (5120K), 5 survivors (5120K)
 Metaspace       used 34722K, committed 35968K, reserved 1114112K
  class space    used 4823K, committed 5440K, reserved 1048576K
}
Event: 3.885 GC heap before
{Heap before GC invocations=9 (full 0):
 garbage-first heap   total 119808K, used 94848K [0x0000000080000000, 0x0000000100000000)
  region size 1024K, 50 young (51200K), 5 survivors (5120K)
 Metaspace       used 38832K, committed 40192K, reserved 1114112K
  class space    used 5337K, committed 6016K, reserved 1048576K
}
Event: 3.890 GC heap after
{Heap after GC invocations=10 (full 0):
 garbage-first heap   total 119808K, used 52577K [0x0000000080000000, 0x0000000100000000)
  region size 1024K, 5 young (5120K), 5 survivors (5120K)
 Metaspace       used 38832K, committed 40192K, reserved 1114112K
  class space    used 5337K, committed 6016K, reserved 1048576K
}
Event: 4.387 GC heap before
{Heap before GC invocations=10 (full 0):
 garbage-first heap   total 119808K, used 96609K [0x0000000080000000, 0x0000000100000000)
  region size 1024K, 44 young (45056K), 5 survivors (5120K)
 Metaspace       used 43057K, committed 44544K, reserved 1114112K
  class space    used 6017K, committed 6784K, reserved 1048576K
}
Event: 4.393 GC heap after
{Heap after GC invocations=11 (full 0):
 garbage-first heap   total 119808K, used 61492K [0x0000000080000000, 0x0000000100000000)
  region size 1024K, 5 young (5120K), 5 survivors (5120K)
 Metaspace       used 43057K, committed 44544K, reserved 1114112K
  class space    used 6017K, committed 6784K, reserved 1048576K
}
Event: 4.764 GC heap before
{Heap before GC invocations=11 (full 0):
 garbage-first heap   total 119808K, used 92212K [0x0000000080000000, 0x0000000100000000)
  region size 1024K, 36 young (36864K), 5 survivors (5120K)
 Metaspace       used 44039K, committed 45568K, reserved 1114112K
  class space    used 6117K, committed 6912K, reserved 1048576K
}

