# JRE version: Java(TM) SE Runtime Environment (18.0.1.1+2) (build 18.0.1.1+2-6)
# Java VM: Java HotSpot(TM) 64-Bit Server VM (18.0.1.1+2-6, mixed mode, sharing, tiered, compressed oops, compressed class ptrs, g1 gc, windows-amd64)
GC Precious Log:
 CardTable entry size: 512
 Card Set container configuration: InlinePtr #cards 5 size 8 Array Of Cards #cards 12 size 40 Howl #buckets 4 coarsen threshold 1843 Howl Bitmap #cards 512 size 80 coarsen threshold 460 Card regions per heap region 1 cards per card region 2048
 CPUs: 8 total, 8 available
 Memory: 8023M
 Large Page Support: Disabled
 NUMA Support: Disabled
 Compressed Oops: Enabled (32-bit)
 Heap Region Size: 1M
 Heap Min Capacity: 8M
 Heap Initial Capacity: 126M
 Heap Max Capacity: 2G
 Pre-touch: Disabled
 Parallel Workers: 8
 Concurrent Workers: 2
 Concurrent Refinement Workers: 8
 Periodic GC: Disabled
Heap:
 garbage-first heap   total 152576K, used 85971K [0x0000000080000000, 0x0000000100000000)
  region size 1024K, 1 young (1024K), 1 survivors (1024K)
 Metaspace       used 59401K, committed 61184K, reserved 1114112K
  class space    used 7985K, committed 8896K, reserved 1048576K
GC Heap History (20 events):
Event: 3.093 GC heap after
{Heap after GC invocations=6 (full 0):
 garbage-first heap   total 126976K, used 39724K [0x0000000080000000, 0x0000000100000000)
  region size 1024K, 5 young (5120K), 5 survivors (5120K)
 Metaspace       used 30770K, committed 31872K, reserved 1114112K
  class space    used 4433K, committed 4992K, reserved 1048576K
}
Event: 3.456 GC heap before
{Heap before GC invocations=6 (full 0):
 garbage-first heap   total 126976K, used 82732K [0x0000000080000000, 0x0000000100000000)
  region size 1024K, 46 young (47104K), 5 survivors (5120K)
 Metaspace       used 34732K, committed 35968K, reserved 1114112K
  class space    used 4829K, committed 5504K, reserved 1048576K
}
Event: 3.461 GC heap after
{Heap after GC invocations=7 (full 0):
 garbage-first heap   total 126976K, used 44303K [0x0000000080000000, 0x0000000100000000)
  region size 1024K, 5 young (5120K), 5 survivors (5120K)
 Metaspace       used 34732K, committed 35968K, reserved 1114112K
  class space    used 4829K, committed 5504K, reserved 1048576K
}
Event: 3.989 GC heap before
{Heap before GC invocations=8 (full 0):
 garbage-first heap   total 126976K, used 100623K [0x0000000080000000, 0x0000000100000000)
  region size 1024K, 55 young (56320K), 5 survivors (5120K)
 Metaspace       used 39075K, committed 40512K, reserved 1114112K
  class space    used 5371K, committed 6080K, reserved 1048576K
}
Event: 3.995 GC heap after
{Heap after GC invocations=9 (full 0):
 garbage-first heap   total 126976K, used 53303K [0x0000000080000000, 0x0000000100000000)
  region size 1024K, 6 young (6144K), 6 survivors (6144K)
 Metaspace       used 39075K, committed 40512K, reserved 1114112K
  class space    used 5371K, committed 6080K, reserved 1048576K
}
Event: 4.562 GC heap before
{Heap before GC invocations=9 (full 0):
 garbage-first heap   total 126976K, used 100407K [0x0000000080000000, 0x0000000100000000)
  region size 1024K, 48 young (49152K), 6 survivors (6144K)
 Metaspace       used 43362K, committed 44800K, reserved 1114112K
  class space    used 6040K, committed 6784K, reserved 1048576K
}
Event: 4.569 GC heap after
{Heap after GC invocations=10 (full 0):
 garbage-first heap   total 126976K, used 62627K [0x0000000080000000, 0x0000000100000000)
  region size 1024K, 6 young (6144K), 6 survivors (6144K)
 Metaspace       used 43362K, committed 44800K, reserved 1114112K
  class space    used 6040K, committed 6784K, reserved 1048576K
}
Event: 4.782 GC heap before
{Heap before GC invocations=10 (full 0):
 garbage-first heap   total 126976K, used 85155K [0x0000000080000000, 0x0000000100000000)
  region size 1024K, 29 young (29696K), 6 survivors (6144K)
 Metaspace       used 44009K, committed 45504K, reserved 1114112K
  class space    used 6117K, committed 6912K, reserved 1048576K
}
Event: 4.786 GC heap after
{Heap after GC invocations=11 (full 0):
 garbage-first heap   total 126976K, used 63194K [0x0000000080000000, 0x0000000100000000)
  region size 1024K, 2 young (2048K), 2 survivors (2048K)
 Metaspace       used 44009K, committed 45504K, reserved 1114112K
  class space    used 6117K, committed 6912K, reserved 1048576K
}
Event: 5.079 GC heap before
{Heap before GC invocations=12 (full 0):
 garbage-first heap   total 126976K, used 107226K [0x0000000080000000, 0x0000000100000000)
  region size 1024K, 38 young (38912K), 2 survivors (2048K)
 Metaspace       used 47838K, committed 49472K, reserved 1114112K
  class space    used 6606K, committed 7488K, reserved 1048576K
}
Event: 5.084 GC heap after
{Heap after GC invocations=13 (full 0):
 garbage-first heap   total 152576K, used 79251K [0x0000000080000000, 0x0000000100000000)
  region size 1024K, 5 young (5120K), 5 survivors (5120K)
 Metaspace       used 47838K, committed 49472K, reserved 1114112K
  class space    used 6606K, committed 7488K, reserved 1048576K
}
Event: 5.120 GC heap before
{Heap before GC invocations=13 (full 0):
 garbage-first heap   total 152576K, used 81299K [0x0000000080000000, 0x0000000100000000)
  region size 1024K, 7 young (7168K), 5 survivors (5120K)
 Metaspace       used 48246K, committed 49856K, reserved 1114112K
  class space    used 6651K, committed 7488K, reserved 1048576K
}
Event: 5.121 GC heap after
{Heap after GC invocations=14 (full 0):
 garbage-first heap   total 152576K, used 79614K [0x0000000080000000, 0x0000000100000000)
  region size 1024K, 1 young (1024K), 1 survivors (1024K)
 Metaspace       used 48246K, committed 49856K, reserved 1114112K
  class space    used 6651K, committed 7488K, reserved 1048576K
}
Event: 5.549 GC heap before
{Heap before GC invocations=14 (full 0):
 garbage-first heap   total 152576K, used 116478K [0x0000000080000000, 0x0000000100000000)
  region size 1024K, 38 young (38912K), 1 survivors (1024K)
 Metaspace       used 54725K, committed 56448K, reserved 1114112K
  class space    used 7454K, committed 8320K, reserved 1048576K
}
Event: 5.551 GC heap after
{Heap after GC invocations=15 (full 0):
 garbage-first heap   total 152576K, used 81503K [0x0000000080000000, 0x0000000100000000)
  region size 1024K, 3 young (3072K), 3 survivors (3072K)
 Metaspace       used 54725K, committed 56448K, reserved 1114112K
  class space    used 7454K, committed 8320K, reserved 1048576K
}
Event: 5.876 GC heap before
{Heap before GC invocations=16 (full 0):
 garbage-first heap   total 152576K, used 118367K [0x0000000080000000, 0x0000000100000000)
  region size 1024K, 40 young (40960K), 3 survivors (3072K)
 Metaspace       used 58690K, committed 60480K, reserved 1114112K
  class space    used 7920K, committed 8832K, reserved 1048576K
}
Event: 5.880 GC heap after
{Heap after GC invocations=17 (full 0):
 garbage-first heap   total 152576K, used 85441K [0x0000000080000000, 0x0000000100000000)
  region size 1024K, 5 young (5120K), 5 survivors (5120K)
 Metaspace       used 58690K, committed 60480K, reserved 1114112K
  class space    used 7920K, committed 8832K, reserved 1048576K
}
Event: 5.893 GC heap before
{Heap before GC invocations=17 (full 0):
 garbage-first heap   total 152576K, used 87489K [0x0000000080000000, 0x0000000100000000)
  region size 1024K, 7 young (7168K), 5 survivors (5120K)
 Metaspace       used 58919K, committed 60672K, reserved 1114112K
  class space    used 7949K, committed 8832K, reserved 1048576K
}
Event: 5.897 GC heap after
{Heap after GC invocations=18 (full 0):
 garbage-first heap   total 152576K, used 85938K [0x0000000080000000, 0x0000000100000000)
  region size 1024K, 1 young (1024K), 1 survivors (1024K)
 Metaspace       used 58919K, committed 60672K, reserved 1114112K
  class space    used 7949K, committed 8832K, reserved 1048576K
}
Event: 5.948 GC heap before
{Heap before GC invocations=18 (full 0):
 garbage-first heap   total 152576K, used 90034K [0x0000000080000000, 0x0000000100000000)
  region size 1024K, 6 young (6144K), 1 survivors (1024K)
 Metaspace       used 59401K, committed 61184K, reserved 1114112K
  class space    used 7985K, committed 8896K, reserved 1048576K
}

