# JRE version: Java(TM) SE Runtime Environment (18.0.1.1+2) (build 18.0.1.1+2-6)
# Java VM: Java HotSpot(TM) 64-Bit Server VM (18.0.1.1+2-6, mixed mode, sharing, tiered, compressed oops, compressed class ptrs, g1 gc, windows-amd64)
GC Precious Log:
 CardTable entry size: 512
 Card Set container configuration: InlinePtr #cards 5 size 8 Array Of Cards #cards 12 size 40 Howl #buckets 4 coarsen threshold 1843 Howl Bitmap #cards 512 size 80 coarsen threshold 460 Card regions per heap region 1 cards per card region 2048
 CPUs: 8 total, 8 available
 Memory: 8023M
 Large Page Support: Disabled
 NUMA Support: Disabled
 Compressed Oops: Enabled (32-bit)
 Heap Region Size: 1M
 Heap Min Capacity: 8M
 Heap Initial Capacity: 126M
 Heap Max Capacity: 2G
 Pre-touch: Disabled
 Parallel Workers: 8
 Concurrent Workers: 2
 Concurrent Refinement Workers: 8
 Periodic GC: Disabled
Heap:
 garbage-first heap   total 370688K, used 187207K [0x0000000080000000, 0x0000000100000000)
  region size 1024K, 5 young (5120K), 5 survivors (5120K)
 Metaspace       used 122921K, committed 124160K, reserved 1179648K
  class space    used 15409K, committed 16192K, reserved 1048576K
GC Heap History (20 events):
Event: 22.475 GC heap after
{Heap after GC invocations=29 (full 0):
 garbage-first heap   total 296960K, used 141630K [0x0000000080000000, 0x0000000100000000)
  region size 1024K, 2 young (2048K), 2 survivors (2048K)
 Metaspace       used 107185K, committed 109056K, reserved 1179648K
  class space    used 14135K, committed 15104K, reserved 1048576K
}
Event: 1384.792 GC heap before
{Heap before GC invocations=29 (full 0):
 garbage-first heap   total 296960K, used 237886K [0x0000000080000000, 0x0000000100000000)
  region size 1024K, 97 young (99328K), 2 survivors (2048K)
 Metaspace       used 112606K, committed 114560K, reserved 1179648K
  class space    used 14647K, committed 15680K, reserved 1048576K
}
Event: 1384.798 GC heap after
{Heap after GC invocations=30 (full 0):
 garbage-first heap   total 296960K, used 144079K [0x0000000080000000, 0x0000000100000000)
  region size 1024K, 4 young (4096K), 4 survivors (4096K)
 Metaspace       used 112606K, committed 114560K, reserved 1179648K
  class space    used 14647K, committed 15680K, reserved 1048576K
}
Event: 2245.556 GC heap before
{Heap before GC invocations=31 (full 0):
 garbage-first heap   total 296960K, used 241359K [0x0000000080000000, 0x0000000100000000)
  region size 1024K, 100 young (102400K), 4 survivors (4096K)
 Metaspace       used 114855K, committed 116864K, reserved 1179648K
  class space    used 14896K, committed 15936K, reserved 1048576K
}
Event: 2245.583 GC heap after
{Heap after GC invocations=32 (full 0):
 garbage-first heap   total 296960K, used 151331K [0x0000000080000000, 0x0000000100000000)
  region size 1024K, 11 young (11264K), 11 survivors (11264K)
 Metaspace       used 114855K, committed 116864K, reserved 1179648K
  class space    used 14896K, committed 15936K, reserved 1048576K
}
Event: 2245.684 GC heap before
{Heap before GC invocations=32 (full 0):
 garbage-first heap   total 296960K, used 154403K [0x0000000080000000, 0x0000000100000000)
  region size 1024K, 14 young (14336K), 11 survivors (11264K)
 Metaspace       used 114933K, committed 116928K, reserved 1179648K
  class space    used 14913K, committed 15936K, reserved 1048576K
}
Event: 2245.724 GC heap after
{Heap after GC invocations=33 (full 0):
 garbage-first heap   total 296960K, used 151599K [0x0000000080000000, 0x0000000100000000)
  region size 1024K, 2 young (2048K), 2 survivors (2048K)
 Metaspace       used 114933K, committed 116928K, reserved 1179648K
  class space    used 14913K, committed 15936K, reserved 1048576K
}
Event: 2246.292 GC heap before
{Heap before GC invocations=33 (full 0):
 garbage-first heap   total 296960K, used 186415K [0x0000000080000000, 0x0000000100000000)
  region size 1024K, 38 young (38912K), 2 survivors (2048K)
 Metaspace       used 115410K, committed 117440K, reserved 1179648K
  class space    used 14984K, committed 16000K, reserved 1048576K
}
Event: 2246.299 GC heap after
{Heap after GC invocations=34 (full 0):
 garbage-first heap   total 296960K, used 153126K [0x0000000080000000, 0x0000000100000000)
  region size 1024K, 4 young (4096K), 4 survivors (4096K)
 Metaspace       used 115410K, committed 117440K, reserved 1179648K
  class space    used 14984K, committed 16000K, reserved 1048576K
}
Event: 2248.042 GC heap before
{Heap before GC invocations=35 (full 0):
 garbage-first heap   total 296960K, used 256550K [0x0000000080000000, 0x0000000100000000)
  region size 1024K, 93 young (95232K), 4 survivors (4096K)
 Metaspace       used 114257K, committed 117440K, reserved 1179648K
  class space    used 14532K, committed 16000K, reserved 1048576K
}
Event: 2248.078 GC heap after
{Heap after GC invocations=36 (full 0):
 garbage-first heap   total 296960K, used 188590K [0x0000000080000000, 0x0000000100000000)
  region size 1024K, 12 young (12288K), 12 survivors (12288K)
 Metaspace       used 114257K, committed 117440K, reserved 1179648K
  class space    used 14532K, committed 16000K, reserved 1048576K
}
Event: 2248.115 GC heap before
{Heap before GC invocations=36 (full 0):
 garbage-first heap   total 296960K, used 190638K [0x0000000080000000, 0x0000000100000000)
  region size 1024K, 14 young (14336K), 12 survivors (12288K)
 Metaspace       used 114262K, committed 117440K, reserved 1179648K
  class space    used 14532K, committed 16000K, reserved 1048576K
}
Event: 2248.135 GC heap after
{Heap after GC invocations=37 (full 0):
 garbage-first heap   total 296960K, used 177721K [0x0000000080000000, 0x0000000100000000)
  region size 1024K, 2 young (2048K), 2 survivors (2048K)
 Metaspace       used 114262K, committed 117440K, reserved 1179648K
  class space    used 14532K, committed 16000K, reserved 1048576K
}
Event: 2248.662 GC heap before
{Heap before GC invocations=37 (full 0):
 garbage-first heap   total 296960K, used 208441K [0x0000000080000000, 0x0000000100000000)
  region size 1024K, 34 young (34816K), 2 survivors (2048K)
 Metaspace       used 116462K, committed 118592K, reserved 1179648K
  class space    used 14810K, committed 16128K, reserved 1048576K
}
Event: 2248.666 GC heap after
{Heap after GC invocations=38 (full 0):
 garbage-first heap   total 296960K, used 183399K [0x0000000080000000, 0x0000000100000000)
  region size 1024K, 8 young (8192K), 8 survivors (8192K)
 Metaspace       used 116462K, committed 118592K, reserved 1179648K
  class space    used 14810K, committed 16128K, reserved 1048576K
}
Event: 2249.004 GC heap before
{Heap before GC invocations=39 (full 0):
 garbage-first heap   total 370688K, used 250983K [0x0000000080000000, 0x0000000100000000)
  region size 1024K, 60 young (61440K), 8 survivors (8192K)
 Metaspace       used 120478K, committed 121856K, reserved 1179648K
  class space    used 15184K, committed 16128K, reserved 1048576K
}
Event: 2249.011 GC heap after
{Heap after GC invocations=40 (full 0):
 garbage-first heap   total 370688K, used 186355K [0x0000000080000000, 0x0000000100000000)
  region size 1024K, 8 young (8192K), 8 survivors (8192K)
 Metaspace       used 120478K, committed 121856K, reserved 1179648K
  class space    used 15184K, committed 16128K, reserved 1048576K
}
Event: 2249.054 GC heap before
{Heap before GC invocations=40 (full 0):
 garbage-first heap   total 370688K, used 196595K [0x0000000080000000, 0x0000000100000000)
  region size 1024K, 18 young (18432K), 8 survivors (8192K)
 Metaspace       used 120788K, committed 122176K, reserved 1179648K
  class space    used 15216K, committed 16128K, reserved 1048576K
}
Event: 2249.067 GC heap after
{Heap after GC invocations=41 (full 0):
 garbage-first heap   total 370688K, used 184423K [0x0000000080000000, 0x0000000100000000)
  region size 1024K, 2 young (2048K), 2 survivors (2048K)
 Metaspace       used 120788K, committed 122176K, reserved 1179648K
  class space    used 15216K, committed 16128K, reserved 1048576K
}
Event: 2249.667 GC heap before
{Heap before GC invocations=41 (full 0):
 garbage-first heap   total 370688K, used 281703K [0x0000000080000000, 0x0000000100000000)
  region size 1024K, 98 young (100352K), 2 survivors (2048K)
 Metaspace       used 122921K, committed 124160K, reserved 1179648K
  class space    used 15409K, committed 16192K, reserved 1048576K
}

