# JRE version: Java(TM) SE Runtime Environment (18.0.1.1+2) (build 18.0.1.1+2-6)
# Java VM: Java HotSpot(TM) 64-Bit Server VM (18.0.1.1+2-6, mixed mode, sharing, tiered, compressed oops, compressed class ptrs, g1 gc, windows-amd64)
GC Precious Log:
 CardTable entry size: 512
 Card Set container configuration: InlinePtr #cards 5 size 8 Array Of Cards #cards 12 size 40 Howl #buckets 4 coarsen threshold 1843 Howl Bitmap #cards 512 size 80 coarsen threshold 460 Card regions per heap region 1 cards per card region 2048
 CPUs: 8 total, 8 available
 Memory: 8023M
 Large Page Support: Disabled
 NUMA Support: Disabled
 Compressed Oops: Enabled (32-bit)
 Heap Region Size: 1M
 Heap Min Capacity: 8M
 Heap Initial Capacity: 126M
 Heap Max Capacity: 2G
 Pre-touch: Disabled
 Parallel Workers: 8
 Concurrent Workers: 2
 Concurrent Refinement Workers: 8
 Periodic GC: Disabled
Heap:
 garbage-first heap   total 152576K, used 87290K [0x0000000080000000, 0x0000000100000000)
  region size 1024K, 1 young (1024K), 1 survivors (1024K)
 Metaspace       used 62433K, committed 64128K, reserved 1114112K
  class space    used 8352K, committed 9216K, reserved 1048576K
GC Heap History (20 events):
Event: 3.901 GC heap after
{Heap after GC invocations=9 (full 0):
 garbage-first heap   total 122880K, used 52830K [0x0000000080000000, 0x0000000100000000)
  region size 1024K, 6 young (6144K), 6 survivors (6144K)
 Metaspace       used 39018K, committed 40448K, reserved 1114112K
  class space    used 5356K, committed 6080K, reserved 1048576K
}
Event: 4.421 GC heap before
{Heap before GC invocations=9 (full 0):
 garbage-first heap   total 122880K, used 97886K [0x0000000080000000, 0x0000000100000000)
  region size 1024K, 46 young (47104K), 6 survivors (6144K)
 Metaspace       used 43214K, committed 44800K, reserved 1114112K
  class space    used 6009K, committed 6784K, reserved 1048576K
}
Event: 4.427 GC heap after
{Heap after GC invocations=10 (full 0):
 garbage-first heap   total 122880K, used 61788K [0x0000000080000000, 0x0000000100000000)
  region size 1024K, 5 young (5120K), 5 survivors (5120K)
 Metaspace       used 43214K, committed 44800K, reserved 1114112K
  class space    used 6009K, committed 6784K, reserved 1048576K
}
Event: 4.648 GC heap before
{Heap before GC invocations=10 (full 0):
 garbage-first heap   total 122880K, used 87388K [0x0000000080000000, 0x0000000100000000)
  region size 1024K, 31 young (31744K), 5 survivors (5120K)
 Metaspace       used 43997K, committed 45504K, reserved 1114112K
  class space    used 6101K, committed 6848K, reserved 1048576K
}
Event: 4.652 GC heap after
{Heap after GC invocations=11 (full 0):
 garbage-first heap   total 122880K, used 62962K [0x0000000080000000, 0x0000000100000000)
  region size 1024K, 2 young (2048K), 2 survivors (2048K)
 Metaspace       used 43997K, committed 45504K, reserved 1114112K
  class space    used 6101K, committed 6848K, reserved 1048576K
}
Event: 4.937 GC heap before
{Heap before GC invocations=12 (full 0):
 garbage-first heap   total 122880K, used 104946K [0x0000000080000000, 0x0000000100000000)
  region size 1024K, 36 young (36864K), 2 survivors (2048K)
 Metaspace       used 47475K, committed 49088K, reserved 1114112K
  class space    used 6543K, committed 7360K, reserved 1048576K
}
Event: 4.941 GC heap after
{Heap after GC invocations=13 (full 0):
 garbage-first heap   total 122880K, used 78742K [0x0000000080000000, 0x0000000100000000)
  region size 1024K, 5 young (5120K), 5 survivors (5120K)
 Metaspace       used 47475K, committed 49088K, reserved 1114112K
  class space    used 6543K, committed 7360K, reserved 1048576K
}
Event: 4.952 GC heap before
{Heap before GC invocations=13 (full 0):
 garbage-first heap   total 122880K, used 79766K [0x0000000080000000, 0x0000000100000000)
  region size 1024K, 6 young (6144K), 5 survivors (5120K)
 Metaspace       used 47681K, committed 49280K, reserved 1114112K
  class space    used 6566K, committed 7424K, reserved 1048576K
}
Event: 4.954 GC heap after
{Heap after GC invocations=14 (full 0):
 garbage-first heap   total 147456K, used 78959K [0x0000000080000000, 0x0000000100000000)
  region size 1024K, 1 young (1024K), 1 survivors (1024K)
 Metaspace       used 47681K, committed 49280K, reserved 1114112K
  class space    used 6566K, committed 7424K, reserved 1048576K
}
Event: 5.330 GC heap before
{Heap before GC invocations=14 (full 0):
 garbage-first heap   total 147456K, used 112751K [0x0000000080000000, 0x0000000100000000)
  region size 1024K, 35 young (35840K), 1 survivors (1024K)
 Metaspace       used 53169K, committed 54784K, reserved 1114112K
  class space    used 7231K, committed 8064K, reserved 1048576K
}
Event: 5.332 GC heap after
{Heap after GC invocations=15 (full 0):
 garbage-first heap   total 147456K, used 80187K [0x0000000080000000, 0x0000000100000000)
  region size 1024K, 2 young (2048K), 2 survivors (2048K)
 Metaspace       used 53169K, committed 54784K, reserved 1114112K
  class space    used 7231K, committed 8064K, reserved 1048576K
}
Event: 5.673 GC heap before
{Heap before GC invocations=16 (full 0):
 garbage-first heap   total 147456K, used 116027K [0x0000000080000000, 0x0000000100000000)
  region size 1024K, 37 young (37888K), 2 survivors (2048K)
 Metaspace       used 58128K, committed 59840K, reserved 1114112K
  class space    used 7829K, committed 8704K, reserved 1048576K
}
Event: 5.677 GC heap after
{Heap after GC invocations=17 (full 0):
 garbage-first heap   total 147456K, used 84035K [0x0000000080000000, 0x0000000100000000)
  region size 1024K, 5 young (5120K), 5 survivors (5120K)
 Metaspace       used 58128K, committed 59840K, reserved 1114112K
  class space    used 7829K, committed 8704K, reserved 1048576K
}
Event: 5.698 GC heap before
{Heap before GC invocations=17 (full 0):
 garbage-first heap   total 147456K, used 86083K [0x0000000080000000, 0x0000000100000000)
  region size 1024K, 7 young (7168K), 5 survivors (5120K)
 Metaspace       used 58279K, committed 60032K, reserved 1114112K
  class space    used 7845K, committed 8704K, reserved 1048576K
}
Event: 5.702 GC heap after
{Heap after GC invocations=18 (full 0):
 garbage-first heap   total 147456K, used 84349K [0x0000000080000000, 0x0000000100000000)
  region size 1024K, 1 young (1024K), 1 survivors (1024K)
 Metaspace       used 58279K, committed 60032K, reserved 1114112K
  class space    used 7845K, committed 8704K, reserved 1048576K
}
Event: 5.826 GC heap before
{Heap before GC invocations=18 (full 0):
 garbage-first heap   total 147456K, used 95613K [0x0000000080000000, 0x0000000100000000)
  region size 1024K, 14 young (14336K), 1 survivors (1024K)
 Metaspace       used 59368K, committed 61056K, reserved 1114112K
  class space    used 7961K, committed 8832K, reserved 1048576K
}
Event: 5.829 GC heap after
{Heap after GC invocations=19 (full 0):
 garbage-first heap   total 147456K, used 85023K [0x0000000080000000, 0x0000000100000000)
  region size 1024K, 2 young (2048K), 2 survivors (2048K)
 Metaspace       used 59368K, committed 61056K, reserved 1114112K
  class space    used 7961K, committed 8832K, reserved 1048576K
}
Event: 6.202 GC heap before
{Heap before GC invocations=20 (full 0):
 garbage-first heap   total 152576K, used 119839K [0x0000000080000000, 0x0000000100000000)
  region size 1024K, 35 young (35840K), 2 survivors (2048K)
 Metaspace       used 62433K, committed 64128K, reserved 1114112K
  class space    used 8352K, committed 9216K, reserved 1048576K
}
Event: 6.206 GC heap after
{Heap after GC invocations=21 (full 0):
 garbage-first heap   total 152576K, used 87440K [0x0000000080000000, 0x0000000100000000)
  region size 1024K, 4 young (4096K), 4 survivors (4096K)
 Metaspace       used 62433K, committed 64128K, reserved 1114112K
  class space    used 8352K, committed 9216K, reserved 1048576K
}
Event: 6.222 GC heap before
{Heap before GC invocations=21 (full 0):
 garbage-first heap   total 152576K, used 90512K [0x0000000080000000, 0x0000000100000000)
  region size 1024K, 7 young (7168K), 4 survivors (4096K)
 Metaspace       used 62433K, committed 64128K, reserved 1114112K
  class space    used 8352K, committed 9216K, reserved 1048576K
}

