# JRE version: Java(TM) SE Runtime Environment (18.0.1.1+2) (build 18.0.1.1+2-6)
# Java VM: Java HotSpot(TM) 64-Bit Server VM (18.0.1.1+2-6, mixed mode, sharing, tiered, compressed oops, compressed class ptrs, g1 gc, windows-amd64)
GC Precious Log:
 CardTable entry size: 512
 Card Set container configuration: InlinePtr #cards 5 size 8 Array Of Cards #cards 12 size 40 Howl #buckets 4 coarsen threshold 1843 Howl Bitmap #cards 512 size 80 coarsen threshold 460 Card regions per heap region 1 cards per card region 2048
 CPUs: 8 total, 8 available
 Memory: 8023M
 Large Page Support: Disabled
 NUMA Support: Disabled
 Compressed Oops: Enabled (32-bit)
 Heap Region Size: 1M
 Heap Min Capacity: 8M
 Heap Initial Capacity: 126M
 Heap Max Capacity: 2G
 Pre-touch: Disabled
 Parallel Workers: 8
 Concurrent Workers: 2
 Concurrent Refinement Workers: 8
 Periodic GC: Disabled
Heap:
 garbage-first heap   total 290816K, used 165752K [0x0000000080000000, 0x0000000100000000)
  region size 1024K, 8 young (8192K), 8 survivors (8192K)
 Metaspace       used 120885K, committed 122048K, reserved 1179648K
  class space    used 15963K, committed 16576K, reserved 1048576K
GC Heap History (20 events):
Event: 18.590 GC heap after
{Heap after GC invocations=36 (full 0):
 garbage-first heap   total 290816K, used 139200K [0x0000000080000000, 0x0000000100000000)
  region size 1024K, 14 young (14336K), 14 survivors (14336K)
 Metaspace       used 98454K, committed 100416K, reserved 1179648K
  class space    used 12926K, committed 13952K, reserved 1048576K
}
Event: 18.612 GC heap before
{Heap before GC invocations=36 (full 0):
 garbage-first heap   total 290816K, used 140224K [0x0000000080000000, 0x0000000100000000)
  region size 1024K, 16 young (16384K), 14 survivors (14336K)
 Metaspace       used 98640K, committed 100608K, reserved 1179648K
  class space    used 12952K, committed 14016K, reserved 1048576K
}
Event: 18.622 GC heap after
{Heap after GC invocations=37 (full 0):
 garbage-first heap   total 290816K, used 140067K [0x0000000080000000, 0x0000000100000000)
  region size 1024K, 9 young (9216K), 9 survivors (9216K)
 Metaspace       used 98640K, committed 100608K, reserved 1179648K
  class space    used 12952K, committed 14016K, reserved 1048576K
}
Event: 2352.361 GC heap before
{Heap before GC invocations=38 (full 0):
 garbage-first heap   total 290816K, used 243491K [0x0000000080000000, 0x0000000100000000)
  region size 1024K, 111 young (113664K), 9 survivors (9216K)
 Metaspace       used 101614K, committed 103616K, reserved 1179648K
  class space    used 13159K, committed 14208K, reserved 1048576K
}
Event: 2352.431 GC heap after
{Heap after GC invocations=39 (full 0):
 garbage-first heap   total 290816K, used 140637K [0x0000000080000000, 0x0000000100000000)
  region size 1024K, 2 young (2048K), 2 survivors (2048K)
 Metaspace       used 101614K, committed 103616K, reserved 1179648K
  class space    used 13159K, committed 14208K, reserved 1048576K
}
Event: 2701.839 GC heap before
{Heap before GC invocations=39 (full 0):
 garbage-first heap   total 290816K, used 152925K [0x0000000080000000, 0x0000000100000000)
  region size 1024K, 14 young (14336K), 2 survivors (2048K)
 Metaspace       used 101634K, committed 103616K, reserved 1179648K
  class space    used 13159K, committed 14208K, reserved 1048576K
}
Event: 2701.842 GC heap after
{Heap after GC invocations=40 (full 0):
 garbage-first heap   total 290816K, used 138583K [0x0000000080000000, 0x0000000100000000)
  region size 1024K, 1 young (1024K), 1 survivors (1024K)
 Metaspace       used 101634K, committed 103616K, reserved 1179648K
  class space    used 13159K, committed 14208K, reserved 1048576K
}
Event: 2861.291 GC heap before
{Heap before GC invocations=40 (full 0):
 garbage-first heap   total 290816K, used 245079K [0x0000000080000000, 0x0000000100000000)
  region size 1024K, 106 young (108544K), 1 survivors (1024K)
 Metaspace       used 104148K, committed 106176K, reserved 1179648K
  class space    used 13457K, committed 14528K, reserved 1048576K
}
Event: 2861.314 GC heap after
{Heap after GC invocations=41 (full 0):
 garbage-first heap   total 290816K, used 148564K [0x0000000080000000, 0x0000000100000000)
  region size 1024K, 11 young (11264K), 11 survivors (11264K)
 Metaspace       used 104148K, committed 106176K, reserved 1179648K
  class space    used 13457K, committed 14528K, reserved 1048576K
}
Event: 2862.340 GC heap before
{Heap before GC invocations=42 (full 0):
 garbage-first heap   total 290816K, used 242772K [0x0000000080000000, 0x0000000100000000)
  region size 1024K, 104 young (106496K), 11 survivors (11264K)
 Metaspace       used 103447K, committed 106368K, reserved 1179648K
  class space    used 13118K, committed 14592K, reserved 1048576K
}
Event: 2862.379 GC heap after
{Heap after GC invocations=43 (full 0):
 garbage-first heap   total 290816K, used 156296K [0x0000000080000000, 0x0000000100000000)
  region size 1024K, 8 young (8192K), 8 survivors (8192K)
 Metaspace       used 103447K, committed 106368K, reserved 1179648K
  class space    used 13118K, committed 14592K, reserved 1048576K
}
Event: 2862.394 GC heap before
{Heap before GC invocations=43 (full 0):
 garbage-first heap   total 290816K, used 162440K [0x0000000080000000, 0x0000000100000000)
  region size 1024K, 14 young (14336K), 8 survivors (8192K)
 Metaspace       used 103447K, committed 106368K, reserved 1179648K
  class space    used 13118K, committed 14592K, reserved 1048576K
}
Event: 2862.415 GC heap after
{Heap after GC invocations=44 (full 0):
 garbage-first heap   total 290816K, used 140853K [0x0000000080000000, 0x0000000100000000)
  region size 1024K, 2 young (2048K), 2 survivors (2048K)
 Metaspace       used 103447K, committed 106368K, reserved 1179648K
  class space    used 13118K, committed 14592K, reserved 1048576K
}
Event: 2873.885 GC heap before
{Heap before GC invocations=44 (full 0):
 garbage-first heap   total 290816K, used 239157K [0x0000000080000000, 0x0000000100000000)
  region size 1024K, 99 young (101376K), 2 survivors (2048K)
 Metaspace       used 107742K, committed 109248K, reserved 1179648K
  class space    used 13708K, committed 14720K, reserved 1048576K
}
Event: 2873.892 GC heap after
{Heap after GC invocations=45 (full 0):
 garbage-first heap   total 290816K, used 146975K [0x0000000080000000, 0x0000000100000000)
  region size 1024K, 8 young (8192K), 8 survivors (8192K)
 Metaspace       used 107742K, committed 109248K, reserved 1179648K
  class space    used 13708K, committed 14720K, reserved 1048576K
}
Event: 2874.470 GC heap before
{Heap before GC invocations=46 (full 0):
 garbage-first heap   total 290816K, used 241183K [0x0000000080000000, 0x0000000100000000)
  region size 1024K, 99 young (101376K), 8 survivors (8192K)
 Metaspace       used 113180K, committed 114304K, reserved 1179648K
  class space    used 14531K, committed 15104K, reserved 1048576K
}
Event: 2874.492 GC heap after
{Heap after GC invocations=47 (full 0):
 garbage-first heap   total 290816K, used 160155K [0x0000000080000000, 0x0000000100000000)
  region size 1024K, 13 young (13312K), 13 survivors (13312K)
 Metaspace       used 113180K, committed 114304K, reserved 1179648K
  class space    used 14531K, committed 15104K, reserved 1048576K
}
Event: 2874.496 GC heap before
{Heap before GC invocations=47 (full 0):
 garbage-first heap   total 290816K, used 161179K [0x0000000080000000, 0x0000000100000000)
  region size 1024K, 14 young (14336K), 13 survivors (13312K)
 Metaspace       used 113180K, committed 114304K, reserved 1179648K
  class space    used 14531K, committed 15104K, reserved 1048576K
}
Event: 2874.509 GC heap after
{Heap after GC invocations=48 (full 0):
 garbage-first heap   total 290816K, used 159111K [0x0000000080000000, 0x0000000100000000)
  region size 1024K, 2 young (2048K), 2 survivors (2048K)
 Metaspace       used 113180K, committed 114304K, reserved 1179648K
  class space    used 14531K, committed 15104K, reserved 1048576K
}
Event: 2874.974 GC heap before
{Heap before GC invocations=48 (full 0):
 garbage-first heap   total 290816K, used 236935K [0x0000000080000000, 0x0000000100000000)
  region size 1024K, 79 young (80896K), 2 survivors (2048K)
 Metaspace       used 120885K, committed 122048K, reserved 1179648K
  class space    used 15963K, committed 16576K, reserved 1048576K
}

