# JRE version: Java(TM) SE Runtime Environment (18.0.1.1+2) (build 18.0.1.1+2-6)
# Java VM: Java HotSpot(TM) 64-Bit Server VM (18.0.1.1+2-6, mixed mode, sharing, tiered, compressed oops, compressed class ptrs, g1 gc, windows-amd64)
GC Precious Log:
 CardTable entry size: 512
 Card Set container configuration: InlinePtr #cards 5 size 8 Array Of Cards #cards 12 size 40 Howl #buckets 4 coarsen threshold 1843 Howl Bitmap #cards 512 size 80 coarsen threshold 460 Card regions per heap region 1 cards per card region 2048
 CPUs: 8 total, 8 available
 Memory: 8023M
 Large Page Support: Disabled
 NUMA Support: Disabled
 Compressed Oops: Enabled (32-bit)
 Heap Region Size: 1M
 Heap Min Capacity: 8M
 Heap Initial Capacity: 126M
 Heap Max Capacity: 2G
 Pre-touch: Disabled
 Parallel Workers: 8
 Concurrent Workers: 2
 Concurrent Refinement Workers: 8
 Periodic GC: Disabled
Heap:
 garbage-first heap   total 178176K, used 79043K [0x0000000080000000, 0x0000000100000000)
  region size 1024K, 5 young (5120K), 5 survivors (5120K)
 Metaspace       used 78585K, committed 80384K, reserved 1179648K
  class space    used 10721K, committed 11648K, reserved 1048576K
GC Heap History (20 events):
Event: 3.599 GC heap after
{Heap after GC invocations=12 (full 0):
 garbage-first heap   total 112640K, used 51438K [0x0000000080000000, 0x0000000100000000)
  region size 1024K, 8 young (8192K), 8 survivors (8192K)
 Metaspace       used 44033K, committed 45504K, reserved 1114112K
  class space    used 6064K, committed 6784K, reserved 1048576K
}
Event: 3.910 GC heap before
{Heap before GC invocations=12 (full 0):
 garbage-first heap   total 112640K, used 85230K [0x0000000080000000, 0x0000000100000000)
  region size 1024K, 41 young (41984K), 8 survivors (8192K)
 Metaspace       used 49980K, committed 51520K, reserved 1114112K
  class space    used 6737K, committed 7488K, reserved 1048576K
}
Event: 3.913 GC heap after
{Heap after GC invocations=13 (full 0):
 garbage-first heap   total 112640K, used 54504K [0x0000000080000000, 0x0000000100000000)
  region size 1024K, 2 young (2048K), 2 survivors (2048K)
 Metaspace       used 49980K, committed 51520K, reserved 1114112K
  class space    used 6737K, committed 7488K, reserved 1048576K
}
Event: 4.205 GC heap before
{Heap before GC invocations=13 (full 0):
 garbage-first heap   total 112640K, used 86248K [0x0000000080000000, 0x0000000100000000)
  region size 1024K, 34 young (34816K), 2 survivors (2048K)
 Metaspace       used 54874K, committed 56448K, reserved 1114112K
  class space    used 7363K, committed 8192K, reserved 1048576K
}
Event: 4.209 GC heap after
{Heap after GC invocations=14 (full 0):
 garbage-first heap   total 135168K, used 57781K [0x0000000080000000, 0x0000000100000000)
  region size 1024K, 5 young (5120K), 5 survivors (5120K)
 Metaspace       used 54874K, committed 56448K, reserved 1114112K
  class space    used 7363K, committed 8192K, reserved 1048576K
}
Event: 4.662 GC heap before
{Heap before GC invocations=15 (full 0):
 garbage-first heap   total 135168K, used 104885K [0x0000000080000000, 0x0000000100000000)
  region size 1024K, 51 young (52224K), 5 survivors (5120K)
 Metaspace       used 59632K, committed 61312K, reserved 1114112K
  class space    used 7946K, committed 8832K, reserved 1048576K
}
Event: 4.666 GC heap after
{Heap after GC invocations=16 (full 0):
 garbage-first heap   total 135168K, used 60987K [0x0000000080000000, 0x0000000100000000)
  region size 1024K, 7 young (7168K), 7 survivors (7168K)
 Metaspace       used 59632K, committed 61312K, reserved 1114112K
  class space    used 7946K, committed 8832K, reserved 1048576K
}
Event: 4.677 GC heap before
{Heap before GC invocations=16 (full 0):
 garbage-first heap   total 135168K, used 62011K [0x0000000080000000, 0x0000000100000000)
  region size 1024K, 8 young (8192K), 7 survivors (7168K)
 Metaspace       used 59744K, committed 61376K, reserved 1114112K
  class space    used 7963K, committed 8832K, reserved 1048576K
}
Event: 4.681 GC heap after
{Heap after GC invocations=17 (full 0):
 garbage-first heap   total 135168K, used 61729K [0x0000000080000000, 0x0000000100000000)
  region size 1024K, 1 young (1024K), 1 survivors (1024K)
 Metaspace       used 59744K, committed 61376K, reserved 1114112K
  class space    used 7963K, committed 8832K, reserved 1048576K
}
Event: 4.978 GC heap before
{Heap before GC invocations=17 (full 0):
 garbage-first heap   total 135168K, used 105761K [0x0000000080000000, 0x0000000100000000)
  region size 1024K, 45 young (46080K), 1 survivors (1024K)
 Metaspace       used 61985K, committed 63616K, reserved 1114112K
  class space    used 8246K, committed 9088K, reserved 1048576K
}
Event: 4.981 GC heap after
{Heap after GC invocations=18 (full 0):
 garbage-first heap   total 135168K, used 65030K [0x0000000080000000, 0x0000000100000000)
  region size 1024K, 5 young (5120K), 5 survivors (5120K)
 Metaspace       used 61985K, committed 63616K, reserved 1114112K
  class space    used 8246K, committed 9088K, reserved 1048576K
}
Event: 5.405 GC heap before
{Heap before GC invocations=19 (full 0):
 garbage-first heap   total 135168K, used 105990K [0x0000000080000000, 0x0000000100000000)
  region size 1024K, 45 young (46080K), 5 survivors (5120K)
 Metaspace       used 66751K, committed 68416K, reserved 1114112K
  class space    used 9048K, committed 9920K, reserved 1048576K
}
Event: 5.410 GC heap after
{Heap after GC invocations=20 (full 0):
 garbage-first heap   total 135168K, used 67835K [0x0000000080000000, 0x0000000100000000)
  region size 1024K, 3 young (3072K), 3 survivors (3072K)
 Metaspace       used 66751K, committed 68416K, reserved 1114112K
  class space    used 9048K, committed 9920K, reserved 1048576K
}
Event: 5.459 GC heap before
{Heap before GC invocations=20 (full 0):
 garbage-first heap   total 135168K, used 70907K [0x0000000080000000, 0x0000000100000000)
  region size 1024K, 6 young (6144K), 3 survivors (3072K)
 Metaspace       used 66994K, committed 68608K, reserved 1114112K
  class space    used 9083K, committed 9920K, reserved 1048576K
}
Event: 5.462 GC heap after
{Heap after GC invocations=21 (full 0):
 garbage-first heap   total 135168K, used 67778K [0x0000000080000000, 0x0000000100000000)
  region size 1024K, 1 young (1024K), 1 survivors (1024K)
 Metaspace       used 66994K, committed 68608K, reserved 1114112K
  class space    used 9083K, committed 9920K, reserved 1048576K
}
Event: 5.900 GC heap before
{Heap before GC invocations=21 (full 0):
 garbage-first heap   total 135168K, used 108738K [0x0000000080000000, 0x0000000100000000)
  region size 1024K, 41 young (41984K), 1 survivors (1024K)
 Metaspace       used 70445K, committed 72128K, reserved 1114112K
  class space    used 9581K, committed 10432K, reserved 1048576K
}
Event: 5.904 GC heap after
{Heap after GC invocations=22 (full 0):
 garbage-first heap   total 135168K, used 70604K [0x0000000080000000, 0x0000000100000000)
  region size 1024K, 4 young (4096K), 4 survivors (4096K)
 Metaspace       used 70445K, committed 72128K, reserved 1114112K
  class space    used 9581K, committed 10432K, reserved 1048576K
}
Event: 6.272 GC heap before
{Heap before GC invocations=23 (full 0):
 garbage-first heap   total 135168K, used 109516K [0x0000000080000000, 0x0000000100000000)
  region size 1024K, 42 young (43008K), 4 survivors (4096K)
 Metaspace       used 75097K, committed 76800K, reserved 1179648K
  class space    used 10209K, committed 11072K, reserved 1048576K
}
Event: 6.276 GC heap after
{Heap after GC invocations=24 (full 0):
 garbage-first heap   total 135168K, used 74092K [0x0000000080000000, 0x0000000100000000)
  region size 1024K, 4 young (4096K), 4 survivors (4096K)
 Metaspace       used 75097K, committed 76800K, reserved 1179648K
  class space    used 10209K, committed 11072K, reserved 1048576K
}
Event: 6.554 GC heap before
{Heap before GC invocations=24 (full 0):
 garbage-first heap   total 135168K, used 108908K [0x0000000080000000, 0x0000000100000000)
  region size 1024K, 39 young (39936K), 4 survivors (4096K)
 Metaspace       used 78585K, committed 80384K, reserved 1179648K
  class space    used 10721K, committed 11648K, reserved 1048576K
}

