# JRE version: Java(TM) SE Runtime Environment (18.0.1.1+2) (build 18.0.1.1+2-6)
# Java VM: Java HotSpot(TM) 64-Bit Server VM (18.0.1.1+2-6, mixed mode, sharing, tiered, compressed oops, compressed class ptrs, g1 gc, windows-amd64)
GC Precious Log:
 CardTable entry size: 512
 Card Set container configuration: InlinePtr #cards 5 size 8 Array Of Cards #cards 12 size 40 Howl #buckets 4 coarsen threshold 1843 Howl Bitmap #cards 512 size 80 coarsen threshold 460 Card regions per heap region 1 cards per card region 2048
 CPUs: 8 total, 8 available
 Memory: 8023M
 Large Page Support: Disabled
 NUMA Support: Disabled
 Compressed Oops: Enabled (32-bit)
 Heap Region Size: 1M
 Heap Min Capacity: 8M
 Heap Initial Capacity: 126M
 Heap Max Capacity: 2G
 Pre-touch: Disabled
 Parallel Workers: 8
 Concurrent Workers: 2
 Concurrent Refinement Workers: 8
 Periodic GC: Disabled
Heap:
 garbage-first heap   total 454656K, used 260183K [0x0000000080000000, 0x0000000100000000)
  region size 1024K, 12 young (12288K), 12 survivors (12288K)
 Metaspace       used 128113K, committed 130304K, reserved 1179648K
  class space    used 16860K, committed 17984K, reserved 1048576K
GC Heap History (20 events):
Event: 586.845 GC heap after
{Heap after GC invocations=38 (full 0):
 garbage-first heap   total 289792K, used 163414K [0x0000000080000000, 0x0000000100000000)
  region size 1024K, 8 young (8192K), 8 survivors (8192K)
 Metaspace       used 115788K, committed 117888K, reserved 1179648K
  class space    used 14996K, committed 16064K, reserved 1048576K
}
Event: 587.366 GC heap before
{Heap before GC invocations=38 (full 0):
 garbage-first heap   total 289792K, used 237142K [0x0000000080000000, 0x0000000100000000)
  region size 1024K, 81 young (82944K), 8 survivors (8192K)
 Metaspace       used 117628K, committed 119744K, reserved 1179648K
  class space    used 15244K, committed 16320K, reserved 1048576K
}
Event: 587.377 GC heap after
{Heap after GC invocations=39 (full 0):
 garbage-first heap   total 289792K, used 171244K [0x0000000080000000, 0x0000000100000000)
  region size 1024K, 9 young (9216K), 9 survivors (9216K)
 Metaspace       used 117628K, committed 119744K, reserved 1179648K
  class space    used 15244K, committed 16320K, reserved 1048576K
}
Event: 587.484 GC heap before
{Heap before GC invocations=39 (full 0):
 garbage-first heap   total 289792K, used 239852K [0x0000000080000000, 0x0000000100000000)
  region size 1024K, 75 young (76800K), 9 survivors (9216K)
 Metaspace       used 118672K, committed 120832K, reserved 1179648K
  class space    used 15370K, committed 16448K, reserved 1048576K
}
Event: 587.494 GC heap after
{Heap after GC invocations=40 (full 0):
 garbage-first heap   total 289792K, used 188905K [0x0000000080000000, 0x0000000100000000)
  region size 1024K, 10 young (10240K), 10 survivors (10240K)
 Metaspace       used 118672K, committed 120832K, reserved 1179648K
  class space    used 15370K, committed 16448K, reserved 1048576K
}
Event: 587.720 GC heap before
{Heap before GC invocations=40 (full 0):
 garbage-first heap   total 289792K, used 238057K [0x0000000080000000, 0x0000000100000000)
  region size 1024K, 58 young (59392K), 10 survivors (10240K)
 Metaspace       used 121029K, committed 123136K, reserved 1179648K
  class space    used 15714K, committed 16768K, reserved 1048576K
}
Event: 587.729 GC heap after
{Heap after GC invocations=41 (full 0):
 garbage-first heap   total 289792K, used 194400K [0x0000000080000000, 0x0000000100000000)
  region size 1024K, 8 young (8192K), 8 survivors (8192K)
 Metaspace       used 121029K, committed 123136K, reserved 1179648K
  class space    used 15714K, committed 16768K, reserved 1048576K
}
Event: 587.845 GC heap before
{Heap before GC invocations=41 (full 0):
 garbage-first heap   total 289792K, used 238432K [0x0000000080000000, 0x0000000100000000)
  region size 1024K, 51 young (52224K), 8 survivors (8192K)
 Metaspace       used 121951K, committed 124096K, reserved 1179648K
  class space    used 15860K, committed 16960K, reserved 1048576K
}
Event: 587.858 GC heap after
{Heap after GC invocations=42 (full 0):
 garbage-first heap   total 289792K, used 202328K [0x0000000080000000, 0x0000000100000000)
  region size 1024K, 7 young (7168K), 7 survivors (7168K)
 Metaspace       used 121951K, committed 124096K, reserved 1179648K
  class space    used 15860K, committed 16960K, reserved 1048576K
}
Event: 587.953 GC heap before
{Heap before GC invocations=42 (full 0):
 garbage-first heap   total 289792K, used 241240K [0x0000000080000000, 0x0000000100000000)
  region size 1024K, 45 young (46080K), 7 survivors (7168K)
 Metaspace       used 122475K, committed 124608K, reserved 1179648K
  class space    used 15925K, committed 17024K, reserved 1048576K
}
Event: 587.965 GC heap after
{Heap after GC invocations=43 (full 0):
 garbage-first heap   total 441344K, used 210784K [0x0000000080000000, 0x0000000100000000)
  region size 1024K, 6 young (6144K), 6 survivors (6144K)
 Metaspace       used 122475K, committed 124608K, reserved 1179648K
  class space    used 15925K, committed 17024K, reserved 1048576K
}
Event: 587.995 GC heap before
{Heap before GC invocations=43 (full 0):
 garbage-first heap   total 441344K, used 220000K [0x0000000080000000, 0x0000000100000000)
  region size 1024K, 16 young (16384K), 6 survivors (6144K)
 Metaspace       used 122851K, committed 124928K, reserved 1179648K
  class space    used 15974K, committed 17024K, reserved 1048576K
}
Event: 588.003 GC heap after
{Heap after GC invocations=44 (full 0):
 garbage-first heap   total 441344K, used 213361K [0x0000000080000000, 0x0000000100000000)
  region size 1024K, 9 young (9216K), 9 survivors (9216K)
 Metaspace       used 122851K, committed 124928K, reserved 1179648K
  class space    used 15974K, committed 17024K, reserved 1048576K
}
Event: 588.329 GC heap before
{Heap before GC invocations=45 (full 0):
 garbage-first heap   total 454656K, used 330097K [0x0000000080000000, 0x0000000100000000)
  region size 1024K, 124 young (126976K), 9 survivors (9216K)
 Metaspace       used 124187K, committed 126272K, reserved 1179648K
  class space    used 16232K, committed 17280K, reserved 1048576K
}
Event: 588.351 GC heap after
{Heap after GC invocations=46 (full 0):
 garbage-first heap   total 454656K, used 233366K [0x0000000080000000, 0x0000000100000000)
  region size 1024K, 16 young (16384K), 16 survivors (16384K)
 Metaspace       used 124187K, committed 126272K, reserved 1179648K
  class space    used 16232K, committed 17280K, reserved 1048576K
}
Event: 588.366 GC heap before
{Heap before GC invocations=46 (full 0):
 garbage-first heap   total 454656K, used 239510K [0x0000000080000000, 0x0000000100000000)
  region size 1024K, 22 young (22528K), 16 survivors (16384K)
 Metaspace       used 124208K, committed 126336K, reserved 1179648K
  class space    used 16236K, committed 17344K, reserved 1048576K
}
Event: 588.378 GC heap after
{Heap after GC invocations=47 (full 0):
 garbage-first heap   total 454656K, used 229834K [0x0000000080000000, 0x0000000100000000)
  region size 1024K, 3 young (3072K), 3 survivors (3072K)
 Metaspace       used 124208K, committed 126336K, reserved 1179648K
  class space    used 16236K, committed 17344K, reserved 1048576K
}
Event: 588.614 GC heap before
{Heap before GC invocations=47 (full 0):
 garbage-first heap   total 454656K, used 344522K [0x0000000080000000, 0x0000000100000000)
  region size 1024K, 116 young (118784K), 3 survivors (3072K)
 Metaspace       used 127056K, committed 129280K, reserved 1179648K
  class space    used 16762K, committed 17920K, reserved 1048576K
}
Event: 588.633 GC heap after
{Heap after GC invocations=48 (full 0):
 garbage-first heap   total 454656K, used 247432K [0x0000000080000000, 0x0000000100000000)
  region size 1024K, 15 young (15360K), 15 survivors (15360K)
 Metaspace       used 127056K, committed 129280K, reserved 1179648K
  class space    used 16762K, committed 17920K, reserved 1048576K
}
Event: 588.998 GC heap before
{Heap before GC invocations=48 (full 0):
 garbage-first heap   total 454656K, used 354952K [0x0000000080000000, 0x0000000100000000)
  region size 1024K, 120 young (122880K), 15 survivors (15360K)
 Metaspace       used 128113K, committed 130304K, reserved 1179648K
  class space    used 16860K, committed 17984K, reserved 1048576K
}

