# JRE version: Java(TM) SE Runtime Environment (18.0.1.1+2) (build 18.0.1.1+2-6)
# Java VM: Java HotSpot(TM) 64-Bit Server VM (18.0.1.1+2-6, mixed mode, sharing, tiered, compressed oops, compressed class ptrs, g1 gc, windows-amd64)
GC Precious Log:
 CardTable entry size: 512
 Card Set container configuration: InlinePtr #cards 5 size 8 Array Of Cards #cards 12 size 40 Howl #buckets 4 coarsen threshold 1843 Howl Bitmap #cards 512 size 80 coarsen threshold 460 Card regions per heap region 1 cards per card region 2048
 CPUs: 8 total, 8 available
 Memory: 8023M
 Large Page Support: Disabled
 NUMA Support: Disabled
 Compressed Oops: Enabled (32-bit)
 Heap Region Size: 1M
 Heap Min Capacity: 8M
 Heap Initial Capacity: 126M
 Heap Max Capacity: 2G
 Pre-touch: Disabled
 Parallel Workers: 8
 Concurrent Workers: 2
 Concurrent Refinement Workers: 8
 Periodic GC: Disabled
Heap:
 garbage-first heap   total 147456K, used 85496K [0x0000000080000000, 0x0000000100000000)
  region size 1024K, 3 young (3072K), 3 survivors (3072K)
 Metaspace       used 59486K, committed 61184K, reserved 1114112K
  class space    used 7975K, committed 8832K, reserved 1048576K
GC Heap History (20 events):
Event: 2.261 GC heap after
{Heap after GC invocations=3 (full 0):
 garbage-first heap   total 129024K, used 19365K [0x0000000080000000, 0x0000000100000000)
  region size 1024K, 9 young (9216K), 9 survivors (9216K)
 Metaspace       used 17192K, committed 17728K, reserved 1114112K
  class space    used 2434K, committed 2688K, reserved 1048576K
}
Event: 3.016 GC heap before
{Heap before GC invocations=3 (full 0):
 garbage-first heap   total 129024K, used 57253K [0x0000000080000000, 0x0000000100000000)
  region size 1024K, 38 young (38912K), 9 survivors (9216K)
 Metaspace       used 20784K, committed 21504K, reserved 1114112K
  class space    used 3044K, committed 3456K, reserved 1048576K
}
Event: 3.025 GC heap after
{Heap after GC invocations=4 (full 0):
 garbage-first heap   total 129024K, used 34915K [0x0000000080000000, 0x0000000100000000)
  region size 1024K, 6 young (6144K), 6 survivors (6144K)
 Metaspace       used 20784K, committed 21504K, reserved 1114112K
  class space    used 3044K, committed 3456K, reserved 1048576K
}
Event: 4.390 GC heap before
{Heap before GC invocations=5 (full 0):
 garbage-first heap   total 122880K, used 92259K [0x0000000080000000, 0x0000000100000000)
  region size 1024K, 62 young (63488K), 6 survivors (6144K)
 Metaspace       used 30786K, committed 31872K, reserved 1114112K
  class space    used 4428K, committed 4992K, reserved 1048576K
}
Event: 4.395 GC heap after
{Heap after GC invocations=6 (full 0):
 garbage-first heap   total 122880K, used 39474K [0x0000000080000000, 0x0000000100000000)
  region size 1024K, 5 young (5120K), 5 survivors (5120K)
 Metaspace       used 30786K, committed 31872K, reserved 1114112K
  class space    used 4428K, committed 4992K, reserved 1048576K
}
Event: 4.750 GC heap before
{Heap before GC invocations=6 (full 0):
 garbage-first heap   total 122880K, used 82482K [0x0000000080000000, 0x0000000100000000)
  region size 1024K, 46 young (47104K), 5 survivors (5120K)
 Metaspace       used 34759K, committed 35968K, reserved 1114112K
  class space    used 4824K, committed 5440K, reserved 1048576K
}
Event: 4.755 GC heap after
{Heap after GC invocations=7 (full 0):
 garbage-first heap   total 122880K, used 44115K [0x0000000080000000, 0x0000000100000000)
  region size 1024K, 5 young (5120K), 5 survivors (5120K)
 Metaspace       used 34759K, committed 35968K, reserved 1114112K
  class space    used 4824K, committed 5440K, reserved 1048576K
}
Event: 5.275 GC heap before
{Heap before GC invocations=8 (full 0):
 garbage-first heap   total 122880K, used 98387K [0x0000000080000000, 0x0000000100000000)
  region size 1024K, 54 young (55296K), 5 survivors (5120K)
 Metaspace       used 39052K, committed 40448K, reserved 1114112K
  class space    used 5356K, committed 6080K, reserved 1048576K
}
Event: 5.281 GC heap after
{Heap after GC invocations=9 (full 0):
 garbage-first heap   total 122880K, used 52984K [0x0000000080000000, 0x0000000100000000)
  region size 1024K, 6 young (6144K), 6 survivors (6144K)
 Metaspace       used 39052K, committed 40448K, reserved 1114112K
  class space    used 5356K, committed 6080K, reserved 1048576K
}
Event: 5.794 GC heap before
{Heap before GC invocations=9 (full 0):
 garbage-first heap   total 122880K, used 98040K [0x0000000080000000, 0x0000000100000000)
  region size 1024K, 46 young (47104K), 6 survivors (6144K)
 Metaspace       used 43243K, committed 44736K, reserved 1114112K
  class space    used 6013K, committed 6784K, reserved 1048576K
}
Event: 5.800 GC heap after
{Heap after GC invocations=10 (full 0):
 garbage-first heap   total 147456K, used 62119K [0x0000000080000000, 0x0000000100000000)
  region size 1024K, 5 young (5120K), 5 survivors (5120K)
 Metaspace       used 43243K, committed 44736K, reserved 1114112K
  class space    used 6013K, committed 6784K, reserved 1048576K
}
Event: 6.206 GC heap before
{Heap before GC invocations=10 (full 0):
 garbage-first heap   total 147456K, used 120487K [0x0000000080000000, 0x0000000100000000)
  region size 1024K, 55 young (56320K), 5 survivors (5120K)
 Metaspace       used 45873K, committed 47360K, reserved 1114112K
  class space    used 6342K, committed 7104K, reserved 1048576K
}
Event: 6.213 GC heap after
{Heap after GC invocations=11 (full 0):
 garbage-first heap   total 147456K, used 77987K [0x0000000080000000, 0x0000000100000000)
  region size 1024K, 7 young (7168K), 7 survivors (7168K)
 Metaspace       used 45873K, committed 47360K, reserved 1114112K
  class space    used 6342K, committed 7104K, reserved 1048576K
}
Event: 6.591 GC heap before
{Heap before GC invocations=11 (full 0):
 garbage-first heap   total 147456K, used 113827K [0x0000000080000000, 0x0000000100000000)
  region size 1024K, 42 young (43008K), 7 survivors (7168K)
 Metaspace       used 52008K, committed 53632K, reserved 1114112K
  class space    used 7052K, committed 7872K, reserved 1048576K
}
Event: 6.596 GC heap after
{Heap after GC invocations=12 (full 0):
 garbage-first heap   total 147456K, used 80079K [0x0000000080000000, 0x0000000100000000)
  region size 1024K, 2 young (2048K), 2 survivors (2048K)
 Metaspace       used 52008K, committed 53632K, reserved 1114112K
  class space    used 7052K, committed 7872K, reserved 1048576K
}
Event: 7.047 GC heap before
{Heap before GC invocations=13 (full 0):
 garbage-first heap   total 147456K, used 114895K [0x0000000080000000, 0x0000000100000000)
  region size 1024K, 37 young (37888K), 2 survivors (2048K)
 Metaspace       used 57174K, committed 58880K, reserved 1114112K
  class space    used 7719K, committed 8576K, reserved 1048576K
}
Event: 7.051 GC heap after
{Heap after GC invocations=14 (full 0):
 garbage-first heap   total 147456K, used 83790K [0x0000000080000000, 0x0000000100000000)
  region size 1024K, 5 young (5120K), 5 survivors (5120K)
 Metaspace       used 57174K, committed 58880K, reserved 1114112K
  class space    used 7719K, committed 8576K, reserved 1048576K
}
Event: 7.067 GC heap before
{Heap before GC invocations=14 (full 0):
 garbage-first heap   total 147456K, used 85838K [0x0000000080000000, 0x0000000100000000)
  region size 1024K, 7 young (7168K), 5 survivors (5120K)
 Metaspace       used 57404K, committed 59136K, reserved 1114112K
  class space    used 7748K, committed 8640K, reserved 1048576K
}
Event: 7.071 GC heap after
{Heap after GC invocations=15 (full 0):
 garbage-first heap   total 147456K, used 84149K [0x0000000080000000, 0x0000000100000000)
  region size 1024K, 1 young (1024K), 1 survivors (1024K)
 Metaspace       used 57404K, committed 59136K, reserved 1114112K
  class space    used 7748K, committed 8640K, reserved 1048576K
}
Event: 7.589 GC heap before
{Heap before GC invocations=15 (full 0):
 garbage-first heap   total 147456K, used 107701K [0x0000000080000000, 0x0000000100000000)
  region size 1024K, 25 young (25600K), 1 survivors (1024K)
 Metaspace       used 59486K, committed 61184K, reserved 1114112K
  class space    used 7975K, committed 8832K, reserved 1048576K
}

