# JRE version: Java(TM) SE Runtime Environment (18.0.1.1+2) (build 18.0.1.1+2-6)
# Java VM: Java HotSpot(TM) 64-Bit Server VM (18.0.1.1+2-6, mixed mode, sharing, tiered, compressed oops, compressed class ptrs, g1 gc, windows-amd64)
GC Precious Log:
 CardTable entry size: 512
 Card Set container configuration: InlinePtr #cards 5 size 8 Array Of Cards #cards 12 size 40 Howl #buckets 4 coarsen threshold 1843 Howl Bitmap #cards 512 size 80 coarsen threshold 460 Card regions per heap region 1 cards per card region 2048
 CPUs: 8 total, 8 available
 Memory: 8023M
 Large Page Support: Disabled
 NUMA Support: Disabled
 Compressed Oops: Enabled (32-bit)
 Heap Region Size: 1M
 Heap Min Capacity: 8M
 Heap Initial Capacity: 126M
 Heap Max Capacity: 2G
 Pre-touch: Disabled
 Parallel Workers: 8
 Concurrent Workers: 2
 Concurrent Refinement Workers: 8
 Periodic GC: Disabled
Heap:
 garbage-first heap   total 230400K, used 115356K [0x0000000080000000, 0x0000000100000000)
  region size 1024K, 17 young (17408K), 11 survivors (11264K)
 Metaspace       used 84031K, committed 85824K, reserved 1179648K
  class space    used 11353K, committed 12288K, reserved 1048576K
GC Heap History (20 events):
Event: 5.167 GC heap before
{Heap before GC invocations=20 (full 0):
 garbage-first heap   total 107520K, used 86827K [0x0000000080000000, 0x0000000100000000)
  region size 1024K, 29 young (29696K), 3 survivors (3072K)
 Metaspace       used 60330K, committed 61952K, reserved 1114112K
  class space    used 8050K, committed 8896K, reserved 1048576K
}
Event: 5.171 GC heap after
{Heap after GC invocations=21 (full 0):
 garbage-first heap   total 129024K, used 62963K [0x0000000080000000, 0x0000000100000000)
  region size 1024K, 4 young (4096K), 4 survivors (4096K)
 Metaspace       used 60330K, committed 61952K, reserved 1114112K
  class space    used 8050K, committed 8896K, reserved 1048576K
}
Event: 5.612 GC heap before
{Heap before GC invocations=22 (full 0):
 garbage-first heap   total 129024K, used 102899K [0x0000000080000000, 0x0000000100000000)
  region size 1024K, 43 young (44032K), 4 survivors (4096K)
 Metaspace       used 65086K, committed 66752K, reserved 1114112K
  class space    used 8840K, committed 9728K, reserved 1048576K
}
Event: 5.618 GC heap after
{Heap after GC invocations=23 (full 0):
 garbage-first heap   total 129024K, used 66312K [0x0000000080000000, 0x0000000100000000)
  region size 1024K, 6 young (6144K), 6 survivors (6144K)
 Metaspace       used 65086K, committed 66752K, reserved 1114112K
  class space    used 8840K, committed 9728K, reserved 1048576K
}
Event: 5.633 GC heap before
{Heap before GC invocations=23 (full 0):
 garbage-first heap   total 129024K, used 67336K [0x0000000080000000, 0x0000000100000000)
  region size 1024K, 7 young (7168K), 6 survivors (6144K)
 Metaspace       used 65221K, committed 66880K, reserved 1114112K
  class space    used 8869K, committed 9728K, reserved 1048576K
}
Event: 5.637 GC heap after
{Heap after GC invocations=24 (full 0):
 garbage-first heap   total 129024K, used 66939K [0x0000000080000000, 0x0000000100000000)
  region size 1024K, 1 young (1024K), 1 survivors (1024K)
 Metaspace       used 65221K, committed 66880K, reserved 1114112K
  class space    used 8869K, committed 9728K, reserved 1048576K
}
Event: 6.021 GC heap before
{Heap before GC invocations=24 (full 0):
 garbage-first heap   total 129024K, used 103803K [0x0000000080000000, 0x0000000100000000)
  region size 1024K, 37 young (37888K), 1 survivors (1024K)
 Metaspace       used 68665K, committed 70400K, reserved 1114112K
  class space    used 9343K, committed 10240K, reserved 1048576K
}
Event: 6.024 GC heap after
{Heap after GC invocations=25 (full 0):
 garbage-first heap   total 129024K, used 68692K [0x0000000080000000, 0x0000000100000000)
  region size 1024K, 3 young (3072K), 3 survivors (3072K)
 Metaspace       used 68665K, committed 70400K, reserved 1114112K
  class space    used 9343K, committed 10240K, reserved 1048576K
}
Event: 6.350 GC heap before
{Heap before GC invocations=26 (full 0):
 garbage-first heap   total 129024K, used 104532K [0x0000000080000000, 0x0000000100000000)
  region size 1024K, 38 young (38912K), 3 survivors (3072K)
 Metaspace       used 72133K, committed 73792K, reserved 1114112K
  class space    used 9859K, committed 10752K, reserved 1048576K
}
Event: 6.355 GC heap after
{Heap after GC invocations=27 (full 0):
 garbage-first heap   total 129024K, used 71264K [0x0000000080000000, 0x0000000100000000)
  region size 1024K, 3 young (3072K), 3 survivors (3072K)
 Metaspace       used 72133K, committed 73792K, reserved 1114112K
  class space    used 9859K, committed 10752K, reserved 1048576K
}
Event: 6.647 GC heap before
{Heap before GC invocations=27 (full 0):
 garbage-first heap   total 129024K, used 104032K [0x0000000080000000, 0x0000000100000000)
  region size 1024K, 36 young (36864K), 3 survivors (3072K)
 Metaspace       used 75804K, committed 77568K, reserved 1179648K
  class space    used 10291K, committed 11200K, reserved 1048576K
}
Event: 6.651 GC heap after
{Heap after GC invocations=28 (full 0):
 garbage-first heap   total 129024K, used 75258K [0x0000000080000000, 0x0000000100000000)
  region size 1024K, 5 young (5120K), 5 survivors (5120K)
 Metaspace       used 75804K, committed 77568K, reserved 1179648K
  class space    used 10291K, committed 11200K, reserved 1048576K
}
Event: 6.956 GC heap before
{Heap before GC invocations=29 (full 0):
 garbage-first heap   total 135168K, used 104954K [0x0000000080000000, 0x0000000100000000)
  region size 1024K, 34 young (34816K), 5 survivors (5120K)
 Metaspace       used 78709K, committed 80512K, reserved 1179648K
  class space    used 10715K, committed 11648K, reserved 1048576K
}
Event: 6.962 GC heap after
{Heap after GC invocations=30 (full 0):
 garbage-first heap   total 135168K, used 79249K [0x0000000080000000, 0x0000000100000000)
  region size 1024K, 5 young (5120K), 5 survivors (5120K)
 Metaspace       used 78709K, committed 80512K, reserved 1179648K
  class space    used 10715K, committed 11648K, reserved 1048576K
}
Event: 6.968 GC heap before
{Heap before GC invocations=30 (full 0):
 garbage-first heap   total 135168K, used 80273K [0x0000000080000000, 0x0000000100000000)
  region size 1024K, 6 young (6144K), 5 survivors (5120K)
 Metaspace       used 78804K, committed 80576K, reserved 1179648K
  class space    used 10746K, committed 11648K, reserved 1048576K
}
Event: 6.973 GC heap after
{Heap after GC invocations=31 (full 0):
 garbage-first heap   total 230400K, used 79622K [0x0000000080000000, 0x0000000100000000)
  region size 1024K, 1 young (1024K), 1 survivors (1024K)
 Metaspace       used 78804K, committed 80576K, reserved 1179648K
  class space    used 10746K, committed 11648K, reserved 1048576K
}
Event: 8.117 GC heap before
{Heap before GC invocations=31 (full 0):
 garbage-first heap   total 230400K, used 158470K [0x0000000080000000, 0x0000000100000000)
  region size 1024K, 79 young (80896K), 1 survivors (1024K)
 Metaspace       used 81125K, committed 82944K, reserved 1179648K
  class space    used 11032K, committed 11968K, reserved 1048576K
}
Event: 8.125 GC heap after
{Heap after GC invocations=32 (full 0):
 garbage-first heap   total 230400K, used 87999K [0x0000000080000000, 0x0000000100000000)
  region size 1024K, 9 young (9216K), 9 survivors (9216K)
 Metaspace       used 81125K, committed 82944K, reserved 1179648K
  class space    used 11032K, committed 11968K, reserved 1048576K
}
Event: 9.251 GC heap before
{Heap before GC invocations=32 (full 0):
 garbage-first heap   total 230400K, used 177087K [0x0000000080000000, 0x0000000100000000)
  region size 1024K, 86 young (88064K), 9 survivors (9216K)
 Metaspace       used 84019K, committed 85824K, reserved 1179648K
  class space    used 11353K, committed 12288K, reserved 1048576K
}
Event: 9.267 GC heap after
{Heap after GC invocations=33 (full 0):
 garbage-first heap   total 230400K, used 108188K [0x0000000080000000, 0x0000000100000000)
  region size 1024K, 11 young (11264K), 11 survivors (11264K)
 Metaspace       used 84019K, committed 85824K, reserved 1179648K
  class space    used 11353K, committed 12288K, reserved 1048576K
}

