# JRE version: Java(TM) SE Runtime Environment (18.0.1.1+2) (build 18.0.1.1+2-6)
# Java VM: Java HotSpot(TM) 64-Bit Server VM (18.0.1.1+2-6, mixed mode, sharing, tiered, compressed oops, compressed class ptrs, g1 gc, windows-amd64)
GC Precious Log:
 CardTable entry size: 512
 Card Set container configuration: InlinePtr #cards 5 size 8 Array Of Cards #cards 12 size 40 Howl #buckets 4 coarsen threshold 1843 Howl Bitmap #cards 512 size 80 coarsen threshold 460 Card regions per heap region 1 cards per card region 2048
 CPUs: 8 total, 8 available
 Memory: 8023M
 Large Page Support: Disabled
 NUMA Support: Disabled
 Compressed Oops: Enabled (32-bit)
 Heap Region Size: 1M
 Heap Min Capacity: 8M
 Heap Initial Capacity: 126M
 Heap Max Capacity: 2G
 Pre-touch: Disabled
 Parallel Workers: 8
 Concurrent Workers: 2
 Concurrent Refinement Workers: 8
 Periodic GC: Disabled
Heap:
 garbage-first heap   total 252928K, used 147235K [0x0000000080000000, 0x0000000100000000)
  region size 1024K, 8 young (8192K), 8 survivors (8192K)
 Metaspace       used 91471K, committed 93248K, reserved 1179648K
  class space    used 12752K, committed 13696K, reserved 1048576K
GC Heap History (20 events):
Event: 6.535 GC heap after
{Heap after GC invocations=23 (full 0):
 garbage-first heap   total 117760K, used 68291K [0x0000000080000000, 0x0000000100000000)
  region size 1024K, 4 young (4096K), 4 survivors (4096K)
 Metaspace       used 65722K, committed 67392K, reserved 1114112K
  class space    used 8971K, committed 9792K, reserved 1048576K
}
Event: 6.840 GC heap before
{Heap before GC invocations=24 (full 0):
 garbage-first heap   total 121856K, used 96963K [0x0000000080000000, 0x0000000100000000)
  region size 1024K, 32 young (32768K), 4 survivors (4096K)
 Metaspace       used 68668K, committed 70336K, reserved 1114112K
  class space    used 9409K, committed 10304K, reserved 1048576K
}
Event: 6.844 GC heap after
{Heap after GC invocations=25 (full 0):
 garbage-first heap   total 121856K, used 70156K [0x0000000080000000, 0x0000000100000000)
  region size 1024K, 4 young (4096K), 4 survivors (4096K)
 Metaspace       used 68668K, committed 70336K, reserved 1114112K
  class space    used 9409K, committed 10304K, reserved 1048576K
}
Event: 7.312 GC heap before
{Heap before GC invocations=25 (full 0):
 garbage-first heap   total 121856K, used 100876K [0x0000000080000000, 0x0000000100000000)
  region size 1024K, 34 young (34816K), 4 survivors (4096K)
 Metaspace       used 72551K, committed 74240K, reserved 1114112K
  class space    used 9937K, committed 10816K, reserved 1048576K
}
Event: 7.320 GC heap after
{Heap after GC invocations=26 (full 0):
 garbage-first heap   total 208896K, used 72669K [0x0000000080000000, 0x0000000100000000)
  region size 1024K, 5 young (5120K), 5 survivors (5120K)
 Metaspace       used 72551K, committed 74240K, reserved 1114112K
  class space    used 9937K, committed 10816K, reserved 1048576K
}
Event: 8.450 GC heap before
{Heap before GC invocations=27 (full 0):
 garbage-first heap   total 208896K, used 166877K [0x0000000080000000, 0x0000000100000000)
  region size 1024K, 98 young (100352K), 5 survivors (5120K)
 Metaspace       used 76794K, committed 78592K, reserved 1179648K
  class space    used 10630K, committed 11584K, reserved 1048576K
}
Event: 8.458 GC heap after
{Heap after GC invocations=28 (full 0):
 garbage-first heap   total 208896K, used 80452K [0x0000000080000000, 0x0000000100000000)
  region size 1024K, 12 young (12288K), 12 survivors (12288K)
 Metaspace       used 76794K, committed 78592K, reserved 1179648K
  class space    used 10630K, committed 11584K, reserved 1048576K
}
Event: 9.248 GC heap before
{Heap before GC invocations=28 (full 0):
 garbage-first heap   total 208896K, used 163396K [0x0000000080000000, 0x0000000100000000)
  region size 1024K, 94 young (96256K), 12 survivors (12288K)
 Metaspace       used 82045K, committed 83840K, reserved 1179648K
  class space    used 11243K, committed 12160K, reserved 1048576K
}
Event: 9.259 GC heap after
{Heap after GC invocations=29 (full 0):
 garbage-first heap   total 208896K, used 87126K [0x0000000080000000, 0x0000000100000000)
  region size 1024K, 7 young (7168K), 7 survivors (7168K)
 Metaspace       used 82045K, committed 83840K, reserved 1179648K
  class space    used 11243K, committed 12160K, reserved 1048576K
}
Event: 9.480 GC heap before
{Heap before GC invocations=29 (full 0):
 garbage-first heap   total 208896K, used 165974K [0x0000000080000000, 0x0000000100000000)
  region size 1024K, 85 young (87040K), 7 survivors (7168K)
 Metaspace       used 84267K, committed 86016K, reserved 1179648K
  class space    used 11555K, committed 12480K, reserved 1048576K
}
Event: 9.489 GC heap after
{Heap after GC invocations=30 (full 0):
 garbage-first heap   total 208896K, used 104833K [0x0000000080000000, 0x0000000100000000)
  region size 1024K, 11 young (11264K), 11 survivors (11264K)
 Metaspace       used 84267K, committed 86016K, reserved 1179648K
  class space    used 11555K, committed 12480K, reserved 1048576K
}
Event: 9.659 GC heap before
{Heap before GC invocations=30 (full 0):
 garbage-first heap   total 208896K, used 162177K [0x0000000080000000, 0x0000000100000000)
  region size 1024K, 68 young (69632K), 11 survivors (11264K)
 Metaspace       used 88005K, committed 89856K, reserved 1179648K
  class space    used 12114K, committed 13056K, reserved 1048576K
}
Event: 9.670 GC heap after
{Heap after GC invocations=31 (full 0):
 garbage-first heap   total 208896K, used 112870K [0x0000000080000000, 0x0000000100000000)
  region size 1024K, 9 young (9216K), 9 survivors (9216K)
 Metaspace       used 88005K, committed 89856K, reserved 1179648K
  class space    used 12114K, committed 13056K, reserved 1048576K
}
Event: 9.784 GC heap before
{Heap before GC invocations=31 (full 0):
 garbage-first heap   total 252928K, used 164070K [0x0000000080000000, 0x0000000100000000)
  region size 1024K, 59 young (60416K), 9 survivors (9216K)
 Metaspace       used 88950K, committed 90752K, reserved 1179648K
  class space    used 12276K, committed 13184K, reserved 1048576K
}
Event: 9.798 GC heap after
{Heap after GC invocations=32 (full 0):
 garbage-first heap   total 252928K, used 122833K [0x0000000080000000, 0x0000000100000000)
  region size 1024K, 8 young (8192K), 8 survivors (8192K)
 Metaspace       used 88950K, committed 90752K, reserved 1179648K
  class space    used 12276K, committed 13184K, reserved 1048576K
}
Event: 9.925 GC heap before
{Heap before GC invocations=33 (full 0):
 garbage-first heap   total 252928K, used 197585K [0x0000000080000000, 0x0000000100000000)
  region size 1024K, 82 young (83968K), 8 survivors (8192K)
 Metaspace       used 89603K, committed 91392K, reserved 1179648K
  class space    used 12389K, committed 13312K, reserved 1048576K
}
Event: 9.939 GC heap after
{Heap after GC invocations=34 (full 0):
 garbage-first heap   total 252928K, used 137169K [0x0000000080000000, 0x0000000100000000)
  region size 1024K, 11 young (11264K), 11 survivors (11264K)
 Metaspace       used 89603K, committed 91392K, reserved 1179648K
  class space    used 12389K, committed 13312K, reserved 1048576K
}
Event: 9.941 GC heap before
{Heap before GC invocations=34 (full 0):
 garbage-first heap   total 252928K, used 138193K [0x0000000080000000, 0x0000000100000000)
  region size 1024K, 12 young (12288K), 11 survivors (11264K)
 Metaspace       used 89607K, committed 91456K, reserved 1179648K
  class space    used 12390K, committed 13312K, reserved 1048576K
}
Event: 9.948 GC heap after
{Heap after GC invocations=35 (full 0):
 garbage-first heap   total 252928K, used 138469K [0x0000000080000000, 0x0000000100000000)
  region size 1024K, 2 young (2048K), 2 survivors (2048K)
 Metaspace       used 89607K, committed 91456K, reserved 1179648K
  class space    used 12390K, committed 13312K, reserved 1048576K
}
Event: 10.032 GC heap before
{Heap before GC invocations=35 (full 0):
 garbage-first heap   total 252928K, used 199909K [0x0000000080000000, 0x0000000100000000)
  region size 1024K, 62 young (63488K), 2 survivors (2048K)
 Metaspace       used 91471K, committed 93248K, reserved 1179648K
  class space    used 12752K, committed 13696K, reserved 1048576K
}

