# JRE version: Java(TM) SE Runtime Environment (18.0.1.1+2) (build 18.0.1.1+2-6)
# Java VM: Java HotSpot(TM) 64-Bit Server VM (18.0.1.1+2-6, mixed mode, sharing, tiered, compressed oops, compressed class ptrs, g1 gc, windows-amd64)
GC Precious Log:
 CardTable entry size: 512
 Card Set container configuration: InlinePtr #cards 5 size 8 Array Of Cards #cards 12 size 40 Howl #buckets 4 coarsen threshold 1843 Howl Bitmap #cards 512 size 80 coarsen threshold 460 Card regions per heap region 1 cards per card region 2048
 CPUs: 8 total, 8 available
 Memory: 8023M
 Large Page Support: Disabled
 NUMA Support: Disabled
 Compressed Oops: Enabled (32-bit)
 Heap Region Size: 1M
 Heap Min Capacity: 8M
 Heap Initial Capacity: 126M
 Heap Max Capacity: 2G
 Pre-touch: Disabled
 Parallel Workers: 8
 Concurrent Workers: 2
 Concurrent Refinement Workers: 8
 Periodic GC: Disabled
Heap:
 garbage-first heap   total 328704K, used 179411K [0x0000000080000000, 0x0000000100000000)
  region size 1024K, 2 young (2048K), 2 survivors (2048K)
 Metaspace       used 97759K, committed 99584K, reserved 1179648K
  class space    used 13358K, committed 14336K, reserved 1048576K
GC Heap History (20 events):
Event: 6.789 GC heap after
{Heap after GC invocations=33 (full 0):
 garbage-first heap   total 137216K, used 80295K [0x0000000080000000, 0x0000000100000000)
  region size 1024K, 3 young (3072K), 3 survivors (3072K)
 Metaspace       used 78793K, committed 80512K, reserved 1179648K
  class space    used 10737K, committed 11648K, reserved 1048576K
}
Event: 7.064 GC heap before
{Heap before GC invocations=34 (full 0):
 garbage-first heap   total 148480K, used 111015K [0x0000000080000000, 0x0000000100000000)
  region size 1024K, 34 young (34816K), 3 survivors (3072K)
 Metaspace       used 79250K, committed 81024K, reserved 1179648K
  class space    used 10781K, committed 11712K, reserved 1048576K
}
Event: 7.069 GC heap after
{Heap after GC invocations=35 (full 0):
 garbage-first heap   total 148480K, used 83215K [0x0000000080000000, 0x0000000100000000)
  region size 1024K, 5 young (5120K), 5 survivors (5120K)
 Metaspace       used 79250K, committed 81024K, reserved 1179648K
  class space    used 10781K, committed 11712K, reserved 1048576K
}
Event: 7.074 GC heap before
{Heap before GC invocations=35 (full 0):
 garbage-first heap   total 148480K, used 85263K [0x0000000080000000, 0x0000000100000000)
  region size 1024K, 7 young (7168K), 5 survivors (5120K)
 Metaspace       used 79252K, committed 81024K, reserved 1179648K
  class space    used 10781K, committed 11712K, reserved 1048576K
}
Event: 7.080 GC heap after
{Heap after GC invocations=36 (full 0):
 garbage-first heap   total 148480K, used 83351K [0x0000000080000000, 0x0000000100000000)
  region size 1024K, 1 young (1024K), 1 survivors (1024K)
 Metaspace       used 79252K, committed 81024K, reserved 1179648K
  class space    used 10781K, committed 11712K, reserved 1048576K
}
Event: 7.322 GC heap before
{Heap before GC invocations=36 (full 0):
 garbage-first heap   total 148480K, used 120215K [0x0000000080000000, 0x0000000100000000)
  region size 1024K, 38 young (38912K), 1 survivors (1024K)
 Metaspace       used 81328K, committed 83072K, reserved 1179648K
  class space    used 11061K, committed 11968K, reserved 1048576K
}
Event: 7.325 GC heap after
{Heap after GC invocations=37 (full 0):
 garbage-first heap   total 328704K, used 84691K [0x0000000080000000, 0x0000000100000000)
  region size 1024K, 3 young (3072K), 3 survivors (3072K)
 Metaspace       used 81328K, committed 83072K, reserved 1179648K
  class space    used 11061K, committed 11968K, reserved 1048576K
}
Event: 8.477 GC heap before
{Heap before GC invocations=38 (full 0):
 garbage-first heap   total 307200K, used 252627K [0x0000000080000000, 0x0000000100000000)
  region size 1024K, 168 young (172032K), 3 survivors (3072K)
 Metaspace       used 91699K, committed 93504K, reserved 1179648K
  class space    used 12423K, committed 13376K, reserved 1048576K
}
Event: 8.498 GC heap after
{Heap after GC invocations=39 (full 0):
 garbage-first heap   total 307200K, used 113530K [0x0000000080000000, 0x0000000100000000)
  region size 1024K, 21 young (21504K), 21 survivors (21504K)
 Metaspace       used 91699K, committed 93504K, reserved 1179648K
  class space    used 12423K, committed 13376K, reserved 1048576K
}
Event: 8.507 GC heap before
{Heap before GC invocations=39 (full 0):
 garbage-first heap   total 307200K, used 114554K [0x0000000080000000, 0x0000000100000000)
  region size 1024K, 22 young (22528K), 21 survivors (21504K)
 Metaspace       used 91717K, committed 93504K, reserved 1179648K
  class space    used 12424K, committed 13376K, reserved 1048576K
}
Event: 8.516 GC heap after
{Heap after GC invocations=40 (full 0):
 garbage-first heap   total 307200K, used 115811K [0x0000000080000000, 0x0000000100000000)
  region size 1024K, 2 young (2048K), 2 survivors (2048K)
 Metaspace       used 91717K, committed 93504K, reserved 1179648K
  class space    used 12424K, committed 13376K, reserved 1048576K
}
Event: 8.903 GC heap before
{Heap before GC invocations=40 (full 0):
 garbage-first heap   total 307200K, used 217187K [0x0000000080000000, 0x0000000100000000)
  region size 1024K, 102 young (104448K), 2 survivors (2048K)
 Metaspace       used 93961K, committed 95808K, reserved 1179648K
  class space    used 12696K, committed 13696K, reserved 1048576K
}
Event: 8.923 GC heap after
{Heap after GC invocations=41 (full 0):
 garbage-first heap   total 307200K, used 135854K [0x0000000080000000, 0x0000000100000000)
  region size 1024K, 13 young (13312K), 13 survivors (13312K)
 Metaspace       used 93961K, committed 95808K, reserved 1179648K
  class space    used 12696K, committed 13696K, reserved 1048576K
}
Event: 9.122 GC heap before
{Heap before GC invocations=41 (full 0):
 garbage-first heap   total 307200K, used 225966K [0x0000000080000000, 0x0000000100000000)
  region size 1024K, 101 young (103424K), 13 survivors (13312K)
 Metaspace       used 95026K, committed 96960K, reserved 1179648K
  class space    used 12889K, committed 13888K, reserved 1048576K
}
Event: 9.146 GC heap after
{Heap after GC invocations=42 (full 0):
 garbage-first heap   total 307200K, used 153448K [0x0000000080000000, 0x0000000100000000)
  region size 1024K, 13 young (13312K), 13 survivors (13312K)
 Metaspace       used 95026K, committed 96960K, reserved 1179648K
  class space    used 12889K, committed 13888K, reserved 1048576K
}
Event: 9.327 GC heap before
{Heap before GC invocations=42 (full 0):
 garbage-first heap   total 307200K, used 235368K [0x0000000080000000, 0x0000000100000000)
  region size 1024K, 93 young (95232K), 13 survivors (13312K)
 Metaspace       used 96368K, committed 98240K, reserved 1179648K
  class space    used 13108K, committed 14080K, reserved 1048576K
}
Event: 9.347 GC heap after
{Heap after GC invocations=43 (full 0):
 garbage-first heap   total 307200K, used 168808K [0x0000000080000000, 0x0000000100000000)
  region size 1024K, 12 young (12288K), 12 survivors (12288K)
 Metaspace       used 96368K, committed 98240K, reserved 1179648K
  class space    used 13108K, committed 14080K, reserved 1048576K
}
Event: 9.980 GC heap before
{Heap before GC invocations=44 (full 0):
 garbage-first heap   total 307200K, used 243560K [0x0000000080000000, 0x0000000100000000)
  region size 1024K, 85 young (87040K), 12 survivors (12288K)
 Metaspace       used 97738K, committed 99584K, reserved 1179648K
  class space    used 13356K, committed 14336K, reserved 1048576K
}
Event: 9.999 GC heap after
{Heap after GC invocations=45 (full 0):
 garbage-first heap   total 307200K, used 181042K [0x0000000080000000, 0x0000000100000000)
  region size 1024K, 11 young (11264K), 11 survivors (11264K)
 Metaspace       used 97738K, committed 99584K, reserved 1179648K
  class space    used 13356K, committed 14336K, reserved 1048576K
}
Event: 10.014 GC heap before
{Heap before GC invocations=45 (full 0):
 garbage-first heap   total 307200K, used 185138K [0x0000000080000000, 0x0000000100000000)
  region size 1024K, 15 young (15360K), 11 survivors (11264K)
 Metaspace       used 97759K, committed 99584K, reserved 1179648K
  class space    used 13358K, committed 14336K, reserved 1048576K
}

