# JRE version: Java(TM) SE Runtime Environment (18.0.1.1+2) (build 18.0.1.1+2-6)
# Java VM: Java HotSpot(TM) 64-Bit Server VM (18.0.1.1+2-6, mixed mode, sharing, tiered, compressed oops, compressed class ptrs, g1 gc, windows-amd64)
GC Precious Log:
 CardTable entry size: 512
 Card Set container configuration: InlinePtr #cards 5 size 8 Array Of Cards #cards 12 size 40 Howl #buckets 4 coarsen threshold 1843 Howl Bitmap #cards 512 size 80 coarsen threshold 460 Card regions per heap region 1 cards per card region 2048
 CPUs: 8 total, 8 available
 Memory: 8023M
 Large Page Support: Disabled
 NUMA Support: Disabled
 Compressed Oops: Enabled (32-bit)
 Heap Region Size: 1M
 Heap Min Capacity: 8M
 Heap Initial Capacity: 126M
 Heap Max Capacity: 2G
 Pre-touch: Disabled
 Parallel Workers: 8
 Concurrent Workers: 2
 Concurrent Refinement Workers: 8
 Periodic GC: Disabled
Heap:
 garbage-first heap   total 167936K, used 114085K [0x0000000080000000, 0x0000000100000000)
  region size 1024K, 6 young (6144K), 6 survivors (6144K)
 Metaspace       used 77808K, committed 79680K, reserved 1179648K
  class space    used 10538K, committed 11520K, reserved 1048576K
GC Heap History (20 events):
Event: 4.749 GC heap after
{Heap after GC invocations=14 (full 0):
 garbage-first heap   total 156672K, used 79868K [0x0000000080000000, 0x0000000100000000)
  region size 1024K, 1 young (1024K), 1 survivors (1024K)
 Metaspace       used 46814K, committed 48320K, reserved 1114112K
  class space    used 6580K, committed 7360K, reserved 1048576K
}
Event: 5.175 GC heap before
{Heap before GC invocations=14 (full 0):
 garbage-first heap   total 156672K, used 116732K [0x0000000080000000, 0x0000000100000000)
  region size 1024K, 38 young (38912K), 1 survivors (1024K)
 Metaspace       used 51264K, committed 52864K, reserved 1114112K
  class space    used 7105K, committed 7936K, reserved 1048576K
}
Event: 5.178 GC heap after
{Heap after GC invocations=15 (full 0):
 garbage-first heap   total 156672K, used 81889K [0x0000000080000000, 0x0000000100000000)
  region size 1024K, 3 young (3072K), 3 survivors (3072K)
 Metaspace       used 51264K, committed 52864K, reserved 1114112K
  class space    used 7105K, committed 7936K, reserved 1048576K
}
Event: 5.610 GC heap before
{Heap before GC invocations=16 (full 0):
 garbage-first heap   total 156672K, used 120801K [0x0000000080000000, 0x0000000100000000)
  region size 1024K, 41 young (41984K), 3 survivors (3072K)
 Metaspace       used 57640K, committed 59200K, reserved 1114112K
  class space    used 7860K, committed 8640K, reserved 1048576K
}
Event: 5.615 GC heap after
{Heap after GC invocations=17 (full 0):
 garbage-first heap   total 156672K, used 83667K [0x0000000080000000, 0x0000000100000000)
  region size 1024K, 5 young (5120K), 5 survivors (5120K)
 Metaspace       used 57640K, committed 59200K, reserved 1114112K
  class space    used 7860K, committed 8640K, reserved 1048576K
}
Event: 5.636 GC heap before
{Heap before GC invocations=17 (full 0):
 garbage-first heap   total 156672K, used 85715K [0x0000000080000000, 0x0000000100000000)
  region size 1024K, 7 young (7168K), 5 survivors (5120K)
 Metaspace       used 57789K, committed 59328K, reserved 1114112K
  class space    used 7891K, committed 8640K, reserved 1048576K
}
Event: 5.640 GC heap after
{Heap after GC invocations=18 (full 0):
 garbage-first heap   total 156672K, used 83455K [0x0000000080000000, 0x0000000100000000)
  region size 1024K, 1 young (1024K), 1 survivors (1024K)
 Metaspace       used 57789K, committed 59328K, reserved 1114112K
  class space    used 7891K, committed 8640K, reserved 1048576K
}
Event: 6.055 GC heap before
{Heap before GC invocations=18 (full 0):
 garbage-first heap   total 156672K, used 121343K [0x0000000080000000, 0x0000000100000000)
  region size 1024K, 39 young (39936K), 1 survivors (1024K)
 Metaspace       used 63034K, committed 64704K, reserved 1114112K
  class space    used 8525K, committed 9344K, reserved 1048576K
}
Event: 6.058 GC heap after
{Heap after GC invocations=19 (full 0):
 garbage-first heap   total 156672K, used 87311K [0x0000000080000000, 0x0000000100000000)
  region size 1024K, 5 young (5120K), 5 survivors (5120K)
 Metaspace       used 63034K, committed 64704K, reserved 1114112K
  class space    used 8525K, committed 9344K, reserved 1048576K
}
Event: 6.528 GC heap before
{Heap before GC invocations=20 (full 0):
 garbage-first heap   total 157696K, used 125199K [0x0000000080000000, 0x0000000100000000)
  region size 1024K, 41 young (41984K), 5 survivors (5120K)
 Metaspace       used 66979K, committed 68608K, reserved 1114112K
  class space    used 8988K, committed 9792K, reserved 1048576K
}
Event: 6.532 GC heap after
{Heap after GC invocations=21 (full 0):
 garbage-first heap   total 157696K, used 89640K [0x0000000080000000, 0x0000000100000000)
  region size 1024K, 3 young (3072K), 3 survivors (3072K)
 Metaspace       used 66979K, committed 68608K, reserved 1114112K
  class space    used 8988K, committed 9792K, reserved 1048576K
}
Event: 6.597 GC heap before
{Heap before GC invocations=21 (full 0):
 garbage-first heap   total 157696K, used 93736K [0x0000000080000000, 0x0000000100000000)
  region size 1024K, 7 young (7168K), 3 survivors (3072K)
 Metaspace       used 67255K, committed 68864K, reserved 1114112K
  class space    used 9022K, committed 9856K, reserved 1048576K
}
Event: 6.601 GC heap after
{Heap after GC invocations=22 (full 0):
 garbage-first heap   total 157696K, used 90032K [0x0000000080000000, 0x0000000100000000)
  region size 1024K, 1 young (1024K), 1 survivors (1024K)
 Metaspace       used 67255K, committed 68864K, reserved 1114112K
  class space    used 9022K, committed 9856K, reserved 1048576K
}
Event: 6.853 GC heap before
{Heap before GC invocations=22 (full 0):
 garbage-first heap   total 157696K, used 126896K [0x0000000080000000, 0x0000000100000000)
  region size 1024K, 37 young (37888K), 1 survivors (1024K)
 Metaspace       used 68656K, committed 70400K, reserved 1114112K
  class space    used 9174K, committed 10048K, reserved 1048576K
}
Event: 6.856 GC heap after
{Heap after GC invocations=23 (full 0):
 garbage-first heap   total 157696K, used 92870K [0x0000000080000000, 0x0000000100000000)
  region size 1024K, 4 young (4096K), 4 survivors (4096K)
 Metaspace       used 68656K, committed 70400K, reserved 1114112K
  class space    used 9174K, committed 10048K, reserved 1048576K
}
Event: 7.285 GC heap before
{Heap before GC invocations=24 (full 0):
 garbage-first heap   total 167936K, used 127686K [0x0000000080000000, 0x0000000100000000)
  region size 1024K, 38 young (38912K), 4 survivors (4096K)
 Metaspace       used 72729K, committed 74432K, reserved 1114112K
  class space    used 9906K, committed 10752K, reserved 1048576K
}
Event: 7.290 GC heap after
{Heap after GC invocations=25 (full 0):
 garbage-first heap   total 167936K, used 95164K [0x0000000080000000, 0x0000000100000000)
  region size 1024K, 3 young (3072K), 3 survivors (3072K)
 Metaspace       used 72729K, committed 74432K, reserved 1114112K
  class space    used 9906K, committed 10752K, reserved 1048576K
}
Event: 7.343 GC heap before
{Heap before GC invocations=25 (full 0):
 garbage-first heap   total 167936K, used 100284K [0x0000000080000000, 0x0000000100000000)
  region size 1024K, 8 young (8192K), 3 survivors (3072K)
 Metaspace       used 73207K, committed 74880K, reserved 1114112K
  class space    used 9972K, committed 10816K, reserved 1048576K
}
Event: 7.345 GC heap after
{Heap after GC invocations=26 (full 0):
 garbage-first heap   total 167936K, used 95554K [0x0000000080000000, 0x0000000100000000)
  region size 1024K, 1 young (1024K), 1 survivors (1024K)
 Metaspace       used 73207K, committed 74880K, reserved 1114112K
  class space    used 9972K, committed 10816K, reserved 1048576K
}
Event: 7.849 GC heap before
{Heap before GC invocations=26 (full 0):
 garbage-first heap   total 167936K, used 146754K [0x0000000080000000, 0x0000000100000000)
  region size 1024K, 42 young (43008K), 1 survivors (1024K)
 Metaspace       used 77808K, committed 79680K, reserved 1179648K
  class space    used 10538K, committed 11520K, reserved 1048576K
}

