# JRE version: Java(TM) SE Runtime Environment (18.0.1.1+2) (build 18.0.1.1+2-6)
# Java VM: Java HotSpot(TM) 64-Bit Server VM (18.0.1.1+2-6, mixed mode, sharing, tiered, compressed oops, compressed class ptrs, g1 gc, windows-amd64)
GC Precious Log:
 CardTable entry size: 512
 Card Set container configuration: InlinePtr #cards 5 size 8 Array Of Cards #cards 12 size 40 Howl #buckets 4 coarsen threshold 1843 Howl Bitmap #cards 512 size 80 coarsen threshold 460 Card regions per heap region 1 cards per card region 2048
 CPUs: 8 total, 8 available
 Memory: 8023M
 Large Page Support: Disabled
 NUMA Support: Disabled
 Compressed Oops: Enabled (32-bit)
 Heap Region Size: 1M
 Heap Min Capacity: 8M
 Heap Initial Capacity: 126M
 Heap Max Capacity: 2G
 Pre-touch: Disabled
 Parallel Workers: 8
 Concurrent Workers: 2
 Concurrent Refinement Workers: 8
 Periodic GC: Disabled
Heap:
 garbage-first heap   total 456704K, used 183704K [0x0000000080000000, 0x0000000100000000)
  region size 1024K, 2 young (2048K), 2 survivors (2048K)
 Metaspace       used 108976K, committed 110912K, reserved 1179648K
  class space    used 14779K, committed 15808K, reserved 1048576K
GC Heap History (20 events):
Event: 9.024 GC heap after
{Heap after GC invocations=34 (full 0):
 garbage-first heap   total 456704K, used 93529K [0x0000000080000000, 0x0000000100000000)
  region size 1024K, 2 young (2048K), 2 survivors (2048K)
 Metaspace       used 85455K, committed 87296K, reserved 1179648K
  class space    used 11516K, committed 12480K, reserved 1048576K
}
Event: 24.732 GC heap before
{Heap before GC invocations=35 (full 0):
 garbage-first heap   total 419840K, used 345433K [0x0000000080000000, 0x0000000100000000)
  region size 1024K, 246 young (251904K), 2 survivors (2048K)
 Metaspace       used 92567K, committed 94400K, reserved 1179648K
  class space    used 12330K, committed 13312K, reserved 1048576K
}
Event: 24.737 GC heap after
{Heap after GC invocations=36 (full 0):
 garbage-first heap   total 419840K, used 99227K [0x0000000080000000, 0x0000000100000000)
  region size 1024K, 6 young (6144K), 6 survivors (6144K)
 Metaspace       used 92567K, committed 94400K, reserved 1179648K
  class space    used 12330K, committed 13312K, reserved 1048576K
}
Event: 24.776 GC heap before
{Heap before GC invocations=36 (full 0):
 garbage-first heap   total 419840K, used 113563K [0x0000000080000000, 0x0000000100000000)
  region size 1024K, 20 young (20480K), 6 survivors (6144K)
 Metaspace       used 92592K, committed 94400K, reserved 1179648K
  class space    used 12333K, committed 13312K, reserved 1048576K
}
Event: 24.779 GC heap after
{Heap after GC invocations=37 (full 0):
 garbage-first heap   total 419840K, used 99461K [0x0000000080000000, 0x0000000100000000)
  region size 1024K, 1 young (1024K), 1 survivors (1024K)
 Metaspace       used 92592K, committed 94400K, reserved 1179648K
  class space    used 12333K, committed 13312K, reserved 1048576K
}
Event: 25.388 GC heap before
{Heap before GC invocations=37 (full 0):
 garbage-first heap   total 419840K, used 345221K [0x0000000080000000, 0x0000000100000000)
  region size 1024K, 241 young (246784K), 1 survivors (1024K)
 Metaspace       used 92592K, committed 94400K, reserved 1179648K
  class space    used 12333K, committed 13312K, reserved 1048576K
}
Event: 25.390 GC heap after
{Heap after GC invocations=38 (full 0):
 garbage-first heap   total 419840K, used 99393K [0x0000000080000000, 0x0000000100000000)
  region size 1024K, 4 young (4096K), 4 survivors (4096K)
 Metaspace       used 92592K, committed 94400K, reserved 1179648K
  class space    used 12333K, committed 13312K, reserved 1048576K
}
Event: 26.205 GC heap before
{Heap before GC invocations=38 (full 0):
 garbage-first heap   total 419840K, used 346177K [0x0000000080000000, 0x0000000100000000)
  region size 1024K, 246 young (251904K), 4 survivors (4096K)
 Metaspace       used 99775K, committed 101632K, reserved 1179648K
  class space    used 13382K, committed 14336K, reserved 1048576K
}
Event: 26.230 GC heap after
{Heap after GC invocations=39 (full 0):
 garbage-first heap   total 419840K, used 138633K [0x0000000080000000, 0x0000000100000000)
  region size 1024K, 31 young (31744K), 31 survivors (31744K)
 Metaspace       used 99775K, committed 101632K, reserved 1179648K
  class space    used 13382K, committed 14336K, reserved 1048576K
}
Event: 26.562 GC heap before
{Heap before GC invocations=39 (full 0):
 garbage-first heap   total 419840K, used 322953K [0x0000000080000000, 0x0000000100000000)
  region size 1024K, 211 young (216064K), 31 survivors (31744K)
 Metaspace       used 101588K, committed 103424K, reserved 1179648K
  class space    used 13723K, committed 14720K, reserved 1048576K
}
Event: 26.599 GC heap after
{Heap after GC invocations=40 (full 0):
 garbage-first heap   total 419840K, used 162706K [0x0000000080000000, 0x0000000100000000)
  region size 1024K, 27 young (27648K), 27 survivors (27648K)
 Metaspace       used 101588K, committed 103424K, reserved 1179648K
  class space    used 13723K, committed 14720K, reserved 1048576K
}
Event: 27.136 GC heap before
{Heap before GC invocations=40 (full 0):
 garbage-first heap   total 419840K, used 320402K [0x0000000080000000, 0x0000000100000000)
  region size 1024K, 182 young (186368K), 27 survivors (27648K)
 Metaspace       used 106401K, committed 108352K, reserved 1179648K
  class space    used 14507K, committed 15552K, reserved 1048576K
}
Event: 27.165 GC heap after
{Heap after GC invocations=41 (full 0):
 garbage-first heap   total 419840K, used 183186K [0x0000000080000000, 0x0000000100000000)
  region size 1024K, 19 young (19456K), 19 survivors (19456K)
 Metaspace       used 106401K, committed 108352K, reserved 1179648K
  class space    used 14507K, committed 15552K, reserved 1048576K
}
Event: 27.617 GC heap before
{Heap before GC invocations=41 (full 0):
 garbage-first heap   total 419840K, used 328594K [0x0000000080000000, 0x0000000100000000)
  region size 1024K, 161 young (164864K), 19 survivors (19456K)
 Metaspace       used 107240K, committed 109184K, reserved 1179648K
  class space    used 14611K, committed 15680K, reserved 1048576K
}
Event: 27.628 GC heap after
{Heap after GC invocations=42 (full 0):
 garbage-first heap   total 419840K, used 187187K [0x0000000080000000, 0x0000000100000000)
  region size 1024K, 4 young (4096K), 4 survivors (4096K)
 Metaspace       used 107240K, committed 109184K, reserved 1179648K
  class space    used 14611K, committed 15680K, reserved 1048576K
}
Event: 28.149 GC heap before
{Heap before GC invocations=43 (full 0):
 garbage-first heap   total 419840K, used 335667K [0x0000000080000000, 0x0000000100000000)
  region size 1024K, 150 young (153600K), 4 survivors (4096K)
 Metaspace       used 108545K, committed 110464K, reserved 1179648K
  class space    used 14777K, committed 15808K, reserved 1048576K
}
Event: 28.153 GC heap after
{Heap after GC invocations=44 (full 0):
 garbage-first heap   total 419840K, used 185540K [0x0000000080000000, 0x0000000100000000)
  region size 1024K, 3 young (3072K), 3 survivors (3072K)
 Metaspace       used 108545K, committed 110464K, reserved 1179648K
  class space    used 14777K, committed 15808K, reserved 1048576K
}
Event: 28.195 GC heap before
{Heap before GC invocations=44 (full 0):
 garbage-first heap   total 419840K, used 202948K [0x0000000080000000, 0x0000000100000000)
  region size 1024K, 20 young (20480K), 3 survivors (3072K)
 Metaspace       used 108564K, committed 110528K, reserved 1179648K
  class space    used 14777K, committed 15808K, reserved 1048576K
}
Event: 28.200 GC heap after
{Heap after GC invocations=45 (full 0):
 garbage-first heap   total 419840K, used 183626K [0x0000000080000000, 0x0000000100000000)
  region size 1024K, 2 young (2048K), 2 survivors (2048K)
 Metaspace       used 108564K, committed 110528K, reserved 1179648K
  class space    used 14777K, committed 15808K, reserved 1048576K
}
Event: 28.575 GC heap before
{Heap before GC invocations=45 (full 0):
 garbage-first heap   total 419840K, used 341322K [0x0000000080000000, 0x0000000100000000)
  region size 1024K, 157 young (160768K), 2 survivors (2048K)
 Metaspace       used 108976K, committed 110912K, reserved 1179648K
  class space    used 14779K, committed 15808K, reserved 1048576K
}

