# JRE version: Java(TM) SE Runtime Environment (18.0.1.1+2) (build 18.0.1.1+2-6)
# Java VM: Java HotSpot(TM) 64-Bit Server VM (18.0.1.1+2-6, mixed mode, sharing, tiered, compressed oops, compressed class ptrs, g1 gc, windows-amd64)
GC Precious Log:
 CardTable entry size: 512
 Card Set container configuration: InlinePtr #cards 5 size 8 Array Of Cards #cards 12 size 40 Howl #buckets 4 coarsen threshold 1843 Howl Bitmap #cards 512 size 80 coarsen threshold 460 Card regions per heap region 1 cards per card region 2048
 CPUs: 8 total, 8 available
 Memory: 8023M
 Large Page Support: Disabled
 NUMA Support: Disabled
 Compressed Oops: Enabled (32-bit)
 Heap Region Size: 1M
 Heap Min Capacity: 8M
 Heap Initial Capacity: 126M
 Heap Max Capacity: 2G
 Pre-touch: Disabled
 Parallel Workers: 8
 Concurrent Workers: 2
 Concurrent Refinement Workers: 8
 Periodic GC: Disabled
Heap:
 garbage-first heap   total 177152K, used 104327K [0x0000000080000000, 0x0000000100000000)
  region size 1024K, 7 young (7168K), 7 survivors (7168K)
 Metaspace       used 93586K, committed 95424K, reserved 1179648K
  class space    used 12865K, committed 13824K, reserved 1048576K
GC Heap History (20 events):
Event: 7.346 GC heap after
{Heap after GC invocations=18 (full 0):
 garbage-first heap   total 147456K, used 66092K [0x0000000080000000, 0x0000000100000000)
  region size 1024K, 6 young (6144K), 6 survivors (6144K)
 Metaspace       used 63131K, committed 64768K, reserved 1114112K
  class space    used 8431K, committed 9280K, reserved 1048576K
}
Event: 7.869 GC heap before
{Heap before GC invocations=18 (full 0):
 garbage-first heap   total 147456K, used 116268K [0x0000000080000000, 0x0000000100000000)
  region size 1024K, 55 young (56320K), 6 survivors (6144K)
 Metaspace       used 68538K, committed 70272K, reserved 1114112K
  class space    used 9308K, committed 10240K, reserved 1048576K
}
Event: 7.878 GC heap after
{Heap after GC invocations=19 (full 0):
 garbage-first heap   total 147456K, used 69862K [0x0000000080000000, 0x0000000100000000)
  region size 1024K, 4 young (4096K), 4 survivors (4096K)
 Metaspace       used 68538K, committed 70272K, reserved 1114112K
  class space    used 9308K, committed 10240K, reserved 1048576K
}
Event: 8.348 GC heap before
{Heap before GC invocations=19 (full 0):
 garbage-first heap   total 147456K, used 117990K [0x0000000080000000, 0x0000000100000000)
  region size 1024K, 51 young (52224K), 4 survivors (4096K)
 Metaspace       used 74353K, committed 76032K, reserved 1179648K
  class space    used 10107K, committed 11008K, reserved 1048576K
}
Event: 8.354 GC heap after
{Heap after GC invocations=20 (full 0):
 garbage-first heap   total 147456K, used 72905K [0x0000000080000000, 0x0000000100000000)
  region size 1024K, 7 young (7168K), 7 survivors (7168K)
 Metaspace       used 74353K, committed 76032K, reserved 1179648K
  class space    used 10107K, committed 11008K, reserved 1048576K
}
Event: 9.010 GC heap before
{Heap before GC invocations=21 (full 0):
 garbage-first heap   total 147456K, used 117961K [0x0000000080000000, 0x0000000100000000)
  region size 1024K, 52 young (53248K), 7 survivors (7168K)
 Metaspace       used 78245K, committed 80000K, reserved 1179648K
  class space    used 10580K, committed 11520K, reserved 1048576K
}
Event: 9.018 GC heap after
{Heap after GC invocations=22 (full 0):
 garbage-first heap   total 147456K, used 78873K [0x0000000080000000, 0x0000000100000000)
  region size 1024K, 7 young (7168K), 7 survivors (7168K)
 Metaspace       used 78245K, committed 80000K, reserved 1179648K
  class space    used 10580K, committed 11520K, reserved 1048576K
}
Event: 9.020 GC heap before
{Heap before GC invocations=22 (full 0):
 garbage-first heap   total 147456K, used 79897K [0x0000000080000000, 0x0000000100000000)
  region size 1024K, 8 young (8192K), 7 survivors (7168K)
 Metaspace       used 78254K, committed 80000K, reserved 1179648K
  class space    used 10582K, committed 11520K, reserved 1048576K
}
Event: 9.026 GC heap after
{Heap after GC invocations=23 (full 0):
 garbage-first heap   total 177152K, used 79976K [0x0000000080000000, 0x0000000100000000)
  region size 1024K, 1 young (1024K), 1 survivors (1024K)
 Metaspace       used 78254K, committed 80000K, reserved 1179648K
  class space    used 10582K, committed 11520K, reserved 1048576K
}
Event: 9.478 GC heap before
{Heap before GC invocations=23 (full 0):
 garbage-first heap   total 177152K, used 137320K [0x0000000080000000, 0x0000000100000000)
  region size 1024K, 58 young (59392K), 1 survivors (1024K)
 Metaspace       used 79550K, committed 81344K, reserved 1179648K
  class space    used 10835K, committed 11776K, reserved 1048576K
}
Event: 9.482 GC heap after
{Heap after GC invocations=24 (full 0):
 garbage-first heap   total 177152K, used 83216K [0x0000000080000000, 0x0000000100000000)
  region size 1024K, 5 young (5120K), 5 survivors (5120K)
 Metaspace       used 79550K, committed 81344K, reserved 1179648K
  class space    used 10835K, committed 11776K, reserved 1048576K
}
Event: 9.908 GC heap before
{Heap before GC invocations=25 (full 0):
 garbage-first heap   total 177152K, used 139536K [0x0000000080000000, 0x0000000100000000)
  region size 1024K, 61 young (62464K), 5 survivors (5120K)
 Metaspace       used 80364K, committed 82176K, reserved 1179648K
  class space    used 10929K, committed 11840K, reserved 1048576K
}
Event: 9.915 GC heap after
{Heap after GC invocations=26 (full 0):
 garbage-first heap   total 177152K, used 87229K [0x0000000080000000, 0x0000000100000000)
  region size 1024K, 8 young (8192K), 8 survivors (8192K)
 Metaspace       used 80364K, committed 82176K, reserved 1179648K
  class space    used 10929K, committed 11840K, reserved 1048576K
}
Event: 9.916 GC heap before
{Heap before GC invocations=26 (full 0):
 garbage-first heap   total 177152K, used 88253K [0x0000000080000000, 0x0000000100000000)
  region size 1024K, 9 young (9216K), 8 survivors (8192K)
 Metaspace       used 80364K, committed 82176K, reserved 1179648K
  class space    used 10929K, committed 11840K, reserved 1048576K
}
Event: 9.921 GC heap after
{Heap after GC invocations=27 (full 0):
 garbage-first heap   total 177152K, used 88042K [0x0000000080000000, 0x0000000100000000)
  region size 1024K, 2 young (2048K), 2 survivors (2048K)
 Metaspace       used 80364K, committed 82176K, reserved 1179648K
  class space    used 10929K, committed 11840K, reserved 1048576K
}
Event: 10.580 GC heap before
{Heap before GC invocations=27 (full 0):
 garbage-first heap   total 177152K, used 141290K [0x0000000080000000, 0x0000000100000000)
  region size 1024K, 55 young (56320K), 2 survivors (2048K)
 Metaspace       used 86010K, committed 87744K, reserved 1179648K
  class space    used 11630K, committed 12544K, reserved 1048576K
}
Event: 10.585 GC heap after
{Heap after GC invocations=28 (full 0):
 garbage-first heap   total 177152K, used 91966K [0x0000000080000000, 0x0000000100000000)
  region size 1024K, 6 young (6144K), 6 survivors (6144K)
 Metaspace       used 86010K, committed 87744K, reserved 1179648K
  class space    used 11630K, committed 12544K, reserved 1048576K
}
Event: 11.157 GC heap before
{Heap before GC invocations=28 (full 0):
 garbage-first heap   total 177152K, used 144190K [0x0000000080000000, 0x0000000100000000)
  region size 1024K, 56 young (57344K), 6 survivors (6144K)
 Metaspace       used 87481K, committed 89280K, reserved 1179648K
  class space    used 11855K, committed 12800K, reserved 1048576K
}
Event: 11.165 GC heap after
{Heap after GC invocations=29 (full 0):
 garbage-first heap   total 177152K, used 95494K [0x0000000080000000, 0x0000000100000000)
  region size 1024K, 4 young (4096K), 4 survivors (4096K)
 Metaspace       used 87481K, committed 89280K, reserved 1179648K
  class space    used 11855K, committed 12800K, reserved 1048576K
}
Event: 11.506 GC heap before
{Heap before GC invocations=29 (full 0):
 garbage-first heap   total 177152K, used 143622K [0x0000000080000000, 0x0000000100000000)
  region size 1024K, 52 young (53248K), 4 survivors (4096K)
 Metaspace       used 93586K, committed 95424K, reserved 1179648K
  class space    used 12865K, committed 13824K, reserved 1048576K
}

