# JRE version: Java(TM) SE Runtime Environment (18.0.1.1+2) (build 18.0.1.1+2-6)
# Java VM: Java HotSpot(TM) 64-Bit Server VM (18.0.1.1+2-6, mixed mode, sharing, tiered, compressed oops, compressed class ptrs, g1 gc, windows-amd64)
GC Precious Log:
 CardTable entry size: 512
 Card Set container configuration: InlinePtr #cards 5 size 8 Array Of Cards #cards 12 size 40 Howl #buckets 4 coarsen threshold 1843 Howl Bitmap #cards 512 size 80 coarsen threshold 460 Card regions per heap region 1 cards per card region 2048
 CPUs: 8 total, 8 available
 Memory: 8023M
 Large Page Support: Disabled
 NUMA Support: Disabled
 Compressed Oops: Enabled (32-bit)
 Heap Region Size: 1M
 Heap Min Capacity: 8M
 Heap Initial Capacity: 126M
 Heap Max Capacity: 2G
 Pre-touch: Disabled
 Parallel Workers: 8
 Concurrent Workers: 2
 Concurrent Refinement Workers: 8
 Periodic GC: Disabled
Heap:
 garbage-first heap   total 309248K, used 123904K [0x0000000080000000, 0x0000000100000000)
  region size 1024K, 2 young (2048K), 2 survivors (2048K)
 Metaspace       used 127001K, committed 131456K, reserved 1179648K
  class space    used 16482K, committed 18112K, reserved 1048576K
GC Heap History (20 events):
Event: 23.598 GC heap after
{Heap after GC invocations=35 (full 0):
 garbage-first heap   total 245760K, used 130268K [0x0000000080000000, 0x0000000100000000)
  region size 1024K, 8 young (8192K), 8 survivors (8192K)
 Metaspace       used 114353K, committed 116352K, reserved 1179648K
  class space    used 15047K, committed 16064K, reserved 1048576K
}
Event: 23.615 GC heap before
{Heap before GC invocations=35 (full 0):
 garbage-first heap   total 245760K, used 133340K [0x0000000080000000, 0x0000000100000000)
  region size 1024K, 12 young (12288K), 8 survivors (8192K)
 Metaspace       used 114882K, committed 116864K, reserved 1179648K
  class space    used 15105K, committed 16128K, reserved 1048576K
}
Event: 23.621 GC heap after
{Heap after GC invocations=36 (full 0):
 garbage-first heap   total 245760K, used 124240K [0x0000000080000000, 0x0000000100000000)
  region size 1024K, 2 young (2048K), 2 survivors (2048K)
 Metaspace       used 114882K, committed 116864K, reserved 1179648K
  class space    used 15105K, committed 16128K, reserved 1048576K
}
Event: 23.989 GC heap before
{Heap before GC invocations=36 (full 0):
 garbage-first heap   total 245760K, used 196944K [0x0000000080000000, 0x0000000100000000)
  region size 1024K, 74 young (75776K), 2 survivors (2048K)
 Metaspace       used 121402K, committed 123392K, reserved 1179648K
  class space    used 16196K, committed 17216K, reserved 1048576K
}
Event: 23.993 GC heap after
{Heap after GC invocations=37 (full 0):
 garbage-first heap   total 245760K, used 127592K [0x0000000080000000, 0x0000000100000000)
  region size 1024K, 5 young (5120K), 5 survivors (5120K)
 Metaspace       used 121402K, committed 123392K, reserved 1179648K
  class space    used 16196K, committed 17216K, reserved 1048576K
}
Event: 24.884 GC heap before
{Heap before GC invocations=38 (full 0):
 garbage-first heap   total 245760K, used 213608K [0x0000000080000000, 0x0000000100000000)
  region size 1024K, 76 young (77824K), 5 survivors (5120K)
 Metaspace       used 126917K, committed 128960K, reserved 1179648K
  class space    used 16921K, committed 17984K, reserved 1048576K
}
Event: 24.888 GC heap after
{Heap after GC invocations=39 (full 0):
 garbage-first heap   total 245760K, used 127204K [0x0000000080000000, 0x0000000100000000)
  region size 1024K, 5 young (5120K), 5 survivors (5120K)
 Metaspace       used 126917K, committed 128960K, reserved 1179648K
  class space    used 16921K, committed 17984K, reserved 1048576K
}
Event: 31.309 GC heap before
{Heap before GC invocations=39 (full 0):
 garbage-first heap   total 245760K, used 134372K [0x0000000080000000, 0x0000000100000000)
  region size 1024K, 12 young (12288K), 5 survivors (5120K)
 Metaspace       used 128119K, committed 130112K, reserved 1179648K
  class space    used 17002K, committed 18048K, reserved 1048576K
}
Event: 31.313 GC heap after
{Heap after GC invocations=40 (full 0):
 garbage-first heap   total 245760K, used 124470K [0x0000000080000000, 0x0000000100000000)
  region size 1024K, 1 young (1024K), 1 survivors (1024K)
 Metaspace       used 128119K, committed 130112K, reserved 1179648K
  class space    used 17002K, committed 18048K, reserved 1048576K
}
Event: 2024.966 GC heap before
{Heap before GC invocations=40 (full 0):
 garbage-first heap   total 245760K, used 202294K [0x0000000080000000, 0x0000000100000000)
  region size 1024K, 78 young (79872K), 1 survivors (1024K)
 Metaspace       used 128523K, committed 130560K, reserved 1179648K
  class space    used 17022K, committed 18112K, reserved 1048576K
}
Event: 2024.984 GC heap after
{Heap after GC invocations=41 (full 0):
 garbage-first heap   total 245760K, used 124137K [0x0000000080000000, 0x0000000100000000)
  region size 1024K, 1 young (1024K), 1 survivors (1024K)
 Metaspace       used 128523K, committed 130560K, reserved 1179648K
  class space    used 17022K, committed 18112K, reserved 1048576K
}
Event: 2026.437 GC heap before
{Heap before GC invocations=41 (full 0):
 garbage-first heap   total 245760K, used 206057K [0x0000000080000000, 0x0000000100000000)
  region size 1024K, 80 young (81920K), 1 survivors (1024K)
 Metaspace       used 129182K, committed 131200K, reserved 1179648K
  class space    used 17023K, committed 18112K, reserved 1048576K
}
Event: 2026.466 GC heap after
{Heap after GC invocations=42 (full 0):
 garbage-first heap   total 245760K, used 146024K [0x0000000080000000, 0x0000000100000000)
  region size 1024K, 10 young (10240K), 10 survivors (10240K)
 Metaspace       used 129182K, committed 131200K, reserved 1179648K
  class space    used 17023K, committed 18112K, reserved 1048576K
}
Event: 2026.846 GC heap before
{Heap before GC invocations=42 (full 0):
 garbage-first heap   total 245760K, used 216680K [0x0000000080000000, 0x0000000100000000)
  region size 1024K, 57 young (58368K), 10 survivors (10240K)
 Metaspace       used 129281K, committed 131392K, reserved 1179648K
  class space    used 17023K, committed 18112K, reserved 1048576K
}
Event: 2026.861 GC heap after
{Heap after GC invocations=43 (full 0):
 garbage-first heap   total 245760K, used 149641K [0x0000000080000000, 0x0000000100000000)
  region size 1024K, 4 young (4096K), 4 survivors (4096K)
 Metaspace       used 129281K, committed 131392K, reserved 1179648K
  class space    used 17023K, committed 18112K, reserved 1048576K
}
Event: 2027.245 GC heap before
{Heap before GC invocations=44 (full 0):
 garbage-first heap   total 309248K, used 189577K [0x0000000080000000, 0x0000000100000000)
  region size 1024K, 47 young (48128K), 4 survivors (4096K)
 Metaspace       used 126842K, committed 131456K, reserved 1179648K
  class space    used 16470K, committed 18112K, reserved 1048576K
}
Event: 2027.250 GC heap after
{Heap after GC invocations=45 (full 0):
 garbage-first heap   total 309248K, used 145360K [0x0000000080000000, 0x0000000100000000)
  region size 1024K, 2 young (2048K), 2 survivors (2048K)
 Metaspace       used 126842K, committed 131456K, reserved 1179648K
  class space    used 16470K, committed 18112K, reserved 1048576K
}
Event: 2027.346 GC heap before
{Heap before GC invocations=45 (full 0):
 garbage-first heap   total 309248K, used 157648K [0x0000000080000000, 0x0000000100000000)
  region size 1024K, 15 young (15360K), 2 survivors (2048K)
 Metaspace       used 126896K, committed 131456K, reserved 1179648K
  class space    used 16471K, committed 18112K, reserved 1048576K
}
Event: 2027.360 GC heap after
{Heap after GC invocations=46 (full 0):
 garbage-first heap   total 309248K, used 126532K [0x0000000080000000, 0x0000000100000000)
  region size 1024K, 2 young (2048K), 2 survivors (2048K)
 Metaspace       used 126896K, committed 131456K, reserved 1179648K
  class space    used 16471K, committed 18112K, reserved 1048576K
}
Event: 2029.045 GC heap before
{Heap before GC invocations=46 (full 0):
 garbage-first heap   total 309248K, used 138820K [0x0000000080000000, 0x0000000100000000)
  region size 1024K, 15 young (15360K), 2 survivors (2048K)
 Metaspace       used 127001K, committed 131456K, reserved 1179648K
  class space    used 16482K, committed 18112K, reserved 1048576K
}

