# JRE version: Java(TM) SE Runtime Environment (18.0.1.1+2) (build 18.0.1.1+2-6)
# Java VM: Java HotSpot(TM) 64-Bit Server VM (18.0.1.1+2-6, mixed mode, sharing, tiered, compressed oops, compressed class ptrs, g1 gc, windows-amd64)
GC Precious Log:
 CardTable entry size: 512
 Card Set container configuration: InlinePtr #cards 5 size 8 Array Of Cards #cards 12 size 40 Howl #buckets 4 coarsen threshold 1843 Howl Bitmap #cards 512 size 80 coarsen threshold 460 Card regions per heap region 1 cards per card region 2048
 CPUs: 8 total, 8 available
 Memory: 8023M
 Large Page Support: Disabled
 NUMA Support: Disabled
 Compressed Oops: Enabled (32-bit)
 Heap Region Size: 1M
 Heap Min Capacity: 8M
 Heap Initial Capacity: 126M
 Heap Max Capacity: 2G
 Pre-touch: Disabled
 Parallel Workers: 8
 Concurrent Workers: 2
 Concurrent Refinement Workers: 8
 Periodic GC: Disabled
Heap:
 garbage-first heap   total 159744K, used 87347K [0x0000000080000000, 0x0000000100000000)
  region size 1024K, 4 young (4096K), 2 survivors (2048K)
 Metaspace       used 59429K, committed 61120K, reserved 1114112K
  class space    used 7968K, committed 8832K, reserved 1048576K
GC Heap History (20 events):
Event: 3.159 GC heap before
{Heap before GC invocations=6 (full 0):
 garbage-first heap   total 122880K, used 40370K [0x0000000080000000, 0x0000000100000000)
  region size 1024K, 6 young (6144K), 5 survivors (5120K)
 Metaspace       used 31105K, committed 32192K, reserved 1114112K
  class space    used 4440K, committed 4992K, reserved 1048576K
}
Event: 3.162 GC heap after
{Heap after GC invocations=7 (full 0):
 garbage-first heap   total 122880K, used 39774K [0x0000000080000000, 0x0000000100000000)
  region size 1024K, 1 young (1024K), 1 survivors (1024K)
 Metaspace       used 31105K, committed 32192K, reserved 1114112K
  class space    used 4440K, committed 4992K, reserved 1048576K
}
Event: 3.589 GC heap before
{Heap before GC invocations=7 (full 0):
 garbage-first heap   total 122880K, used 82782K [0x0000000080000000, 0x0000000100000000)
  region size 1024K, 42 young (43008K), 1 survivors (1024K)
 Metaspace       used 34919K, committed 36160K, reserved 1114112K
  class space    used 4861K, committed 5504K, reserved 1048576K
}
Event: 3.592 GC heap after
{Heap after GC invocations=8 (full 0):
 garbage-first heap   total 122880K, used 43030K [0x0000000080000000, 0x0000000100000000)
  region size 1024K, 4 young (4096K), 4 survivors (4096K)
 Metaspace       used 34919K, committed 36160K, reserved 1114112K
  class space    used 4861K, committed 5504K, reserved 1048576K
}
Event: 4.079 GC heap before
{Heap before GC invocations=9 (full 0):
 garbage-first heap   total 122880K, used 96278K [0x0000000080000000, 0x0000000100000000)
  region size 1024K, 51 young (52224K), 4 survivors (4096K)
 Metaspace       used 39023K, committed 40448K, reserved 1114112K
  class space    used 5352K, committed 6080K, reserved 1048576K
}
Event: 4.084 GC heap after
{Heap after GC invocations=10 (full 0):
 garbage-first heap   total 122880K, used 51833K [0x0000000080000000, 0x0000000100000000)
  region size 1024K, 6 young (6144K), 6 survivors (6144K)
 Metaspace       used 39023K, committed 40448K, reserved 1114112K
  class space    used 5352K, committed 6080K, reserved 1048576K
}
Event: 4.655 GC heap before
{Heap before GC invocations=10 (full 0):
 garbage-first heap   total 122880K, used 97913K [0x0000000080000000, 0x0000000100000000)
  region size 1024K, 47 young (48128K), 6 survivors (6144K)
 Metaspace       used 43217K, committed 44736K, reserved 1114112K
  class space    used 6006K, committed 6784K, reserved 1048576K
}
Event: 4.660 GC heap after
{Heap after GC invocations=11 (full 0):
 garbage-first heap   total 122880K, used 61135K [0x0000000080000000, 0x0000000100000000)
  region size 1024K, 5 young (5120K), 5 survivors (5120K)
 Metaspace       used 43217K, committed 44736K, reserved 1114112K
  class space    used 6006K, committed 6784K, reserved 1048576K
}
Event: 4.882 GC heap before
{Heap before GC invocations=11 (full 0):
 garbage-first heap   total 122880K, used 86735K [0x0000000080000000, 0x0000000100000000)
  region size 1024K, 31 young (31744K), 5 survivors (5120K)
 Metaspace       used 43983K, committed 45504K, reserved 1114112K
  class space    used 6097K, committed 6848K, reserved 1048576K
}
Event: 4.887 GC heap after
{Heap after GC invocations=12 (full 0):
 garbage-first heap   total 122880K, used 61869K [0x0000000080000000, 0x0000000100000000)
  region size 1024K, 2 young (2048K), 2 survivors (2048K)
 Metaspace       used 43983K, committed 45504K, reserved 1114112K
  class space    used 6097K, committed 6848K, reserved 1048576K
}
Event: 4.935 GC heap before
{Heap before GC invocations=13 (full 0):
 garbage-first heap   total 122880K, used 74157K [0x0000000080000000, 0x0000000100000000)
  region size 1024K, 10 young (10240K), 2 survivors (2048K)
 Metaspace       used 44000K, committed 45504K, reserved 1114112K
  class space    used 6098K, committed 6848K, reserved 1048576K
}
Event: 4.938 GC heap after
{Heap after GC invocations=14 (full 0):
 garbage-first heap   total 122880K, used 73728K [0x0000000080000000, 0x0000000100000000)
  region size 1024K, 5 young (5120K), 5 survivors (5120K)
 Metaspace       used 44000K, committed 45504K, reserved 1114112K
  class space    used 6098K, committed 6848K, reserved 1048576K
}
Event: 5.107 GC heap before
{Heap before GC invocations=15 (full 0):
 garbage-first heap   total 133120K, used 92160K [0x0000000080000000, 0x0000000100000000)
  region size 1024K, 22 young (22528K), 5 survivors (5120K)
 Metaspace       used 45928K, committed 47424K, reserved 1114112K
  class space    used 6349K, committed 7104K, reserved 1048576K
}
Event: 5.110 GC heap after
{Heap after GC invocations=16 (full 0):
 garbage-first heap   total 133120K, used 77582K [0x0000000080000000, 0x0000000100000000)
  region size 1024K, 2 young (2048K), 2 survivors (2048K)
 Metaspace       used 45928K, committed 47424K, reserved 1114112K
  class space    used 6349K, committed 7104K, reserved 1048576K
}
Event: 5.381 GC heap before
{Heap before GC invocations=16 (full 0):
 garbage-first heap   total 133120K, used 97038K [0x0000000080000000, 0x0000000100000000)
  region size 1024K, 22 young (22528K), 2 survivors (2048K)
 Metaspace       used 49262K, committed 50880K, reserved 1114112K
  class space    used 6798K, committed 7616K, reserved 1048576K
}
Event: 5.383 GC heap after
{Heap after GC invocations=17 (full 0):
 garbage-first heap   total 159744K, used 78729K [0x0000000080000000, 0x0000000100000000)
  region size 1024K, 2 young (2048K), 2 survivors (2048K)
 Metaspace       used 49262K, committed 50880K, reserved 1114112K
  class space    used 6798K, committed 7616K, reserved 1048576K
}
Event: 5.745 GC heap before
{Heap before GC invocations=18 (full 0):
 garbage-first heap   total 159744K, used 110473K [0x0000000080000000, 0x0000000100000000)
  region size 1024K, 33 young (33792K), 2 survivors (2048K)
 Metaspace       used 54698K, committed 56448K, reserved 1114112K
  class space    used 7437K, committed 8320K, reserved 1048576K
}
Event: 5.749 GC heap after
{Heap after GC invocations=19 (full 0):
 garbage-first heap   total 159744K, used 80346K [0x0000000080000000, 0x0000000100000000)
  region size 1024K, 3 young (3072K), 3 survivors (3072K)
 Metaspace       used 54698K, committed 56448K, reserved 1114112K
  class space    used 7437K, committed 8320K, reserved 1048576K
}
Event: 6.061 GC heap before
{Heap before GC invocations=19 (full 0):
 garbage-first heap   total 159744K, used 114138K [0x0000000080000000, 0x0000000100000000)
  region size 1024K, 37 young (37888K), 3 survivors (3072K)
 Metaspace       used 58414K, committed 60160K, reserved 1114112K
  class space    used 7860K, committed 8768K, reserved 1048576K
}
Event: 6.066 GC heap after
{Heap after GC invocations=20 (full 0):
 garbage-first heap   total 159744K, used 84051K [0x0000000080000000, 0x0000000100000000)
  region size 1024K, 5 young (5120K), 5 survivors (5120K)
 Metaspace       used 58414K, committed 60160K, reserved 1114112K
  class space    used 7860K, committed 8768K, reserved 1048576K
}

