# JRE version: Java(TM) SE Runtime Environment (18.0.1.1+2) (build 18.0.1.1+2-6)
# Java VM: Java HotSpot(TM) 64-Bit Server VM (18.0.1.1+2-6, mixed mode, sharing, tiered, compressed oops, compressed class ptrs, g1 gc, windows-amd64)
GC Precious Log:
 CardTable entry size: 512
 Card Set container configuration: InlinePtr #cards 5 size 8 Array Of Cards #cards 12 size 40 Howl #buckets 4 coarsen threshold 1843 Howl Bitmap #cards 512 size 80 coarsen threshold 460 Card regions per heap region 1 cards per card region 2048
 CPUs: 8 total, 8 available
 Memory: 8023M
 Large Page Support: Disabled
 NUMA Support: Disabled
 Compressed Oops: Enabled (32-bit)
 Heap Region Size: 1M
 Heap Min Capacity: 8M
 Heap Initial Capacity: 126M
 Heap Max Capacity: 2G
 Pre-touch: Disabled
 Parallel Workers: 8
 Concurrent Workers: 2
 Concurrent Refinement Workers: 8
 Periodic GC: Disabled
Heap:
 garbage-first heap   total 307200K, used 169954K [0x0000000080000000, 0x0000000100000000)
  region size 1024K, 7 young (7168K), 7 survivors (7168K)
 Metaspace       used 98365K, committed 100288K, reserved 1179648K
  class space    used 13438K, committed 14464K, reserved 1048576K
GC Heap History (20 events):
Event: 7.507 GC heap after
{Heap after GC invocations=34 (full 0):
 garbage-first heap   total 138240K, used 78943K [0x0000000080000000, 0x0000000100000000)
  region size 1024K, 1 young (1024K), 1 survivors (1024K)
 Metaspace       used 78299K, committed 80128K, reserved 1179648K
  class space    used 10630K, committed 11584K, reserved 1048576K
}
Event: 7.629 GC heap before
{Heap before GC invocations=34 (full 0):
 garbage-first heap   total 138240K, used 110687K [0x0000000080000000, 0x0000000100000000)
  region size 1024K, 33 young (33792K), 1 survivors (1024K)
 Metaspace       used 78839K, committed 80640K, reserved 1179648K
  class space    used 10747K, committed 11712K, reserved 1048576K
}
Event: 7.632 GC heap after
{Heap after GC invocations=35 (full 0):
 garbage-first heap   total 138240K, used 80208K [0x0000000080000000, 0x0000000100000000)
  region size 1024K, 3 young (3072K), 3 survivors (3072K)
 Metaspace       used 78839K, committed 80640K, reserved 1179648K
  class space    used 10747K, committed 11712K, reserved 1048576K
}
Event: 7.897 GC heap before
{Heap before GC invocations=36 (full 0):
 garbage-first heap   total 152576K, used 110928K [0x0000000080000000, 0x0000000100000000)
  region size 1024K, 34 young (34816K), 3 survivors (3072K)
 Metaspace       used 79242K, committed 81024K, reserved 1179648K
  class space    used 10780K, committed 11712K, reserved 1048576K
}
Event: 7.900 GC heap after
{Heap after GC invocations=37 (full 0):
 garbage-first heap   total 152576K, used 83092K [0x0000000080000000, 0x0000000100000000)
  region size 1024K, 5 young (5120K), 5 survivors (5120K)
 Metaspace       used 79242K, committed 81024K, reserved 1179648K
  class space    used 10780K, committed 11712K, reserved 1048576K
}
Event: 7.916 GC heap before
{Heap before GC invocations=37 (full 0):
 garbage-first heap   total 152576K, used 85140K [0x0000000080000000, 0x0000000100000000)
  region size 1024K, 7 young (7168K), 5 survivors (5120K)
 Metaspace       used 79313K, committed 81088K, reserved 1179648K
  class space    used 10789K, committed 11712K, reserved 1048576K
}
Event: 7.919 GC heap after
{Heap after GC invocations=38 (full 0):
 garbage-first heap   total 152576K, used 83168K [0x0000000080000000, 0x0000000100000000)
  region size 1024K, 1 young (1024K), 1 survivors (1024K)
 Metaspace       used 79313K, committed 81088K, reserved 1179648K
  class space    used 10789K, committed 11712K, reserved 1048576K
}
Event: 8.187 GC heap before
{Heap before GC invocations=38 (full 0):
 garbage-first heap   total 152576K, used 124128K [0x0000000080000000, 0x0000000100000000)
  region size 1024K, 42 young (43008K), 1 survivors (1024K)
 Metaspace       used 81288K, committed 83136K, reserved 1179648K
  class space    used 11054K, committed 12032K, reserved 1048576K
}
Event: 8.194 GC heap after
{Heap after GC invocations=39 (full 0):
 garbage-first heap   total 436224K, used 84995K [0x0000000080000000, 0x0000000100000000)
  region size 1024K, 3 young (3072K), 3 survivors (3072K)
 Metaspace       used 81288K, committed 83136K, reserved 1179648K
  class space    used 11054K, committed 12032K, reserved 1048576K
}
Event: 9.370 GC heap before
{Heap before GC invocations=40 (full 0):
 garbage-first heap   total 307200K, used 265219K [0x0000000080000000, 0x0000000100000000)
  region size 1024K, 180 young (184320K), 3 survivors (3072K)
 Metaspace       used 91906K, committed 93824K, reserved 1179648K
  class space    used 12470K, committed 13504K, reserved 1048576K
}
Event: 9.389 GC heap after
{Heap after GC invocations=41 (full 0):
 garbage-first heap   total 307200K, used 115745K [0x0000000080000000, 0x0000000100000000)
  region size 1024K, 23 young (23552K), 23 survivors (23552K)
 Metaspace       used 91906K, committed 93824K, reserved 1179648K
  class space    used 12470K, committed 13504K, reserved 1048576K
}
Event: 9.400 GC heap before
{Heap before GC invocations=41 (full 0):
 garbage-first heap   total 307200K, used 116769K [0x0000000080000000, 0x0000000100000000)
  region size 1024K, 24 young (24576K), 23 survivors (23552K)
 Metaspace       used 91929K, committed 93824K, reserved 1179648K
  class space    used 12473K, committed 13504K, reserved 1048576K
}
Event: 9.414 GC heap after
{Heap after GC invocations=42 (full 0):
 garbage-first heap   total 307200K, used 110068K [0x0000000080000000, 0x0000000100000000)
  region size 1024K, 2 young (2048K), 2 survivors (2048K)
 Metaspace       used 91929K, committed 93824K, reserved 1179648K
  class space    used 12473K, committed 13504K, reserved 1048576K
}
Event: 9.821 GC heap before
{Heap before GC invocations=42 (full 0):
 garbage-first heap   total 307200K, used 210420K [0x0000000080000000, 0x0000000100000000)
  region size 1024K, 100 young (102400K), 2 survivors (2048K)
 Metaspace       used 94158K, committed 96000K, reserved 1179648K
  class space    used 12768K, committed 13760K, reserved 1048576K
}
Event: 9.837 GC heap after
{Heap after GC invocations=43 (full 0):
 garbage-first heap   total 307200K, used 129024K [0x0000000080000000, 0x0000000100000000)
  region size 1024K, 13 young (13312K), 13 survivors (13312K)
 Metaspace       used 94158K, committed 96000K, reserved 1179648K
  class space    used 12768K, committed 13760K, reserved 1048576K
}
Event: 10.072 GC heap before
{Heap before GC invocations=43 (full 0):
 garbage-first heap   total 307200K, used 222208K [0x0000000080000000, 0x0000000100000000)
  region size 1024K, 104 young (106496K), 13 survivors (13312K)
 Metaspace       used 95301K, committed 97152K, reserved 1179648K
  class space    used 12954K, committed 13952K, reserved 1048576K
}
Event: 10.091 GC heap after
{Heap after GC invocations=44 (full 0):
 garbage-first heap   total 307200K, used 146400K [0x0000000080000000, 0x0000000100000000)
  region size 1024K, 13 young (13312K), 13 survivors (13312K)
 Metaspace       used 95301K, committed 97152K, reserved 1179648K
  class space    used 12954K, committed 13952K, reserved 1048576K
}
Event: 10.283 GC heap before
{Heap before GC invocations=44 (full 0):
 garbage-first heap   total 307200K, used 232416K [0x0000000080000000, 0x0000000100000000)
  region size 1024K, 97 young (99328K), 13 survivors (13312K)
 Metaspace       used 96388K, committed 98304K, reserved 1179648K
  class space    used 13116K, committed 14144K, reserved 1048576K
}
Event: 10.308 GC heap after
{Heap after GC invocations=45 (full 0):
 garbage-first heap   total 307200K, used 162502K [0x0000000080000000, 0x0000000100000000)
  region size 1024K, 13 young (13312K), 13 survivors (13312K)
 Metaspace       used 96388K, committed 98304K, reserved 1179648K
  class space    used 13116K, committed 14144K, reserved 1048576K
}
Event: 10.651 GC heap before
{Heap before GC invocations=45 (full 0):
 garbage-first heap   total 307200K, used 241350K [0x0000000080000000, 0x0000000100000000)
  region size 1024K, 90 young (92160K), 13 survivors (13312K)
 Metaspace       used 98365K, committed 100288K, reserved 1179648K
  class space    used 13438K, committed 14464K, reserved 1048576K
}

