# JRE version: Java(TM) SE Runtime Environment (18.0.1.1+2) (build 18.0.1.1+2-6)
# Java VM: Java HotSpot(TM) 64-Bit Server VM (18.0.1.1+2-6, mixed mode, sharing, tiered, compressed oops, compressed class ptrs, g1 gc, windows-amd64)
GC Precious Log:
 CardTable entry size: 512
 Card Set container configuration: InlinePtr #cards 5 size 8 Array Of Cards #cards 12 size 40 Howl #buckets 4 coarsen threshold 1843 Howl Bitmap #cards 512 size 80 coarsen threshold 460 Card regions per heap region 1 cards per card region 2048
 CPUs: 8 total, 8 available
 Memory: 8023M
 Large Page Support: Disabled
 NUMA Support: Disabled
 Compressed Oops: Enabled (32-bit)
 Heap Region Size: 1M
 Heap Min Capacity: 8M
 Heap Initial Capacity: 126M
 Heap Max Capacity: 2G
 Pre-touch: Disabled
 Parallel Workers: 8
 Concurrent Workers: 2
 Concurrent Refinement Workers: 8
 Periodic GC: Disabled
Heap:
 garbage-first heap   total 191488K, used 84973K [0x0000000080000000, 0x0000000100000000)
  region size 1024K, 7 young (7168K), 1 survivors (1024K)
 Metaspace       used 52664K, committed 54272K, reserved 1114112K
  class space    used 7151K, committed 8000K, reserved 1048576K
GC Heap History (20 events):
Event: 1.928 GC heap before
{Heap before GC invocations=2 (full 0):
 garbage-first heap   total 129024K, used 81920K [0x0000000080000000, 0x0000000100000000)
  region size 1024K, 71 young (72704K), 4 survivors (4096K)
 Metaspace       used 17233K, committed 17792K, reserved 1114112K
  class space    used 2446K, committed 2688K, reserved 1048576K
}
Event: 1.935 GC heap after
{Heap after GC invocations=3 (full 0):
 garbage-first heap   total 129024K, used 19232K [0x0000000080000000, 0x0000000100000000)
  region size 1024K, 9 young (9216K), 9 survivors (9216K)
 Metaspace       used 17233K, committed 17792K, reserved 1114112K
  class space    used 2446K, committed 2688K, reserved 1048576K
}
Event: 2.327 GC heap before
{Heap before GC invocations=3 (full 0):
 garbage-first heap   total 129024K, used 57120K [0x0000000080000000, 0x0000000100000000)
  region size 1024K, 37 young (37888K), 9 survivors (9216K)
 Metaspace       used 20727K, committed 21504K, reserved 1114112K
  class space    used 3038K, committed 3456K, reserved 1048576K
}
Event: 2.334 GC heap after
{Heap after GC invocations=4 (full 0):
 garbage-first heap   total 129024K, used 34852K [0x0000000080000000, 0x0000000100000000)
  region size 1024K, 6 young (6144K), 6 survivors (6144K)
 Metaspace       used 20727K, committed 21504K, reserved 1114112K
  class space    used 3038K, committed 3456K, reserved 1048576K
}
Event: 3.009 GC heap before
{Heap before GC invocations=5 (full 0):
 garbage-first heap   total 122880K, used 92196K [0x0000000080000000, 0x0000000100000000)
  region size 1024K, 63 young (64512K), 6 survivors (6144K)
 Metaspace       used 30744K, committed 31808K, reserved 1114112K
  class space    used 4424K, committed 4992K, reserved 1048576K
}
Event: 3.014 GC heap after
{Heap after GC invocations=6 (full 0):
 garbage-first heap   total 122880K, used 40017K [0x0000000080000000, 0x0000000100000000)
  region size 1024K, 5 young (5120K), 5 survivors (5120K)
 Metaspace       used 30744K, committed 31808K, reserved 1114112K
  class space    used 4424K, committed 4992K, reserved 1048576K
}
Event: 3.359 GC heap before
{Heap before GC invocations=6 (full 0):
 garbage-first heap   total 122880K, used 84049K [0x0000000080000000, 0x0000000100000000)
  region size 1024K, 46 young (47104K), 5 survivors (5120K)
 Metaspace       used 34738K, committed 35968K, reserved 1114112K
  class space    used 4827K, committed 5504K, reserved 1048576K
}
Event: 3.365 GC heap after
{Heap after GC invocations=7 (full 0):
 garbage-first heap   total 122880K, used 44282K [0x0000000080000000, 0x0000000100000000)
  region size 1024K, 5 young (5120K), 5 survivors (5120K)
 Metaspace       used 34738K, committed 35968K, reserved 1114112K
  class space    used 4827K, committed 5504K, reserved 1048576K
}
Event: 3.929 GC heap before
{Heap before GC invocations=8 (full 0):
 garbage-first heap   total 122880K, used 99578K [0x0000000080000000, 0x0000000100000000)
  region size 1024K, 54 young (55296K), 5 survivors (5120K)
 Metaspace       used 39085K, committed 40448K, reserved 1114112K
  class space    used 5366K, committed 6080K, reserved 1048576K
}
Event: 3.935 GC heap after
{Heap after GC invocations=9 (full 0):
 garbage-first heap   total 122880K, used 53119K [0x0000000080000000, 0x0000000100000000)
  region size 1024K, 6 young (6144K), 6 survivors (6144K)
 Metaspace       used 39085K, committed 40448K, reserved 1114112K
  class space    used 5366K, committed 6080K, reserved 1048576K
}
Event: 4.392 GC heap before
{Heap before GC invocations=9 (full 0):
 garbage-first heap   total 122880K, used 98175K [0x0000000080000000, 0x0000000100000000)
  region size 1024K, 46 young (47104K), 6 survivors (6144K)
 Metaspace       used 43284K, committed 44800K, reserved 1114112K
  class space    used 6023K, committed 6784K, reserved 1048576K
}
Event: 4.400 GC heap after
{Heap after GC invocations=10 (full 0):
 garbage-first heap   total 122880K, used 62126K [0x0000000080000000, 0x0000000100000000)
  region size 1024K, 5 young (5120K), 5 survivors (5120K)
 Metaspace       used 43284K, committed 44800K, reserved 1114112K
  class space    used 6023K, committed 6784K, reserved 1048576K
}
Event: 4.619 GC heap before
{Heap before GC invocations=10 (full 0):
 garbage-first heap   total 122880K, used 85678K [0x0000000080000000, 0x0000000100000000)
  region size 1024K, 30 young (30720K), 5 survivors (5120K)
 Metaspace       used 44032K, committed 45568K, reserved 1114112K
  class space    used 6110K, committed 6912K, reserved 1048576K
}
Event: 4.624 GC heap after
{Heap after GC invocations=11 (full 0):
 garbage-first heap   total 122880K, used 62952K [0x0000000080000000, 0x0000000100000000)
  region size 1024K, 2 young (2048K), 2 survivors (2048K)
 Metaspace       used 44032K, committed 45568K, reserved 1114112K
  class space    used 6110K, committed 6912K, reserved 1048576K
}
Event: 4.923 GC heap before
{Heap before GC invocations=12 (full 0):
 garbage-first heap   total 122880K, used 105960K [0x0000000080000000, 0x0000000100000000)
  region size 1024K, 37 young (37888K), 2 survivors (2048K)
 Metaspace       used 47706K, committed 49280K, reserved 1114112K
  class space    used 6575K, committed 7424K, reserved 1048576K
}
Event: 4.928 GC heap after
{Heap after GC invocations=13 (full 0):
 garbage-first heap   total 122880K, used 78627K [0x0000000080000000, 0x0000000100000000)
  region size 1024K, 5 young (5120K), 5 survivors (5120K)
 Metaspace       used 47706K, committed 49280K, reserved 1114112K
  class space    used 6575K, committed 7424K, reserved 1048576K
}
Event: 4.946 GC heap before
{Heap before GC invocations=13 (full 0):
 garbage-first heap   total 122880K, used 79651K [0x0000000080000000, 0x0000000100000000)
  region size 1024K, 6 young (6144K), 5 survivors (5120K)
 Metaspace       used 47876K, committed 49536K, reserved 1114112K
  class space    used 6599K, committed 7488K, reserved 1048576K
}
Event: 4.949 GC heap after
{Heap after GC invocations=14 (full 0):
 garbage-first heap   total 122880K, used 79116K [0x0000000080000000, 0x0000000100000000)
  region size 1024K, 1 young (1024K), 1 survivors (1024K)
 Metaspace       used 47876K, committed 49536K, reserved 1114112K
  class space    used 6599K, committed 7488K, reserved 1048576K
}
Event: 5.225 GC heap before
{Heap before GC invocations=14 (full 0):
 garbage-first heap   total 122880K, used 100620K [0x0000000080000000, 0x0000000100000000)
  region size 1024K, 23 young (23552K), 1 survivors (1024K)
 Metaspace       used 51957K, committed 53568K, reserved 1114112K
  class space    used 7052K, committed 7872K, reserved 1048576K
}
Event: 5.227 GC heap after
{Heap after GC invocations=15 (full 0):
 garbage-first heap   total 191488K, used 79853K [0x0000000080000000, 0x0000000100000000)
  region size 1024K, 1 young (1024K), 1 survivors (1024K)
 Metaspace       used 51957K, committed 53568K, reserved 1114112K
  class space    used 7052K, committed 7872K, reserved 1048576K
}

