# JRE version: Java(TM) SE Runtime Environment (18.0.1.1+2) (build 18.0.1.1+2-6)
# Java VM: Java HotSpot(TM) 64-Bit Server VM (18.0.1.1+2-6, mixed mode, sharing, tiered, compressed oops, compressed class ptrs, g1 gc, windows-amd64)
GC Precious Log:
 CardTable entry size: 512
 Card Set container configuration: InlinePtr #cards 5 size 8 Array Of Cards #cards 12 size 40 Howl #buckets 4 coarsen threshold 1843 Howl Bitmap #cards 512 size 80 coarsen threshold 460 Card regions per heap region 1 cards per card region 2048
 CPUs: 8 total, 8 available
 Memory: 8023M
 Large Page Support: Disabled
 NUMA Support: Disabled
 Compressed Oops: Enabled (32-bit)
 Heap Region Size: 1M
 Heap Min Capacity: 8M
 Heap Initial Capacity: 126M
 Heap Max Capacity: 2G
 Pre-touch: Disabled
 Parallel Workers: 8
 Concurrent Workers: 2
 Concurrent Refinement Workers: 8
 Periodic GC: Disabled
Heap:
 garbage-first heap   total 160768K, used 103087K [0x0000000080000000, 0x0000000100000000)
  region size 1024K, 1 young (1024K), 1 survivors (1024K)
 Metaspace       used 83397K, committed 85248K, reserved 1179648K
  class space    used 11325K, committed 12288K, reserved 1048576K
GC Heap History (20 events):
Event: 5.949 GC heap after
{Heap after GC invocations=20 (full 0):
 garbage-first heap   total 118784K, used 62225K [0x0000000080000000, 0x0000000100000000)
  region size 1024K, 5 young (5120K), 5 survivors (5120K)
 Metaspace       used 60353K, committed 62016K, reserved 1114112K
  class space    used 8045K, committed 8960K, reserved 1048576K
}
Event: 6.347 GC heap before
{Heap before GC invocations=20 (full 0):
 garbage-first heap   total 118784K, used 93969K [0x0000000080000000, 0x0000000100000000)
  region size 1024K, 36 young (36864K), 5 survivors (5120K)
 Metaspace       used 61997K, committed 63680K, reserved 1114112K
  class space    used 8243K, committed 9152K, reserved 1048576K
}
Event: 6.354 GC heap after
{Heap after GC invocations=21 (full 0):
 garbage-first heap   total 118784K, used 65247K [0x0000000080000000, 0x0000000100000000)
  region size 1024K, 4 young (4096K), 4 survivors (4096K)
 Metaspace       used 61997K, committed 63680K, reserved 1114112K
  class space    used 8243K, committed 9152K, reserved 1048576K
}
Event: 6.796 GC heap before
{Heap before GC invocations=22 (full 0):
 garbage-first heap   total 118784K, used 94943K [0x0000000080000000, 0x0000000100000000)
  region size 1024K, 33 young (33792K), 4 survivors (4096K)
 Metaspace       used 65720K, committed 67392K, reserved 1114112K
  class space    used 8921K, committed 9792K, reserved 1048576K
}
Event: 6.799 GC heap after
{Heap after GC invocations=23 (full 0):
 garbage-first heap   total 143360K, used 67179K [0x0000000080000000, 0x0000000100000000)
  region size 1024K, 3 young (3072K), 3 survivors (3072K)
 Metaspace       used 65720K, committed 67392K, reserved 1114112K
  class space    used 8921K, committed 9792K, reserved 1048576K
}
Event: 7.229 GC heap before
{Heap before GC invocations=23 (full 0):
 garbage-first heap   total 143360K, used 115307K [0x0000000080000000, 0x0000000100000000)
  region size 1024K, 50 young (51200K), 3 survivors (3072K)
 Metaspace       used 69780K, committed 71552K, reserved 1114112K
  class space    used 9486K, committed 10432K, reserved 1048576K
}
Event: 7.233 GC heap after
{Heap after GC invocations=24 (full 0):
 garbage-first heap   total 143360K, used 70481K [0x0000000080000000, 0x0000000100000000)
  region size 1024K, 6 young (6144K), 6 survivors (6144K)
 Metaspace       used 69780K, committed 71552K, reserved 1114112K
  class space    used 9486K, committed 10432K, reserved 1048576K
}
Event: 7.688 GC heap before
{Heap before GC invocations=25 (full 0):
 garbage-first heap   total 143360K, used 116561K [0x0000000080000000, 0x0000000100000000)
  region size 1024K, 51 young (52224K), 6 survivors (6144K)
 Metaspace       used 75227K, committed 76992K, reserved 1179648K
  class space    used 10221K, committed 11136K, reserved 1048576K
}
Event: 7.695 GC heap after
{Heap after GC invocations=26 (full 0):
 garbage-first heap   total 143360K, used 74072K [0x0000000080000000, 0x0000000100000000)
  region size 1024K, 7 young (7168K), 7 survivors (7168K)
 Metaspace       used 75227K, committed 76992K, reserved 1179648K
  class space    used 10221K, committed 11136K, reserved 1048576K
}
Event: 8.199 GC heap before
{Heap before GC invocations=26 (full 0):
 garbage-first heap   total 143360K, used 116056K [0x0000000080000000, 0x0000000100000000)
  region size 1024K, 49 young (50176K), 7 survivors (7168K)
 Metaspace       used 79189K, committed 80960K, reserved 1179648K
  class space    used 10835K, committed 11776K, reserved 1048576K
}
Event: 8.208 GC heap after
{Heap after GC invocations=27 (full 0):
 garbage-first heap   total 143360K, used 80182K [0x0000000080000000, 0x0000000100000000)
  region size 1024K, 7 young (7168K), 7 survivors (7168K)
 Metaspace       used 79189K, committed 80960K, reserved 1179648K
  class space    used 10835K, committed 11776K, reserved 1048576K
}
Event: 8.445 GC heap before
{Heap before GC invocations=28 (full 0):
 garbage-first heap   total 160768K, used 114998K [0x0000000080000000, 0x0000000100000000)
  region size 1024K, 42 young (43008K), 7 survivors (7168K)
 Metaspace       used 79436K, committed 81216K, reserved 1179648K
  class space    used 10844K, committed 11776K, reserved 1048576K
}
Event: 8.450 GC heap after
{Heap after GC invocations=29 (full 0):
 garbage-first heap   total 160768K, used 82989K [0x0000000080000000, 0x0000000100000000)
  region size 1024K, 3 young (3072K), 3 survivors (3072K)
 Metaspace       used 79436K, committed 81216K, reserved 1179648K
  class space    used 10844K, committed 11776K, reserved 1048576K
}
Event: 8.457 GC heap before
{Heap before GC invocations=29 (full 0):
 garbage-first heap   total 160768K, used 87085K [0x0000000080000000, 0x0000000100000000)
  region size 1024K, 7 young (7168K), 3 survivors (3072K)
 Metaspace       used 79446K, committed 81280K, reserved 1179648K
  class space    used 10844K, committed 11776K, reserved 1048576K
}
Event: 8.459 GC heap after
{Heap after GC invocations=30 (full 0):
 garbage-first heap   total 160768K, used 82807K [0x0000000080000000, 0x0000000100000000)
  region size 1024K, 1 young (1024K), 1 survivors (1024K)
 Metaspace       used 79446K, committed 81280K, reserved 1179648K
  class space    used 10844K, committed 11776K, reserved 1048576K
}
Event: 8.639 GC heap before
{Heap before GC invocations=30 (full 0):
 garbage-first heap   total 160768K, used 99191K [0x0000000080000000, 0x0000000100000000)
  region size 1024K, 19 young (19456K), 1 survivors (1024K)
 Metaspace       used 80056K, committed 81792K, reserved 1179648K
  class space    used 10929K, committed 11840K, reserved 1048576K
}
Event: 8.641 GC heap after
{Heap after GC invocations=31 (full 0):
 garbage-first heap   total 160768K, used 83816K [0x0000000080000000, 0x0000000100000000)
  region size 1024K, 2 young (2048K), 2 survivors (2048K)
 Metaspace       used 80056K, committed 81792K, reserved 1179648K
  class space    used 10929K, committed 11840K, reserved 1048576K
}
Event: 9.079 GC heap before
{Heap before GC invocations=32 (full 0):
 garbage-first heap   total 160768K, used 132968K [0x0000000080000000, 0x0000000100000000)
  region size 1024K, 49 young (50176K), 2 survivors (2048K)
 Metaspace       used 83394K, committed 85248K, reserved 1179648K
  class space    used 11325K, committed 12288K, reserved 1048576K
}
Event: 9.088 GC heap after
{Heap after GC invocations=33 (full 0):
 garbage-first heap   total 160768K, used 101126K [0x0000000080000000, 0x0000000100000000)
  region size 1024K, 7 young (7168K), 7 survivors (7168K)
 Metaspace       used 83394K, committed 85248K, reserved 1179648K
  class space    used 11325K, committed 12288K, reserved 1048576K
}
Event: 9.098 GC heap before
{Heap before GC invocations=33 (full 0):
 garbage-first heap   total 160768K, used 102150K [0x0000000080000000, 0x0000000100000000)
  region size 1024K, 8 young (8192K), 7 survivors (7168K)
 Metaspace       used 83397K, committed 85248K, reserved 1179648K
  class space    used 11325K, committed 12288K, reserved 1048576K
}

