# JRE version: Java(TM) SE Runtime Environment (18.0.1.1+2) (build 18.0.1.1+2-6)
# Java VM: Java HotSpot(TM) 64-Bit Server VM (18.0.1.1+2-6, mixed mode, sharing, tiered, compressed oops, compressed class ptrs, g1 gc, windows-amd64)
GC Precious Log:
 CardTable entry size: 512
 Card Set container configuration: InlinePtr #cards 5 size 8 Array Of Cards #cards 12 size 40 Howl #buckets 4 coarsen threshold 1843 Howl Bitmap #cards 512 size 80 coarsen threshold 460 Card regions per heap region 1 cards per card region 2048
 CPUs: 8 total, 8 available
 Memory: 8023M
 Large Page Support: Disabled
 NUMA Support: Disabled
 Compressed Oops: Enabled (32-bit)
 Heap Region Size: 1M
 Heap Min Capacity: 8M
 Heap Initial Capacity: 126M
 Heap Max Capacity: 2G
 Pre-touch: Disabled
 Parallel Workers: 8
 Concurrent Workers: 2
 Concurrent Refinement Workers: 8
 Periodic GC: Disabled
Heap:
 garbage-first heap   total 153600K, used 90995K [0x0000000080000000, 0x0000000100000000)
  region size 1024K, 4 young (4096K), 4 survivors (4096K)
 Metaspace       used 65284K, committed 67072K, reserved 1114112K
  class space    used 8763K, committed 9664K, reserved 1048576K
GC Heap History (20 events):
Event: 4.591 GC heap after
{Heap after GC invocations=10 (full 0):
 garbage-first heap   total 126976K, used 62641K [0x0000000080000000, 0x0000000100000000)
  region size 1024K, 6 young (6144K), 6 survivors (6144K)
 Metaspace       used 43433K, committed 44928K, reserved 1114112K
  class space    used 6031K, committed 6784K, reserved 1048576K
}
Event: 4.754 GC heap before
{Heap before GC invocations=10 (full 0):
 garbage-first heap   total 126976K, used 83121K [0x0000000080000000, 0x0000000100000000)
  region size 1024K, 28 young (28672K), 6 survivors (6144K)
 Metaspace       used 43988K, committed 45440K, reserved 1114112K
  class space    used 6100K, committed 6848K, reserved 1048576K
}
Event: 4.759 GC heap after
{Heap after GC invocations=11 (full 0):
 garbage-first heap   total 126976K, used 63379K [0x0000000080000000, 0x0000000100000000)
  region size 1024K, 2 young (2048K), 2 survivors (2048K)
 Metaspace       used 43988K, committed 45440K, reserved 1114112K
  class space    used 6100K, committed 6848K, reserved 1048576K
}
Event: 5.025 GC heap before
{Heap before GC invocations=12 (full 0):
 garbage-first heap   total 128000K, used 105363K [0x0000000080000000, 0x0000000100000000)
  region size 1024K, 36 young (36864K), 2 survivors (2048K)
 Metaspace       used 47468K, committed 49024K, reserved 1114112K
  class space    used 6541K, committed 7360K, reserved 1048576K
}
Event: 5.029 GC heap after
{Heap after GC invocations=13 (full 0):
 garbage-first heap   total 128000K, used 78731K [0x0000000080000000, 0x0000000100000000)
  region size 1024K, 5 young (5120K), 5 survivors (5120K)
 Metaspace       used 47468K, committed 49024K, reserved 1114112K
  class space    used 6541K, committed 7360K, reserved 1048576K
}
Event: 5.042 GC heap before
{Heap before GC invocations=13 (full 0):
 garbage-first heap   total 128000K, used 79755K [0x0000000080000000, 0x0000000100000000)
  region size 1024K, 6 young (6144K), 5 survivors (5120K)
 Metaspace       used 47641K, committed 49280K, reserved 1114112K
  class space    used 6561K, committed 7424K, reserved 1048576K
}
Event: 5.044 GC heap after
{Heap after GC invocations=14 (full 0):
 garbage-first heap   total 153600K, used 79538K [0x0000000080000000, 0x0000000100000000)
  region size 1024K, 1 young (1024K), 1 survivors (1024K)
 Metaspace       used 47641K, committed 49280K, reserved 1114112K
  class space    used 6561K, committed 7424K, reserved 1048576K
}
Event: 5.510 GC heap before
{Heap before GC invocations=14 (full 0):
 garbage-first heap   total 153600K, used 115378K [0x0000000080000000, 0x0000000100000000)
  region size 1024K, 37 young (37888K), 1 survivors (1024K)
 Metaspace       used 54185K, committed 55872K, reserved 1114112K
  class space    used 7352K, committed 8256K, reserved 1048576K
}
Event: 5.513 GC heap after
{Heap after GC invocations=15 (full 0):
 garbage-first heap   total 153600K, used 81122K [0x0000000080000000, 0x0000000100000000)
  region size 1024K, 2 young (2048K), 2 survivors (2048K)
 Metaspace       used 54185K, committed 55872K, reserved 1114112K
  class space    used 7352K, committed 8256K, reserved 1048576K
}
Event: 5.901 GC heap before
{Heap before GC invocations=16 (full 0):
 garbage-first heap   total 153600K, used 117986K [0x0000000080000000, 0x0000000100000000)
  region size 1024K, 39 young (39936K), 2 survivors (2048K)
 Metaspace       used 58367K, committed 60032K, reserved 1114112K
  class space    used 7859K, committed 8704K, reserved 1048576K
}
Event: 5.905 GC heap after
{Heap after GC invocations=17 (full 0):
 garbage-first heap   total 153600K, used 84895K [0x0000000080000000, 0x0000000100000000)
  region size 1024K, 5 young (5120K), 5 survivors (5120K)
 Metaspace       used 58367K, committed 60032K, reserved 1114112K
  class space    used 7859K, committed 8704K, reserved 1048576K
}
Event: 5.920 GC heap before
{Heap before GC invocations=17 (full 0):
 garbage-first heap   total 153600K, used 86943K [0x0000000080000000, 0x0000000100000000)
  region size 1024K, 7 young (7168K), 5 survivors (5120K)
 Metaspace       used 58448K, committed 60160K, reserved 1114112K
  class space    used 7873K, committed 8768K, reserved 1048576K
}
Event: 5.924 GC heap after
{Heap after GC invocations=18 (full 0):
 garbage-first heap   total 153600K, used 85424K [0x0000000080000000, 0x0000000100000000)
  region size 1024K, 1 young (1024K), 1 survivors (1024K)
 Metaspace       used 58448K, committed 60160K, reserved 1114112K
  class space    used 7873K, committed 8768K, reserved 1048576K
}
Event: 6.018 GC heap before
{Heap before GC invocations=18 (full 0):
 garbage-first heap   total 153600K, used 92592K [0x0000000080000000, 0x0000000100000000)
  region size 1024K, 10 young (10240K), 1 survivors (1024K)
 Metaspace       used 59379K, committed 61056K, reserved 1114112K
  class space    used 7967K, committed 8832K, reserved 1048576K
}
Event: 6.020 GC heap after
{Heap after GC invocations=19 (full 0):
 garbage-first heap   total 153600K, used 85763K [0x0000000080000000, 0x0000000100000000)
  region size 1024K, 2 young (2048K), 2 survivors (2048K)
 Metaspace       used 59379K, committed 61056K, reserved 1114112K
  class space    used 7967K, committed 8832K, reserved 1048576K
}
Event: 6.386 GC heap before
{Heap before GC invocations=20 (full 0):
 garbage-first heap   total 153600K, used 123651K [0x0000000080000000, 0x0000000100000000)
  region size 1024K, 38 young (38912K), 2 survivors (2048K)
 Metaspace       used 62440K, committed 64192K, reserved 1114112K
  class space    used 8357K, committed 9216K, reserved 1048576K
}
Event: 6.389 GC heap after
{Heap after GC invocations=21 (full 0):
 garbage-first heap   total 153600K, used 88125K [0x0000000080000000, 0x0000000100000000)
  region size 1024K, 4 young (4096K), 4 survivors (4096K)
 Metaspace       used 62440K, committed 64192K, reserved 1114112K
  class space    used 8357K, committed 9216K, reserved 1048576K
}
Event: 6.403 GC heap before
{Heap before GC invocations=21 (full 0):
 garbage-first heap   total 153600K, used 91197K [0x0000000080000000, 0x0000000100000000)
  region size 1024K, 7 young (7168K), 4 survivors (4096K)
 Metaspace       used 62442K, committed 64192K, reserved 1114112K
  class space    used 8357K, committed 9216K, reserved 1048576K
}
Event: 6.408 GC heap after
{Heap after GC invocations=22 (full 0):
 garbage-first heap   total 153600K, used 88309K [0x0000000080000000, 0x0000000100000000)
  region size 1024K, 1 young (1024K), 1 survivors (1024K)
 Metaspace       used 62442K, committed 64192K, reserved 1114112K
  class space    used 8357K, committed 9216K, reserved 1048576K
}
Event: 6.751 GC heap before
{Heap before GC invocations=22 (full 0):
 garbage-first heap   total 153600K, used 125173K [0x0000000080000000, 0x0000000100000000)
  region size 1024K, 37 young (37888K), 1 survivors (1024K)
 Metaspace       used 65284K, committed 67072K, reserved 1114112K
  class space    used 8763K, committed 9664K, reserved 1048576K
}

