# JRE version: Java(TM) SE Runtime Environment (18.0.1.1+2) (build 18.0.1.1+2-6)
# Java VM: Java HotSpot(TM) 64-Bit Server VM (18.0.1.1+2-6, mixed mode, sharing, tiered, compressed oops, compressed class ptrs, g1 gc, windows-amd64)
GC Precious Log:
 CardTable entry size: 512
 Card Set container configuration: InlinePtr #cards 5 size 8 Array Of Cards #cards 12 size 40 Howl #buckets 4 coarsen threshold 1843 Howl Bitmap #cards 512 size 80 coarsen threshold 460 Card regions per heap region 1 cards per card region 2048
 CPUs: 8 total, 8 available
 Memory: 8023M
 Large Page Support: Disabled
 NUMA Support: Disabled
 Compressed Oops: Enabled (32-bit)
 Heap Region Size: 1M
 Heap Min Capacity: 8M
 Heap Initial Capacity: 126M
 Heap Max Capacity: 2G
 Pre-touch: Disabled
 Parallel Workers: 8
 Concurrent Workers: 2
 Concurrent Refinement Workers: 8
 Periodic GC: Disabled
Heap:
 garbage-first heap   total 129024K, used 64049K [0x0000000080000000, 0x0000000100000000)
  region size 1024K, 3 young (3072K), 3 survivors (3072K)
 Metaspace       used 43974K, committed 45504K, reserved 1114112K
  class space    used 6111K, committed 6912K, reserved 1048576K
GC Heap History (19 events):
Event: 0.450 GC heap before
{Heap before GC invocations=0 (full 0):
 garbage-first heap   total 129024K, used 28672K [0x0000000080000000, 0x0000000100000000)
  region size 1024K, 23 young (23552K), 0 survivors (0K)
 Metaspace       used 3011K, committed 3200K, reserved 1114112K
  class space    used 373K, committed 448K, reserved 1048576K
}
Event: 0.453 GC heap after
{Heap after GC invocations=1 (full 0):
 garbage-first heap   total 129024K, used 8917K [0x0000000080000000, 0x0000000100000000)
  region size 1024K, 3 young (3072K), 3 survivors (3072K)
 Metaspace       used 3011K, committed 3200K, reserved 1114112K
  class space    used 373K, committed 448K, reserved 1048576K
}
Event: 0.689 GC heap before
{Heap before GC invocations=1 (full 0):
 garbage-first heap   total 129024K, used 39637K [0x0000000080000000, 0x0000000100000000)
  region size 1024K, 32 young (32768K), 3 survivors (3072K)
 Metaspace       used 3949K, committed 4160K, reserved 1114112K
  class space    used 473K, committed 576K, reserved 1048576K
}
Event: 0.694 GC heap after
{Heap after GC invocations=2 (full 0):
 garbage-first heap   total 129024K, used 13101K [0x0000000080000000, 0x0000000100000000)
  region size 1024K, 4 young (4096K), 4 survivors (4096K)
 Metaspace       used 3949K, committed 4160K, reserved 1114112K
  class space    used 473K, committed 576K, reserved 1048576K
}
Event: 1.907 GC heap before
{Heap before GC invocations=2 (full 0):
 garbage-first heap   total 129024K, used 81709K [0x0000000080000000, 0x0000000100000000)
  region size 1024K, 71 young (72704K), 4 survivors (4096K)
 Metaspace       used 17466K, committed 18048K, reserved 1114112K
  class space    used 2486K, committed 2752K, reserved 1048576K
}
Event: 1.914 GC heap after
{Heap after GC invocations=3 (full 0):
 garbage-first heap   total 129024K, used 19456K [0x0000000080000000, 0x0000000100000000)
  region size 1024K, 9 young (9216K), 9 survivors (9216K)
 Metaspace       used 17466K, committed 18048K, reserved 1114112K
  class space    used 2486K, committed 2752K, reserved 1048576K
}
Event: 2.333 GC heap before
{Heap before GC invocations=3 (full 0):
 garbage-first heap   total 129024K, used 55296K [0x0000000080000000, 0x0000000100000000)
  region size 1024K, 36 young (36864K), 9 survivors (9216K)
 Metaspace       used 20727K, committed 21504K, reserved 1114112K
  class space    used 3040K, committed 3456K, reserved 1048576K
}
Event: 2.341 GC heap after
{Heap after GC invocations=4 (full 0):
 garbage-first heap   total 129024K, used 34978K [0x0000000080000000, 0x0000000100000000)
  region size 1024K, 6 young (6144K), 6 survivors (6144K)
 Metaspace       used 20727K, committed 21504K, reserved 1114112K
  class space    used 3040K, committed 3456K, reserved 1048576K
}
Event: 3.007 GC heap before
{Heap before GC invocations=5 (full 0):
 garbage-first heap   total 122880K, used 93346K [0x0000000080000000, 0x0000000100000000)
  region size 1024K, 63 young (64512K), 6 survivors (6144K)
 Metaspace       used 31311K, committed 32448K, reserved 1114112K
  class space    used 4463K, committed 5056K, reserved 1048576K
}
Event: 3.011 GC heap after
{Heap after GC invocations=6 (full 0):
 garbage-first heap   total 122880K, used 39534K [0x0000000080000000, 0x0000000100000000)
  region size 1024K, 5 young (5120K), 5 survivors (5120K)
 Metaspace       used 31311K, committed 32448K, reserved 1114112K
  class space    used 4463K, committed 5056K, reserved 1048576K
}
Event: 3.016 GC heap before
{Heap before GC invocations=6 (full 0):
 garbage-first heap   total 122880K, used 40558K [0x0000000080000000, 0x0000000100000000)
  region size 1024K, 6 young (6144K), 5 survivors (5120K)
 Metaspace       used 31322K, committed 32448K, reserved 1114112K
  class space    used 4463K, committed 5056K, reserved 1048576K
}
Event: 3.020 GC heap after
{Heap after GC invocations=7 (full 0):
 garbage-first heap   total 122880K, used 40319K [0x0000000080000000, 0x0000000100000000)
  region size 1024K, 1 young (1024K), 1 survivors (1024K)
 Metaspace       used 31322K, committed 32448K, reserved 1114112K
  class space    used 4463K, committed 5056K, reserved 1048576K
}
Event: 3.396 GC heap before
{Heap before GC invocations=7 (full 0):
 garbage-first heap   total 122880K, used 81279K [0x0000000080000000, 0x0000000100000000)
  region size 1024K, 40 young (40960K), 1 survivors (1024K)
 Metaspace       used 34755K, committed 35968K, reserved 1114112K
  class space    used 4833K, committed 5504K, reserved 1048576K
}
Event: 3.399 GC heap after
{Heap after GC invocations=8 (full 0):
 garbage-first heap   total 122880K, used 44308K [0x0000000080000000, 0x0000000100000000)
  region size 1024K, 5 young (5120K), 5 survivors (5120K)
 Metaspace       used 34755K, committed 35968K, reserved 1114112K
  class space    used 4833K, committed 5504K, reserved 1048576K
}
Event: 3.853 GC heap before
{Heap before GC invocations=9 (full 0):
 garbage-first heap   total 122880K, used 94484K [0x0000000080000000, 0x0000000100000000)
  region size 1024K, 50 young (51200K), 5 survivors (5120K)
 Metaspace       used 38842K, committed 40192K, reserved 1114112K
  class space    used 5331K, committed 6016K, reserved 1048576K
}
Event: 3.858 GC heap after
{Heap after GC invocations=10 (full 0):
 garbage-first heap   total 122880K, used 53574K [0x0000000080000000, 0x0000000100000000)
  region size 1024K, 5 young (5120K), 5 survivors (5120K)
 Metaspace       used 38842K, committed 40192K, reserved 1114112K
  class space    used 5331K, committed 6016K, reserved 1048576K
}
Event: 4.305 GC heap before
{Heap before GC invocations=10 (full 0):
 garbage-first heap   total 122880K, used 98630K [0x0000000080000000, 0x0000000100000000)
  region size 1024K, 45 young (46080K), 5 survivors (5120K)
 Metaspace       used 43058K, committed 44544K, reserved 1114112K
  class space    used 6009K, committed 6784K, reserved 1048576K
}
Event: 4.310 GC heap after
{Heap after GC invocations=11 (full 0):
 garbage-first heap   total 122880K, used 62126K [0x0000000080000000, 0x0000000100000000)
  region size 1024K, 5 young (5120K), 5 survivors (5120K)
 Metaspace       used 43058K, committed 44544K, reserved 1114112K
  class space    used 6009K, committed 6784K, reserved 1048576K
}
Event: 4.635 GC heap before
{Heap before GC invocations=11 (full 0):
 garbage-first heap   total 122880K, used 90798K [0x0000000080000000, 0x0000000100000000)
  region size 1024K, 34 young (34816K), 5 survivors (5120K)
 Metaspace       used 43974K, committed 45504K, reserved 1114112K
  class space    used 6111K, committed 6912K, reserved 1048576K
}

