# JRE version: Java(TM) SE Runtime Environment (18.0.1.1+2) (build 18.0.1.1+2-6)
# Java VM: Java HotSpot(TM) 64-Bit Server VM (18.0.1.1+2-6, mixed mode, sharing, tiered, compressed oops, compressed class ptrs, g1 gc, windows-amd64)
GC Precious Log:
 CardTable entry size: 512
 Card Set container configuration: InlinePtr #cards 5 size 8 Array Of Cards #cards 12 size 40 Howl #buckets 4 coarsen threshold 1843 Howl Bitmap #cards 512 size 80 coarsen threshold 460 Card regions per heap region 1 cards per card region 2048
 CPUs: 8 total, 8 available
 Memory: 8023M
 Large Page Support: Disabled
 NUMA Support: Disabled
 Compressed Oops: Enabled (32-bit)
 Heap Region Size: 1M
 Heap Min Capacity: 8M
 Heap Initial Capacity: 126M
 Heap Max Capacity: 2G
 Pre-touch: Disabled
 Parallel Workers: 8
 Concurrent Workers: 2
 Concurrent Refinement Workers: 8
 Periodic GC: Disabled
Heap:
 garbage-first heap   total 206848K, used 106753K [0x0000000080000000, 0x0000000100000000)
  region size 1024K, 23 young (23552K), 1 survivors (1024K)
 Metaspace       used 60341K, committed 62016K, reserved 1114112K
  class space    used 8095K, committed 8960K, reserved 1048576K
GC Heap History (20 events):
Event: 3.819 GC heap before
{Heap before GC invocations=8 (full 0):
 garbage-first heap   total 122880K, used 97836K [0x0000000080000000, 0x0000000100000000)
  region size 1024K, 54 young (55296K), 5 survivors (5120K)
 Metaspace       used 39023K, committed 40384K, reserved 1114112K
  class space    used 5355K, committed 6016K, reserved 1048576K
}
Event: 3.824 GC heap after
{Heap after GC invocations=9 (full 0):
 garbage-first heap   total 122880K, used 53290K [0x0000000080000000, 0x0000000100000000)
  region size 1024K, 6 young (6144K), 6 survivors (6144K)
 Metaspace       used 39023K, committed 40384K, reserved 1114112K
  class space    used 5355K, committed 6016K, reserved 1048576K
}
Event: 4.298 GC heap before
{Heap before GC invocations=9 (full 0):
 garbage-first heap   total 122880K, used 98346K [0x0000000080000000, 0x0000000100000000)
  region size 1024K, 46 young (47104K), 6 survivors (6144K)
 Metaspace       used 43204K, committed 44608K, reserved 1114112K
  class space    used 6007K, committed 6720K, reserved 1048576K
}
Event: 4.304 GC heap after
{Heap after GC invocations=10 (full 0):
 garbage-first heap   total 122880K, used 62290K [0x0000000080000000, 0x0000000100000000)
  region size 1024K, 5 young (5120K), 5 survivors (5120K)
 Metaspace       used 43204K, committed 44608K, reserved 1114112K
  class space    used 6007K, committed 6720K, reserved 1048576K
}
Event: 4.523 GC heap before
{Heap before GC invocations=10 (full 0):
 garbage-first heap   total 122880K, used 85842K [0x0000000080000000, 0x0000000100000000)
  region size 1024K, 30 young (30720K), 5 survivors (5120K)
 Metaspace       used 43938K, committed 45376K, reserved 1114112K
  class space    used 6098K, committed 6848K, reserved 1048576K
}
Event: 4.527 GC heap after
{Heap after GC invocations=11 (full 0):
 garbage-first heap   total 147456K, used 63376K [0x0000000080000000, 0x0000000100000000)
  region size 1024K, 2 young (2048K), 2 survivors (2048K)
 Metaspace       used 43938K, committed 45376K, reserved 1114112K
  class space    used 6098K, committed 6848K, reserved 1048576K
}
Event: 4.554 GC heap before
{Heap before GC invocations=11 (full 0):
 garbage-first heap   total 147456K, used 70544K [0x0000000080000000, 0x0000000100000000)
  region size 1024K, 7 young (7168K), 2 survivors (2048K)
 Metaspace       used 43952K, committed 45440K, reserved 1114112K
  class space    used 6098K, committed 6848K, reserved 1048576K
}
Event: 4.556 GC heap after
{Heap after GC invocations=12 (full 0):
 garbage-first heap   total 147456K, used 69325K [0x0000000080000000, 0x0000000100000000)
  region size 1024K, 5 young (5120K), 5 survivors (5120K)
 Metaspace       used 43952K, committed 45440K, reserved 1114112K
  class space    used 6098K, committed 6848K, reserved 1048576K
}
Event: 4.569 GC heap before
{Heap before GC invocations=12 (full 0):
 garbage-first heap   total 147456K, used 75469K [0x0000000080000000, 0x0000000100000000)
  region size 1024K, 9 young (9216K), 5 survivors (5120K)
 Metaspace       used 43952K, committed 45440K, reserved 1114112K
  class space    used 6098K, committed 6848K, reserved 1048576K
}
Event: 4.572 GC heap after
{Heap after GC invocations=13 (full 0):
 garbage-first heap   total 147456K, used 75144K [0x0000000080000000, 0x0000000100000000)
  region size 1024K, 3 young (3072K), 3 survivors (3072K)
 Metaspace       used 43952K, committed 45440K, reserved 1114112K
  class space    used 6098K, committed 6848K, reserved 1048576K
}
Event: 4.749 GC heap before
{Heap before GC invocations=14 (full 0):
 garbage-first heap   total 147456K, used 98696K [0x0000000080000000, 0x0000000100000000)
  region size 1024K, 25 young (25600K), 3 survivors (3072K)
 Metaspace       used 46629K, committed 48128K, reserved 1114112K
  class space    used 6450K, committed 7168K, reserved 1048576K
}
Event: 4.752 GC heap after
{Heap after GC invocations=15 (full 0):
 garbage-first heap   total 147456K, used 78967K [0x0000000080000000, 0x0000000100000000)
  region size 1024K, 4 young (4096K), 4 survivors (4096K)
 Metaspace       used 46629K, committed 48128K, reserved 1114112K
  class space    used 6450K, committed 7168K, reserved 1048576K
}
Event: 4.781 GC heap before
{Heap before GC invocations=15 (full 0):
 garbage-first heap   total 147456K, used 82039K [0x0000000080000000, 0x0000000100000000)
  region size 1024K, 7 young (7168K), 4 survivors (4096K)
 Metaspace       used 47119K, committed 48640K, reserved 1114112K
  class space    used 6513K, committed 7296K, reserved 1048576K
}
Event: 4.783 GC heap after
{Heap after GC invocations=16 (full 0):
 garbage-first heap   total 147456K, used 79660K [0x0000000080000000, 0x0000000100000000)
  region size 1024K, 1 young (1024K), 1 survivors (1024K)
 Metaspace       used 47119K, committed 48640K, reserved 1114112K
  class space    used 6513K, committed 7296K, reserved 1048576K
}
Event: 5.062 GC heap before
{Heap before GC invocations=16 (full 0):
 garbage-first heap   total 147456K, used 102188K [0x0000000080000000, 0x0000000100000000)
  region size 1024K, 24 young (24576K), 1 survivors (1024K)
 Metaspace       used 51318K, committed 52928K, reserved 1114112K
  class space    used 6993K, committed 7808K, reserved 1048576K
}
Event: 5.065 GC heap after
{Heap after GC invocations=17 (full 0):
 garbage-first heap   total 206848K, used 80481K [0x0000000080000000, 0x0000000100000000)
  region size 1024K, 2 young (2048K), 2 survivors (2048K)
 Metaspace       used 51318K, committed 52928K, reserved 1114112K
  class space    used 6993K, committed 7808K, reserved 1048576K
}
Event: 5.701 GC heap before
{Heap before GC invocations=18 (full 0):
 garbage-first heap   total 206848K, used 127585K [0x0000000080000000, 0x0000000100000000)
  region size 1024K, 49 young (50176K), 2 survivors (2048K)
 Metaspace       used 57926K, committed 59584K, reserved 1114112K
  class space    used 7812K, committed 8640K, reserved 1048576K
}
Event: 5.707 GC heap after
{Heap after GC invocations=19 (full 0):
 garbage-first heap   total 206848K, used 85165K [0x0000000080000000, 0x0000000100000000)
  region size 1024K, 6 young (6144K), 6 survivors (6144K)
 Metaspace       used 57926K, committed 59584K, reserved 1114112K
  class space    used 7812K, committed 8640K, reserved 1048576K
}
Event: 5.764 GC heap before
{Heap before GC invocations=19 (full 0):
 garbage-first heap   total 206848K, used 89261K [0x0000000080000000, 0x0000000100000000)
  region size 1024K, 10 young (10240K), 6 survivors (6144K)
 Metaspace       used 58228K, committed 59904K, reserved 1114112K
  class space    used 7846K, committed 8704K, reserved 1048576K
}
Event: 5.769 GC heap after
{Heap after GC invocations=20 (full 0):
 garbage-first heap   total 206848K, used 85249K [0x0000000080000000, 0x0000000100000000)
  region size 1024K, 1 young (1024K), 1 survivors (1024K)
 Metaspace       used 58228K, committed 59904K, reserved 1114112K
  class space    used 7846K, committed 8704K, reserved 1048576K
}

