# JRE version: Java(TM) SE Runtime Environment (18.0.1.1+2) (build 18.0.1.1+2-6)
# Java VM: Java HotSpot(TM) 64-Bit Server VM (18.0.1.1+2-6, mixed mode, sharing, tiered, compressed oops, compressed class ptrs, g1 gc, windows-amd64)
GC Precious Log:
 CardTable entry size: 512
 Card Set container configuration: InlinePtr #cards 5 size 8 Array Of Cards #cards 12 size 40 Howl #buckets 4 coarsen threshold 1843 Howl Bitmap #cards 512 size 80 coarsen threshold 460 Card regions per heap region 1 cards per card region 2048
 CPUs: 8 total, 8 available
 Memory: 8023M
 Large Page Support: Disabled
 NUMA Support: Disabled
 Compressed Oops: Enabled (32-bit)
 Heap Region Size: 1M
 Heap Min Capacity: 8M
 Heap Initial Capacity: 126M
 Heap Max Capacity: 2G
 Pre-touch: Disabled
 Parallel Workers: 8
 Concurrent Workers: 2
 Concurrent Refinement Workers: 8
 Periodic GC: Disabled
Heap:
 garbage-first heap   total 129024K, used 76361K [0x0000000080000000, 0x0000000100000000)
  region size 1024K, 5 young (5120K), 5 survivors (5120K)
 Metaspace       used 75872K, committed 77632K, reserved 1179648K
  class space    used 10285K, committed 11200K, reserved 1048576K
GC Heap History (20 events):
Event: 4.658 GC heap after
{Heap after GC invocations=16 (full 0):
 garbage-first heap   total 97280K, used 54781K [0x0000000080000000, 0x0000000100000000)
  region size 1024K, 3 young (3072K), 3 survivors (3072K)
 Metaspace       used 52203K, committed 53760K, reserved 1114112K
  class space    used 7062K, committed 7872K, reserved 1048576K
}
Event: 4.880 GC heap before
{Heap before GC invocations=16 (full 0):
 garbage-first heap   total 97280K, used 77309K [0x0000000080000000, 0x0000000100000000)
  region size 1024K, 26 young (26624K), 3 survivors (3072K)
 Metaspace       used 55219K, committed 56768K, reserved 1114112K
  class space    used 7410K, committed 8192K, reserved 1048576K
}
Event: 4.884 GC heap after
{Heap after GC invocations=17 (full 0):
 garbage-first heap   total 97280K, used 57539K [0x0000000080000000, 0x0000000100000000)
  region size 1024K, 4 young (4096K), 4 survivors (4096K)
 Metaspace       used 55219K, committed 56768K, reserved 1114112K
  class space    used 7410K, committed 8192K, reserved 1048576K
}
Event: 5.139 GC heap before
{Heap before GC invocations=18 (full 0):
 garbage-first heap   total 102400K, used 79043K [0x0000000080000000, 0x0000000100000000)
  region size 1024K, 25 young (25600K), 4 survivors (4096K)
 Metaspace       used 57043K, committed 58624K, reserved 1114112K
  class space    used 7623K, committed 8448K, reserved 1048576K
}
Event: 5.144 GC heap after
{Heap after GC invocations=19 (full 0):
 garbage-first heap   total 102400K, used 59679K [0x0000000080000000, 0x0000000100000000)
  region size 1024K, 2 young (2048K), 2 survivors (2048K)
 Metaspace       used 57043K, committed 58624K, reserved 1114112K
  class space    used 7623K, committed 8448K, reserved 1048576K
}
Event: 5.171 GC heap before
{Heap before GC invocations=19 (full 0):
 garbage-first heap   total 102400K, used 60703K [0x0000000080000000, 0x0000000100000000)
  region size 1024K, 4 young (4096K), 2 survivors (2048K)
 Metaspace       used 57225K, committed 58752K, reserved 1114112K
  class space    used 7634K, committed 8448K, reserved 1048576K
}
Event: 5.173 GC heap after
{Heap after GC invocations=20 (full 0):
 garbage-first heap   total 122880K, used 59679K [0x0000000080000000, 0x0000000100000000)
  region size 1024K, 2 young (2048K), 2 survivors (2048K)
 Metaspace       used 57225K, committed 58752K, reserved 1114112K
  class space    used 7634K, committed 8448K, reserved 1048576K
}
Event: 5.539 GC heap before
{Heap before GC invocations=21 (full 0):
 garbage-first heap   total 122880K, used 96543K [0x0000000080000000, 0x0000000100000000)
  region size 1024K, 37 young (37888K), 2 survivors (2048K)
 Metaspace       used 60264K, committed 61824K, reserved 1114112K
  class space    used 8032K, committed 8832K, reserved 1048576K
}
Event: 5.543 GC heap after
{Heap after GC invocations=22 (full 0):
 garbage-first heap   total 122880K, used 62349K [0x0000000080000000, 0x0000000100000000)
  region size 1024K, 5 young (5120K), 5 survivors (5120K)
 Metaspace       used 60264K, committed 61824K, reserved 1114112K
  class space    used 8032K, committed 8832K, reserved 1048576K
}
Event: 5.790 GC heap before
{Heap before GC invocations=22 (full 0):
 garbage-first heap   total 122880K, used 97165K [0x0000000080000000, 0x0000000100000000)
  region size 1024K, 39 young (39936K), 5 survivors (5120K)
 Metaspace       used 62353K, committed 64000K, reserved 1114112K
  class space    used 8299K, committed 9152K, reserved 1048576K
}
Event: 5.795 GC heap after
{Heap after GC invocations=23 (full 0):
 garbage-first heap   total 122880K, used 65177K [0x0000000080000000, 0x0000000100000000)
  region size 1024K, 3 young (3072K), 3 survivors (3072K)
 Metaspace       used 62353K, committed 64000K, reserved 1114112K
  class space    used 8299K, committed 9152K, reserved 1048576K
}
Event: 6.121 GC heap before
{Heap before GC invocations=24 (full 0):
 garbage-first heap   total 122880K, used 98969K [0x0000000080000000, 0x0000000100000000)
  region size 1024K, 36 young (36864K), 3 survivors (3072K)
 Metaspace       used 66341K, committed 67968K, reserved 1114112K
  class space    used 9003K, committed 9856K, reserved 1048576K
}
Event: 6.125 GC heap after
{Heap after GC invocations=25 (full 0):
 garbage-first heap   total 122880K, used 67585K [0x0000000080000000, 0x0000000100000000)
  region size 1024K, 3 young (3072K), 3 survivors (3072K)
 Metaspace       used 66341K, committed 67968K, reserved 1114112K
  class space    used 9003K, committed 9856K, reserved 1048576K
}
Event: 6.429 GC heap before
{Heap before GC invocations=25 (full 0):
 garbage-first heap   total 122880K, used 99329K [0x0000000080000000, 0x0000000100000000)
  region size 1024K, 34 young (34816K), 3 survivors (3072K)
 Metaspace       used 69092K, committed 70848K, reserved 1114112K
  class space    used 9400K, committed 10304K, reserved 1048576K
}
Event: 6.433 GC heap after
{Heap after GC invocations=26 (full 0):
 garbage-first heap   total 122880K, used 69965K [0x0000000080000000, 0x0000000100000000)
  region size 1024K, 5 young (5120K), 5 survivors (5120K)
 Metaspace       used 69092K, committed 70848K, reserved 1114112K
  class space    used 9400K, committed 10304K, reserved 1048576K
}
Event: 6.743 GC heap before
{Heap before GC invocations=27 (full 0):
 garbage-first heap   total 128000K, used 100685K [0x0000000080000000, 0x0000000100000000)
  region size 1024K, 35 young (35840K), 5 survivors (5120K)
 Metaspace       used 72328K, committed 74112K, reserved 1114112K
  class space    used 9871K, committed 10816K, reserved 1048576K
}
Event: 6.748 GC heap after
{Heap after GC invocations=28 (full 0):
 garbage-first heap   total 128000K, used 72311K [0x0000000080000000, 0x0000000100000000)
  region size 1024K, 5 young (5120K), 5 survivors (5120K)
 Metaspace       used 72328K, committed 74112K, reserved 1114112K
  class space    used 9871K, committed 10816K, reserved 1048576K
}
Event: 6.755 GC heap before
{Heap before GC invocations=28 (full 0):
 garbage-first heap   total 128000K, used 73335K [0x0000000080000000, 0x0000000100000000)
  region size 1024K, 6 young (6144K), 5 survivors (5120K)
 Metaspace       used 72461K, committed 74176K, reserved 1114112K
  class space    used 9895K, committed 10816K, reserved 1048576K
}
Event: 6.759 GC heap after
{Heap after GC invocations=29 (full 0):
 garbage-first heap   total 128000K, used 72283K [0x0000000080000000, 0x0000000100000000)
  region size 1024K, 1 young (1024K), 1 survivors (1024K)
 Metaspace       used 72461K, committed 74176K, reserved 1114112K
  class space    used 9895K, committed 10816K, reserved 1048576K
}
Event: 7.072 GC heap before
{Heap before GC invocations=29 (full 0):
 garbage-first heap   total 128000K, used 104027K [0x0000000080000000, 0x0000000100000000)
  region size 1024K, 33 young (33792K), 1 survivors (1024K)
 Metaspace       used 75872K, committed 77632K, reserved 1179648K
  class space    used 10285K, committed 11200K, reserved 1048576K
}

