# JRE version: Java(TM) SE Runtime Environment (18.0.1.1+2) (build 18.0.1.1+2-6)
# Java VM: Java HotSpot(TM) 64-Bit Server VM (18.0.1.1+2-6, mixed mode, sharing, tiered, compressed oops, compressed class ptrs, g1 gc, windows-amd64)
GC Precious Log:
 CardTable entry size: 512
 Card Set container configuration: InlinePtr #cards 5 size 8 Array Of Cards #cards 12 size 40 Howl #buckets 4 coarsen threshold 1843 Howl Bitmap #cards 512 size 80 coarsen threshold 460 Card regions per heap region 1 cards per card region 2048
 CPUs: 8 total, 8 available
 Memory: 8023M
 Large Page Support: Disabled
 NUMA Support: Disabled
 Compressed Oops: Enabled (32-bit)
 Heap Region Size: 1M
 Heap Min Capacity: 8M
 Heap Initial Capacity: 126M
 Heap Max Capacity: 2G
 Pre-touch: Disabled
 Parallel Workers: 8
 Concurrent Workers: 2
 Concurrent Refinement Workers: 8
 Periodic GC: Disabled
Heap:
 garbage-first heap   total 140288K, used 77992K [0x0000000080000000, 0x0000000100000000)
  region size 1024K, 1 young (1024K), 1 survivors (1024K)
 Metaspace       used 78051K, committed 79744K, reserved 1179648K
  class space    used 10579K, committed 11456K, reserved 1048576K
GC Heap History (20 events):
Event: 4.047 GC heap after
{Heap after GC invocations=18 (full 0):
 garbage-first heap   total 104448K, used 53413K [0x0000000080000000, 0x0000000100000000)
  region size 1024K, 1 young (1024K), 1 survivors (1024K)
 Metaspace       used 50451K, committed 51904K, reserved 1114112K
  class space    used 6807K, committed 7552K, reserved 1048576K
}
Event: 4.295 GC heap before
{Heap before GC invocations=18 (full 0):
 garbage-first heap   total 104448K, used 79013K [0x0000000080000000, 0x0000000100000000)
  region size 1024K, 27 young (27648K), 1 survivors (1024K)
 Metaspace       used 54683K, committed 56320K, reserved 1114112K
  class space    used 7334K, committed 8192K, reserved 1048576K
}
Event: 4.298 GC heap after
{Heap after GC invocations=19 (full 0):
 garbage-first heap   total 104448K, used 56540K [0x0000000080000000, 0x0000000100000000)
  region size 1024K, 4 young (4096K), 4 survivors (4096K)
 Metaspace       used 54683K, committed 56320K, reserved 1114112K
  class space    used 7334K, committed 8192K, reserved 1048576K
}
Event: 4.509 GC heap before
{Heap before GC invocations=20 (full 0):
 garbage-first heap   total 104448K, used 80092K [0x0000000080000000, 0x0000000100000000)
  region size 1024K, 28 young (28672K), 4 survivors (4096K)
 Metaspace       used 56852K, committed 58496K, reserved 1114112K
  class space    used 7596K, committed 8448K, reserved 1048576K
}
Event: 4.511 GC heap after
{Heap after GC invocations=21 (full 0):
 garbage-first heap   total 104448K, used 58448K [0x0000000080000000, 0x0000000100000000)
  region size 1024K, 2 young (2048K), 2 survivors (2048K)
 Metaspace       used 56852K, committed 58496K, reserved 1114112K
  class space    used 7596K, committed 8448K, reserved 1048576K
}
Event: 4.545 GC heap before
{Heap before GC invocations=21 (full 0):
 garbage-first heap   total 104448K, used 61520K [0x0000000080000000, 0x0000000100000000)
  region size 1024K, 5 young (5120K), 2 survivors (2048K)
 Metaspace       used 57173K, committed 58752K, reserved 1114112K
  class space    used 7623K, committed 8448K, reserved 1048576K
}
Event: 4.547 GC heap after
{Heap after GC invocations=22 (full 0):
 garbage-first heap   total 104448K, used 58607K [0x0000000080000000, 0x0000000100000000)
  region size 1024K, 1 young (1024K), 1 survivors (1024K)
 Metaspace       used 57173K, committed 58752K, reserved 1114112K
  class space    used 7623K, committed 8448K, reserved 1048576K
}
Event: 4.550 GC heap before
{Heap before GC invocations=22 (full 0):
 garbage-first heap   total 104448K, used 58607K [0x0000000080000000, 0x0000000100000000)
  region size 1024K, 2 young (2048K), 1 survivors (1024K)
 Metaspace       used 57173K, committed 58752K, reserved 1114112K
  class space    used 7623K, committed 8448K, reserved 1048576K
}
Event: 4.551 GC heap after
{Heap after GC invocations=23 (full 0):
 garbage-first heap   total 140288K, used 58619K [0x0000000080000000, 0x0000000100000000)
  region size 1024K, 1 young (1024K), 1 survivors (1024K)
 Metaspace       used 57173K, committed 58752K, reserved 1114112K
  class space    used 7623K, committed 8448K, reserved 1048576K
}
Event: 4.899 GC heap before
{Heap before GC invocations=23 (full 0):
 garbage-first heap   total 140288K, used 103675K [0x0000000080000000, 0x0000000100000000)
  region size 1024K, 44 young (45056K), 1 survivors (1024K)
 Metaspace       used 60230K, committed 61888K, reserved 1114112K
  class space    used 8018K, committed 8832K, reserved 1048576K
}
Event: 4.903 GC heap after
{Heap after GC invocations=24 (full 0):
 garbage-first heap   total 140288K, used 61824K [0x0000000080000000, 0x0000000100000000)
  region size 1024K, 4 young (4096K), 4 survivors (4096K)
 Metaspace       used 60230K, committed 61888K, reserved 1114112K
  class space    used 8018K, committed 8832K, reserved 1048576K
}
Event: 5.258 GC heap before
{Heap before GC invocations=24 (full 0):
 garbage-first heap   total 140288K, used 105856K [0x0000000080000000, 0x0000000100000000)
  region size 1024K, 47 young (48128K), 4 survivors (4096K)
 Metaspace       used 64783K, committed 66496K, reserved 1114112K
  class space    used 8770K, committed 9664K, reserved 1048576K
}
Event: 5.262 GC heap after
{Heap after GC invocations=25 (full 0):
 garbage-first heap   total 140288K, used 65219K [0x0000000080000000, 0x0000000100000000)
  region size 1024K, 4 young (4096K), 4 survivors (4096K)
 Metaspace       used 64783K, committed 66496K, reserved 1114112K
  class space    used 8770K, committed 9664K, reserved 1048576K
}
Event: 5.642 GC heap before
{Heap before GC invocations=25 (full 0):
 garbage-first heap   total 140288K, used 108227K [0x0000000080000000, 0x0000000100000000)
  region size 1024K, 46 young (47104K), 4 survivors (4096K)
 Metaspace       used 68699K, committed 70464K, reserved 1114112K
  class space    used 9330K, committed 10240K, reserved 1048576K
}
Event: 5.648 GC heap after
{Heap after GC invocations=26 (full 0):
 garbage-first heap   total 140288K, used 68586K [0x0000000080000000, 0x0000000100000000)
  region size 1024K, 4 young (4096K), 4 survivors (4096K)
 Metaspace       used 68699K, committed 70464K, reserved 1114112K
  class space    used 9330K, committed 10240K, reserved 1048576K
}
Event: 5.998 GC heap before
{Heap before GC invocations=26 (full 0):
 garbage-first heap   total 140288K, used 110570K [0x0000000080000000, 0x0000000100000000)
  region size 1024K, 45 young (46080K), 4 survivors (4096K)
 Metaspace       used 74119K, committed 75904K, reserved 1114112K
  class space    used 10074K, committed 11008K, reserved 1048576K
}
Event: 6.003 GC heap after
{Heap after GC invocations=27 (full 0):
 garbage-first heap   total 140288K, used 71290K [0x0000000080000000, 0x0000000100000000)
  region size 1024K, 6 young (6144K), 6 survivors (6144K)
 Metaspace       used 74119K, committed 75904K, reserved 1114112K
  class space    used 10074K, committed 11008K, reserved 1048576K
}
Event: 6.346 GC heap before
{Heap before GC invocations=28 (full 0):
 garbage-first heap   total 140288K, used 111226K [0x0000000080000000, 0x0000000100000000)
  region size 1024K, 46 young (47104K), 6 survivors (6144K)
 Metaspace       used 78007K, committed 79744K, reserved 1179648K
  class space    used 10578K, committed 11456K, reserved 1048576K
}
Event: 6.353 GC heap after
{Heap after GC invocations=29 (full 0):
 garbage-first heap   total 140288K, used 76952K [0x0000000080000000, 0x0000000100000000)
  region size 1024K, 6 young (6144K), 6 survivors (6144K)
 Metaspace       used 78007K, committed 79744K, reserved 1179648K
  class space    used 10578K, committed 11456K, reserved 1048576K
}
Event: 6.368 GC heap before
{Heap before GC invocations=29 (full 0):
 garbage-first heap   total 140288K, used 77976K [0x0000000080000000, 0x0000000100000000)
  region size 1024K, 7 young (7168K), 6 survivors (6144K)
 Metaspace       used 78051K, committed 79744K, reserved 1179648K
  class space    used 10579K, committed 11456K, reserved 1048576K
}

