# JRE version: Java(TM) SE Runtime Environment (18.0.1.1+2) (build 18.0.1.1+2-6)
# Java VM: Java HotSpot(TM) 64-Bit Server VM (18.0.1.1+2-6, mixed mode, sharing, tiered, compressed oops, compressed class ptrs, g1 gc, windows-amd64)
GC Precious Log:
 CardTable entry size: 512
 Card Set container configuration: InlinePtr #cards 5 size 8 Array Of Cards #cards 12 size 40 Howl #buckets 4 coarsen threshold 1843 Howl Bitmap #cards 512 size 80 coarsen threshold 460 Card regions per heap region 1 cards per card region 2048
 CPUs: 8 total, 8 available
 Memory: 8023M
 Large Page Support: Disabled
 NUMA Support: Disabled
 Compressed Oops: Enabled (32-bit)
 Heap Region Size: 1M
 Heap Min Capacity: 8M
 Heap Initial Capacity: 126M
 Heap Max Capacity: 2G
 Pre-touch: Disabled
 Parallel Workers: 8
 Concurrent Workers: 2
 Concurrent Refinement Workers: 8
 Periodic GC: Disabled
Heap:
 garbage-first heap   total 147456K, used 80527K [0x0000000080000000, 0x0000000100000000)
  region size 1024K, 2 young (2048K), 2 survivors (2048K)
 Metaspace       used 48722K, committed 50240K, reserved 1114112K
  class space    used 6777K, committed 7552K, reserved 1048576K
GC Heap History (20 events):
Event: 2.333 GC heap after
{Heap after GC invocations=4 (full 0):
 garbage-first heap   total 129024K, used 34756K [0x0000000080000000, 0x0000000100000000)
  region size 1024K, 6 young (6144K), 6 survivors (6144K)
 Metaspace       used 20755K, committed 21504K, reserved 1114112K
  class space    used 3041K, committed 3456K, reserved 1048576K
}
Event: 3.041 GC heap before
{Heap before GC invocations=5 (full 0):
 garbage-first heap   total 122880K, used 92100K [0x0000000080000000, 0x0000000100000000)
  region size 1024K, 62 young (63488K), 6 survivors (6144K)
 Metaspace       used 30683K, committed 31744K, reserved 1114112K
  class space    used 4419K, committed 4992K, reserved 1048576K
}
Event: 3.047 GC heap after
{Heap after GC invocations=6 (full 0):
 garbage-first heap   total 122880K, used 39955K [0x0000000080000000, 0x0000000100000000)
  region size 1024K, 5 young (5120K), 5 survivors (5120K)
 Metaspace       used 30683K, committed 31744K, reserved 1114112K
  class space    used 4419K, committed 4992K, reserved 1048576K
}
Event: 3.402 GC heap before
{Heap before GC invocations=6 (full 0):
 garbage-first heap   total 122880K, used 83987K [0x0000000080000000, 0x0000000100000000)
  region size 1024K, 47 young (48128K), 5 survivors (5120K)
 Metaspace       used 34751K, committed 35968K, reserved 1114112K
  class space    used 4825K, committed 5440K, reserved 1048576K
}
Event: 3.408 GC heap after
{Heap after GC invocations=7 (full 0):
 garbage-first heap   total 122880K, used 44434K [0x0000000080000000, 0x0000000100000000)
  region size 1024K, 5 young (5120K), 5 survivors (5120K)
 Metaspace       used 34751K, committed 35968K, reserved 1114112K
  class space    used 4825K, committed 5440K, reserved 1048576K
}
Event: 3.900 GC heap before
{Heap before GC invocations=8 (full 0):
 garbage-first heap   total 122880K, used 97682K [0x0000000080000000, 0x0000000100000000)
  region size 1024K, 53 young (54272K), 5 survivors (5120K)
 Metaspace       used 39045K, committed 40448K, reserved 1114112K
  class space    used 5357K, committed 6080K, reserved 1048576K
}
Event: 3.905 GC heap after
{Heap after GC invocations=9 (full 0):
 garbage-first heap   total 122880K, used 53011K [0x0000000080000000, 0x0000000100000000)
  region size 1024K, 6 young (6144K), 6 survivors (6144K)
 Metaspace       used 39045K, committed 40448K, reserved 1114112K
  class space    used 5357K, committed 6080K, reserved 1048576K
}
Event: 4.367 GC heap before
{Heap before GC invocations=9 (full 0):
 garbage-first heap   total 122880K, used 98067K [0x0000000080000000, 0x0000000100000000)
  region size 1024K, 46 young (47104K), 6 survivors (6144K)
 Metaspace       used 43176K, committed 44608K, reserved 1114112K
  class space    used 6004K, committed 6720K, reserved 1048576K
}
Event: 4.373 GC heap after
{Heap after GC invocations=10 (full 0):
 garbage-first heap   total 122880K, used 61688K [0x0000000080000000, 0x0000000100000000)
  region size 1024K, 5 young (5120K), 5 survivors (5120K)
 Metaspace       used 43176K, committed 44608K, reserved 1114112K
  class space    used 6004K, committed 6720K, reserved 1048576K
}
Event: 4.600 GC heap before
{Heap before GC invocations=10 (full 0):
 garbage-first heap   total 122880K, used 87288K [0x0000000080000000, 0x0000000100000000)
  region size 1024K, 32 young (32768K), 5 survivors (5120K)
 Metaspace       used 43998K, committed 45504K, reserved 1114112K
  class space    used 6106K, committed 6848K, reserved 1048576K
}
Event: 4.605 GC heap after
{Heap after GC invocations=11 (full 0):
 garbage-first heap   total 147456K, used 63279K [0x0000000080000000, 0x0000000100000000)
  region size 1024K, 2 young (2048K), 2 survivors (2048K)
 Metaspace       used 43998K, committed 45504K, reserved 1114112K
  class space    used 6106K, committed 6848K, reserved 1048576K
}
Event: 4.648 GC heap before
{Heap before GC invocations=11 (full 0):
 garbage-first heap   total 147456K, used 70447K [0x0000000080000000, 0x0000000100000000)
  region size 1024K, 7 young (7168K), 2 survivors (2048K)
 Metaspace       used 44011K, committed 45504K, reserved 1114112K
  class space    used 6106K, committed 6848K, reserved 1048576K
}
Event: 4.651 GC heap after
{Heap after GC invocations=12 (full 0):
 garbage-first heap   total 147456K, used 69172K [0x0000000080000000, 0x0000000100000000)
  region size 1024K, 5 young (5120K), 5 survivors (5120K)
 Metaspace       used 44011K, committed 45504K, reserved 1114112K
  class space    used 6106K, committed 6848K, reserved 1048576K
}
Event: 4.679 GC heap before
{Heap before GC invocations=12 (full 0):
 garbage-first heap   total 147456K, used 75316K [0x0000000080000000, 0x0000000100000000)
  region size 1024K, 9 young (9216K), 5 survivors (5120K)
 Metaspace       used 44011K, committed 45504K, reserved 1114112K
  class space    used 6106K, committed 6848K, reserved 1048576K
}
Event: 4.682 GC heap after
{Heap after GC invocations=13 (full 0):
 garbage-first heap   total 147456K, used 74447K [0x0000000080000000, 0x0000000100000000)
  region size 1024K, 3 young (3072K), 3 survivors (3072K)
 Metaspace       used 44011K, committed 45504K, reserved 1114112K
  class space    used 6106K, committed 6848K, reserved 1048576K
}
Event: 4.908 GC heap before
{Heap before GC invocations=14 (full 0):
 garbage-first heap   total 147456K, used 97999K [0x0000000080000000, 0x0000000100000000)
  region size 1024K, 25 young (25600K), 3 survivors (3072K)
 Metaspace       used 46756K, committed 48256K, reserved 1114112K
  class space    used 6574K, committed 7360K, reserved 1048576K
}
Event: 4.910 GC heap after
{Heap after GC invocations=15 (full 0):
 garbage-first heap   total 147456K, used 79186K [0x0000000080000000, 0x0000000100000000)
  region size 1024K, 4 young (4096K), 4 survivors (4096K)
 Metaspace       used 46756K, committed 48256K, reserved 1114112K
  class space    used 6574K, committed 7360K, reserved 1048576K
}
Event: 4.926 GC heap before
{Heap before GC invocations=15 (full 0):
 garbage-first heap   total 147456K, used 82258K [0x0000000080000000, 0x0000000100000000)
  region size 1024K, 7 young (7168K), 4 survivors (4096K)
 Metaspace       used 46779K, committed 48256K, reserved 1114112K
  class space    used 6574K, committed 7360K, reserved 1048576K
}
Event: 4.928 GC heap after
{Heap after GC invocations=16 (full 0):
 garbage-first heap   total 147456K, used 79332K [0x0000000080000000, 0x0000000100000000)
  region size 1024K, 1 young (1024K), 1 survivors (1024K)
 Metaspace       used 46779K, committed 48256K, reserved 1114112K
  class space    used 6574K, committed 7360K, reserved 1048576K
}
Event: 5.162 GC heap before
{Heap before GC invocations=16 (full 0):
 garbage-first heap   total 147456K, used 100836K [0x0000000080000000, 0x0000000100000000)
  region size 1024K, 23 young (23552K), 1 survivors (1024K)
 Metaspace       used 48722K, committed 50240K, reserved 1114112K
  class space    used 6777K, committed 7552K, reserved 1048576K
}

